<?xml version="1.0" encoding="UTF-8"?>
<coverage generated="1778428081013" clover="3.2.0">
  <project timestamp="1778428081013" name="All files">
    <metrics statements="56" coveredstatements="55" conditionals="20" coveredconditionals="20" methods="24" coveredmethods="24" elements="100" coveredelements="99" complexity="0" loc="56" ncloc="56" packages="4" files="16" classes="16"/>
    <package name="src">
      <metrics statements="25" coveredstatements="24" conditionals="8" coveredconditionals="8" methods="10" coveredmethods="10"/>
      <file name="App.tsx" path="D:\karinavd-React2026Q2\src\App.tsx">
        <metrics statements="24" coveredstatements="24" conditionals="8" coveredconditionals="8" methods="10" coveredmethods="10"/>
        <line num="10" count="9" type="stmt"/>
        <line num="11" count="9" type="stmt"/>
        <line num="18" count="10" type="stmt"/>
        <line num="19" count="10" type="stmt"/>
        <line num="20" count="10" type="stmt"/>
        <line num="21" count="10" type="stmt"/>
        <line num="22" count="8" type="stmt"/>
        <line num="23" count="6" type="stmt"/>
        <line num="25" count="6" type="cond" truecount="2" falsecount="0"/>
        <line num="27" count="6" type="stmt"/>
        <line num="30" count="10" type="stmt"/>
        <line num="31" count="9" type="stmt"/>
        <line num="44" count="10" type="stmt"/>
        <line num="46" count="2" type="cond" truecount="2" falsecount="0"/>
        <line num="47" count="2" type="stmt"/>
        <line num="51" count="8" type="cond" truecount="2" falsecount="0"/>
        <line num="52" count="8" type="stmt"/>
        <line num="55" count="2" type="stmt"/>
        <line num="56" count="2" type="stmt"/>
        <line num="58" count="2" type="stmt"/>
        <line num="59" count="2" type="stmt"/>
        <line num="62" count="29" type="cond" truecount="2" falsecount="0"/>
        <line num="63" count="4" type="stmt"/>
        <line num="66" count="25" type="stmt"/>
      </file>
      <file name="fetchData.ts" path="D:\karinavd-React2026Q2\src\fetchData.ts">
        <metrics statements="0" coveredstatements="0" conditionals="0" coveredconditionals="0" methods="0" coveredmethods="0"/>
      </file>
      <file name="main.tsx" path="D:\karinavd-React2026Q2\src\main.tsx">
        <metrics statements="1" coveredstatements="0" conditionals="0" coveredconditionals="0" methods="0" coveredmethods="0"/>
        <line num="7" count="0" type="stmt"/>
      </file>
    </package>
    <package name="src.components">
      <metrics statements="29" coveredstatements="29" conditionals="12" coveredconditionals="12" methods="13" coveredmethods="13"/>
      <file name="Card.tsx" path="D:\karinavd-React2026Q2\src\components\Card.tsx">
        <metrics statements="2" coveredstatements="2" conditionals="0" coveredconditionals="0" methods="1" coveredmethods="1"/>
        <line num="6" count="8" type="stmt"/>
        <line num="7" count="8" type="stmt"/>
      </file>
      <file name="CardList.tsx" path="D:\karinavd-React2026Q2\src\components\CardList.tsx">
        <metrics statements="6" coveredstatements="6" conditionals="6" coveredconditionals="6" methods="2" coveredmethods="2"/>
        <line num="7" count="29" type="stmt"/>
        <line num="8" count="29" type="cond" truecount="2" falsecount="0"/>
        <line num="9" count="26" type="cond" truecount="2" falsecount="0"/>
        <line num="10" count="15" type="cond" truecount="2" falsecount="0"/>
        <line num="11" count="6" type="stmt"/>
        <line num="14" count="9" type="stmt"/>
      </file>
      <file name="ErrorBoundary.tsx" path="D:\karinavd-React2026Q2\src\components\ErrorBoundary.tsx">
        <metrics statements="8" coveredstatements="8" conditionals="2" coveredconditionals="2" methods="5" coveredmethods="5"/>
        <line num="7" count="7" type="stmt"/>
        <line num="8" count="7" type="stmt"/>
        <line num="12" count="8" type="stmt"/>
        <line num="16" count="4" type="stmt"/>
        <line num="20" count="14" type="cond" truecount="2" falsecount="0"/>
        <line num="21" count="8" type="stmt"/>
        <line num="26" count="1" type="stmt"/>
        <line num="33" count="6" type="stmt"/>
      </file>
      <file name="Search.tsx" path="D:\karinavd-React2026Q2\src\components\Search.tsx">
        <metrics statements="13" coveredstatements="13" conditionals="4" coveredconditionals="4" methods="5" coveredmethods="5"/>
        <line num="12" count="17" type="stmt"/>
        <line num="13" count="17" type="stmt"/>
        <line num="18" count="17" type="stmt"/>
        <line num="19" count="17" type="cond" truecount="2" falsecount="0"/>
        <line num="21" count="93" type="stmt"/>
        <line num="22" count="93" type="stmt"/>
        <line num="24" count="7" type="stmt"/>
        <line num="25" count="7" type="stmt"/>
        <line num="26" count="7" type="stmt"/>
        <line num="27" count="7" type="stmt"/>
        <line num="28" count="7" type="stmt"/>
        <line num="29" count="7" type="stmt"/>
        <line num="32" count="133" type="stmt"/>
      </file>
    </package>
    <package name="src.interfaces">
      <metrics statements="0" coveredstatements="0" conditionals="0" coveredconditionals="0" methods="0" coveredmethods="0"/>
      <file name="AppState.ts" path="D:\karinavd-React2026Q2\src\interfaces\AppState.ts">
        <metrics statements="0" coveredstatements="0" conditionals="0" coveredconditionals="0" methods="0" coveredmethods="0"/>
      </file>
      <file name="CardListProps.ts" path="D:\karinavd-React2026Q2\src\interfaces\CardListProps.ts">
        <metrics statements="0" coveredstatements="0" conditionals="0" coveredconditionals="0" methods="0" coveredmethods="0"/>
      </file>
      <file name="CardProps.ts" path="D:\karinavd-React2026Q2\src\interfaces\CardProps.ts">
        <metrics statements="0" coveredstatements="0" conditionals="0" coveredconditionals="0" methods="0" coveredmethods="0"/>
      </file>
      <file name="ItemProps.ts" path="D:\karinavd-React2026Q2\src\interfaces\ItemProps.ts">
        <metrics statements="0" coveredstatements="0" conditionals="0" coveredconditionals="0" methods="0" coveredmethods="0"/>
      </file>
      <file name="Props.ts" path="D:\karinavd-React2026Q2\src\interfaces\Props.ts">
        <metrics statements="0" coveredstatements="0" conditionals="0" coveredconditionals="0" methods="0" coveredmethods="0"/>
      </file>
      <file name="PropsSearch.ts" path="D:\karinavd-React2026Q2\src\interfaces\PropsSearch.ts">
        <metrics statements="0" coveredstatements="0" conditionals="0" coveredconditionals="0" methods="0" coveredmethods="0"/>
      </file>
      <file name="State.ts" path="D:\karinavd-React2026Q2\src\interfaces\State.ts">
        <metrics statements="0" coveredstatements="0" conditionals="0" coveredconditionals="0" methods="0" coveredmethods="0"/>
      </file>
      <file name="StateSearch.ts" path="D:\karinavd-React2026Q2\src\interfaces\StateSearch.ts">
        <metrics statements="0" coveredstatements="0" conditionals="0" coveredconditionals="0" methods="0" coveredmethods="0"/>
      </file>
    </package>
    <package name="src.tests">
      <metrics statements="2" coveredstatements="2" conditionals="0" coveredconditionals="0" methods="1" coveredmethods="1"/>
      <file name="setup.ts" path="D:\karinavd-React2026Q2\src\tests\setup.ts">
        <metrics statements="2" coveredstatements="2" conditionals="0" coveredconditionals="0" methods="1" coveredmethods="1"/>
        <line num="5" count="5" type="stmt"/>
        <line num="6" count="24" type="stmt"/>
      </file>
    </package>
  </project>
</coverage>
