{"D:\\karinavd-React2026Q2\\src\\App.tsx": {"path":"D:\\karinavd-React2026Q2\\src\\App.tsx","statementMap":{"0":{"start":{"line":7,"column":13},"end":{"line":9,"column":5}},"1":{"start":{"line":7,"column":19},"end":{"line":7,"column":null}},"2":{"start":{"line":7,"column":19},"end":{"line":11,"column":null}},"3":{"start":{"line":11,"column":33},"end":{"line":11,"column":null}},"4":{"start":{"line":11,"column":45},"end":{"line":11,"column":null}},"5":{"start":{"line":11,"column":45},"end":{"line":13,"column":null}},"6":{"start":{"line":11,"column":8},"end":{"line":13,"column":null}},"7":{"start":{"line":13,"column":16},"end":{"line":13,"column":null}},"8":{"start":{"line":13,"column":16},"end":{"line":14,"column":null}},"9":{"start":{"line":14,"column":8},"end":{"line":14,"column":null}},"10":{"start":{"line":14,"column":51},"end":{"line":14,"column":null}},"11":{"start":{"line":14,"column":51},"end":{"line":17,"column":null}},"12":{"start":{"line":9,"column":4},"end":{"line":17,"column":null}},"13":{"start":{"line":17,"column":20},"end":{"line":17,"column":null}},"14":{"start":{"line":17,"column":20},"end":{"line":9,"column":5}}},"fnMap":{"0":{"name":"(anonymous_0)","decl":{"start":{"line":7,"column":13},"end":{"line":7,"column":19}},"loc":{"start":{"line":7,"column":19},"end":{"line":9,"column":5}},"line":7}},"branchMap":{"0":{"loc":{"start":{"line":7,"column":19},"end":{"line":11,"column":null}},"type":"if","locations":[{"start":{"line":7,"column":19},"end":{"line":11,"column":null}},{"start":{"line":11,"column":45},"end":{"line":11,"column":null}}],"line":7},"1":{"loc":{"start":{"line":11,"column":45},"end":{"line":13,"column":null}},"type":"if","locations":[{"start":{"line":11,"column":45},"end":{"line":13,"column":null}},{"start":{"line":13,"column":16},"end":{"line":13,"column":null}}],"line":11},"2":{"loc":{"start":{"line":13,"column":16},"end":{"line":14,"column":null}},"type":"if","locations":[{"start":{"line":13,"column":16},"end":{"line":14,"column":null}},{"start":{"line":14,"column":51},"end":{"line":14,"column":null}}],"line":13},"3":{"loc":{"start":{"line":14,"column":51},"end":{"line":17,"column":null}},"type":"if","locations":[{"start":{"line":14,"column":51},"end":{"line":17,"column":null}},{"start":{"line":17,"column":20},"end":{"line":17,"column":null}}],"line":14}},"s":{"0":1,"1":8,"2":8,"3":8,"4":0,"5":8,"6":8,"7":0,"8":8,"9":8,"10":0,"11":8,"12":8,"13":0,"14":8},"f":{"0":8},"b":{"0":[8,0],"1":[8,0],"2":[8,0],"3":[8,0]},"meta":{"lastBranch":4,"lastFunction":1,"lastStatement":15,"seen":{"s:7:13:9:5":0,"f:7:13:7:19":0,"s:7:19:7:Infinity":1,"b:7:19:11:Infinity:11:45:11:Infinity":0,"s:7:19:11:Infinity":2,"s:11:33:11:Infinity":3,"s:11:45:11:Infinity":4,"b:11:45:13:Infinity:13:16:13:Infinity":1,"s:11:45:13:Infinity":5,"s:11:8:13:Infinity":6,"s:13:16:13:Infinity":7,"b:13:16:14:Infinity:14:51:14:Infinity":2,"s:13:16:14:Infinity":8,"s:14:8:14:Infinity":9,"s:14:51:14:Infinity":10,"b:14:51:17:Infinity:17:20:17:Infinity":3,"s:14:51:17:Infinity":11,"s:9:4:17:Infinity":12,"s:17:20:17:Infinity":13,"s:17:20:9:5":14}}}
,"D:\\karinavd-React2026Q2\\src\\OutSideClick.tsx": {"path":"D:\\karinavd-React2026Q2\\src\\OutSideClick.tsx","statementMap":{"0":{"start":{"line":3,"column":15},"end":{"line":3,"column":null}},"1":{"start":{"line":6,"column":2},"end":{"line":6,"column":60}},"2":{"start":{"line":6,"column":61},"end":{"line":22,"column":11}},"3":{"start":{"line":7,"column":12},"end":{"line":20,"column":null}},"4":{"start":{"line":8,"column":4},"end":{"line":13,"column":null}},"5":{"start":{"line":9,"column":6},"end":{"line":13,"column":null}},"6":{"start":{"line":10,"column":8},"end":{"line":13,"column":null}},"7":{"start":{"line":11,"column":10},"end":{"line":11,"column":null}},"8":{"start":{"line":13,"column":10},"end":{"line":13,"column":null}},"9":{"start":{"line":18,"column":4},"end":{"line":18,"column":null}},"10":{"start":{"line":18,"column":62},"end":{"line":20,"column":null}},"11":{"start":{"line":20,"column":6},"end":{"line":20,"column":null}},"12":{"start":{"line":22,"column":5},"end":{"line":22,"column":11}},"13":{"start":{"line":22,"column":10},"end":{"line":22,"column":11}},"14":{"start":{"line":7,"column":2},"end":{"line":22,"column":null}},"15":{"start":{"line":22,"column":11},"end":{"line":23,"column":null}}},"fnMap":{"0":{"name":"useOutsideClick","decl":{"start":{"line":3,"column":15},"end":{"line":3,"column":null}},"loc":{"start":{"line":3,"column":15},"end":{"line":23,"column":null}},"line":3},"1":{"name":"(anonymous_1)","decl":{"start":{"line":7,"column":12},"end":{"line":7,"column":null}},"loc":{"start":{"line":7,"column":12},"end":{"line":20,"column":null}},"line":7},"2":{"name":"handleClickOutside","decl":{"start":{"line":8,"column":4},"end":{"line":8,"column":null}},"loc":{"start":{"line":8,"column":4},"end":{"line":13,"column":null}},"line":8},"3":{"name":"(anonymous_3)","decl":{"start":{"line":18,"column":62},"end":{"line":18,"column":null}},"loc":{"start":{"line":19,"column":11},"end":{"line":20,"column":null}},"line":19}},"branchMap":{"0":{"loc":{"start":{"line":6,"column":61},"end":{"line":22,"column":11}},"type":"if","locations":[{"start":{"line":6,"column":61},"end":{"line":22,"column":11}},{"start":{"line":22,"column":10},"end":{"line":22,"column":11}}],"line":6},"1":{"loc":{"start":{"line":9,"column":6},"end":{"line":13,"column":null}},"type":"if","locations":[{"start":{"line":9,"column":6},"end":{"line":13,"column":null}},{"start":{},"end":{}}],"line":9},"2":{"loc":{"start":{"line":10,"column":8},"end":{"line":13,"column":null}},"type":"if","locations":[{"start":{"line":10,"column":8},"end":{"line":13,"column":null}},{"start":{"line":11,"column":28},"end":{"line":13,"column":null}}],"line":10},"3":{"loc":{"start":{"line":10,"column":12},"end":{"line":10,"column":62}},"type":"binary-expr","locations":[{"start":{"line":10,"column":12},"end":{"line":10,"column":28}},{"start":{"line":10,"column":12},"end":{"line":10,"column":62}}],"line":10}},"s":{"0":9,"1":9,"2":9,"3":4,"4":4,"5":1,"6":1,"7":0,"8":1,"9":4,"10":4,"11":4,"12":4,"13":5,"14":9,"15":9},"f":{"0":9,"1":4,"2":1,"3":4},"b":{"0":[4,5],"1":[1,0],"2":[0,1],"3":[1,1]},"meta":{"lastBranch":4,"lastFunction":4,"lastStatement":16,"seen":{"f:3:15:3:Infinity":0,"s:3:15:3:Infinity":0,"s:6:2:6:60":1,"b:6:61:22:11:22:10:22:11":0,"s:6:61:22:11":2,"s:7:12:20:Infinity":3,"f:7:12:7:Infinity":1,"s:8:4:13:Infinity":4,"f:8:4:8:Infinity":2,"b:9:6:13:Infinity:undefined:undefined:undefined:undefined":1,"s:9:6:13:Infinity":5,"b:10:8:13:Infinity:11:28:13:Infinity":2,"s:10:8:13:Infinity":6,"b:10:12:10:28:10:12:10:62":3,"s:11:10:11:Infinity":7,"s:13:10:13:Infinity":8,"s:18:4:18:Infinity":9,"s:18:62:20:Infinity":10,"f:18:62:18:Infinity":3,"s:20:6:20:Infinity":11,"s:22:5:22:11":12,"s:22:10:22:11":13,"s:7:2:22:Infinity":14,"s:22:11:23:Infinity":15}}}
,"D:\\karinavd-React2026Q2\\src\\ThemeContext.ts": {"path":"D:\\karinavd-React2026Q2\\src\\ThemeContext.ts","statementMap":{"0":{"start":{"line":4,"column":13},"end":{"line":7,"column":2}}},"fnMap":{"0":{"name":"(anonymous_0)","decl":{"start":{"line":6,"column":2},"end":{"line":6,"column":21}},"loc":{"start":{"line":6,"column":21},"end":{"line":6,"column":null}},"line":6}},"branchMap":{},"s":{"0":2},"f":{"0":0},"b":{},"meta":{"lastBranch":0,"lastFunction":1,"lastStatement":1,"seen":{"s:4:13:7:2":0,"f:6:2:6:21":0}}}
,"D:\\karinavd-React2026Q2\\src\\fetchData.ts": {"path":"D:\\karinavd-React2026Q2\\src\\fetchData.ts","statementMap":{"0":{"start":{"line":3,"column":35},"end":{"line":26,"column":null}},"1":{"start":{"line":6,"column":2},"end":{"line":6,"column":null}},"2":{"start":{"line":6,"column":33},"end":{"line":6,"column":57}},"3":{"start":{"line":7,"column":14},"end":{"line":9,"column":3}},"4":{"start":{"line":8,"column":4},"end":{"line":8,"column":null}},"5":{"start":{"line":10,"column":29},"end":{"line":14,"column":null}},"6":{"start":{"line":12,"column":8},"end":{"line":12,"column":null}},"7":{"start":{"line":15,"column":2},"end":{"line":26,"column":null}},"8":{"start":{"line":15,"column":59},"end":{"line":26,"column":5}}},"fnMap":{"0":{"name":"(anonymous_0)","decl":{"start":{"line":3,"column":35},"end":{"line":3,"column":null}},"loc":{"start":{"line":5,"column":27},"end":{"line":26,"column":null}},"line":5},"1":{"name":"(anonymous_1)","decl":{"start":{"line":6,"column":12},"end":{"line":6,"column":21}},"loc":{"start":{"line":6,"column":33},"end":{"line":6,"column":57}},"line":6},"2":{"name":"(anonymous_2)","decl":{"start":{"line":7,"column":59},"end":{"line":7,"column":65}},"loc":{"start":{"line":8,"column":4},"end":{"line":8,"column":null}},"line":8},"3":{"name":"(anonymous_3)","decl":{"start":{"line":11,"column":10},"end":{"line":11,"column":18}},"loc":{"start":{"line":12,"column":8},"end":{"line":12,"column":null}},"line":12},"4":{"name":"(anonymous_4)","decl":{"start":{"line":15,"column":28},"end":{"line":15,"column":33}},"loc":{"start":{"line":15,"column":59},"end":{"line":26,"column":5}},"line":15}},"branchMap":{"0":{"loc":{"start":{"line":10,"column":29},"end":{"line":14,"column":null}},"type":"cond-expr","locations":[{"start":{"line":11,"column":6},"end":{"line":13,"column":7}},{"start":{"line":14,"column":6},"end":{"line":14,"column":null}}],"line":10}},"s":{"0":0,"1":0,"2":0,"3":0,"4":0,"5":0,"6":0,"7":0,"8":0},"f":{"0":0,"1":0,"2":0,"3":0,"4":0},"b":{"0":[0,0]},"meta":{"lastBranch":1,"lastFunction":5,"lastStatement":9,"seen":{"s:3:35:26:Infinity":0,"f:3:35:3:Infinity":0,"s:6:2:6:Infinity":1,"f:6:12:6:21":1,"s:6:33:6:57":2,"s:7:14:9:3":3,"f:7:59:7:65":2,"s:8:4:8:Infinity":4,"s:10:29:14:Infinity":5,"b:11:6:13:7:14:6:14:Infinity":0,"f:11:10:11:18":3,"s:12:8:12:Infinity":6,"s:15:2:26:Infinity":7,"f:15:28:15:33":4,"s:15:59:26:5":8}}}
,"D:\\karinavd-React2026Q2\\src\\useItemStore.tsx": {"path":"D:\\karinavd-React2026Q2\\src\\useItemStore.tsx","statementMap":{"0":{"start":{"line":4,"column":6},"end":{"line":18,"column":null}},"1":{"start":{"line":5,"column":2},"end":{"line":17,"column":null}},"2":{"start":{"line":8,"column":6},"end":{"line":15,"column":null}},"3":{"start":{"line":9,"column":27},"end":{"line":9,"column":76}},"4":{"start":{"line":9,"column":59},"end":{"line":9,"column":76}},"5":{"start":{"line":10,"column":8},"end":{"line":14,"column":null}},"6":{"start":{"line":12,"column":48},"end":{"line":12,"column":65}},"7":{"start":{"line":16,"column":24},"end":{"line":16,"column":null}},"8":{"start":{"line":16,"column":35},"end":{"line":16,"column":56}}},"fnMap":{"0":{"name":"(anonymous_0)","decl":{"start":{"line":4,"column":21},"end":{"line":4,"column":40}},"loc":{"start":{"line":4,"column":48},"end":{"line":18,"column":null}},"line":4},"1":{"name":"(anonymous_1)","decl":{"start":{"line":7,"column":4},"end":{"line":7,"column":17}},"loc":{"start":{"line":8,"column":6},"end":{"line":15,"column":null}},"line":8},"2":{"name":"(anonymous_2)","decl":{"start":{"line":8,"column":6},"end":{"line":8,"column":11}},"loc":{"start":{"line":8,"column":21},"end":{"line":15,"column":null}},"line":8},"3":{"name":"(anonymous_3)","decl":{"start":{"line":9,"column":47},"end":{"line":9,"column":53}},"loc":{"start":{"line":9,"column":59},"end":{"line":9,"column":76}},"line":9},"4":{"name":"(anonymous_4)","decl":{"start":{"line":12,"column":34},"end":{"line":12,"column":42}},"loc":{"start":{"line":12,"column":48},"end":{"line":12,"column":65}},"line":12},"5":{"name":"(anonymous_5)","decl":{"start":{"line":16,"column":4},"end":{"line":16,"column":24}},"loc":{"start":{"line":16,"column":24},"end":{"line":16,"column":null}},"line":16},"6":{"name":"(anonymous_6)","decl":{"start":{"line":16,"column":24},"end":{"line":16,"column":35}},"loc":{"start":{"line":16,"column":35},"end":{"line":16,"column":56}},"line":16}},"branchMap":{"0":{"loc":{"start":{"line":11,"column":25},"end":{"line":13,"column":43}},"type":"cond-expr","locations":[{"start":{"line":12,"column":14},"end":{"line":12,"column":65}},{"start":{"line":13,"column":14},"end":{"line":13,"column":43}}],"line":11}},"s":{"0":3,"1":3,"2":0,"3":0,"4":0,"5":0,"6":0,"7":0,"8":0},"f":{"0":3,"1":0,"2":0,"3":0,"4":0,"5":0,"6":0},"b":{"0":[0,0]},"meta":{"lastBranch":1,"lastFunction":7,"lastStatement":9,"seen":{"s:4:6:18:Infinity":0,"f:4:21:4:40":0,"s:5:2:17:Infinity":1,"f:7:4:7:17":1,"s:8:6:15:Infinity":2,"f:8:6:8:11":2,"s:9:27:9:76":3,"f:9:47:9:53":3,"s:9:59:9:76":4,"s:10:8:14:Infinity":5,"b:12:14:12:65:13:14:13:43":0,"f:12:34:12:42":4,"s:12:48:12:65":6,"f:16:4:16:24":5,"s:16:24:16:Infinity":7,"f:16:24:16:35":6,"s:16:35:16:56":8}}}
,"D:\\karinavd-React2026Q2\\src\\useLocalStorage.ts": {"path":"D:\\karinavd-React2026Q2\\src\\useLocalStorage.ts","statementMap":{"0":{"start":{"line":3,"column":13},"end":{"line":48,"column":null}},"1":{"start":{"line":7,"column":22},"end":{"line":15,"column":null}},"2":{"start":{"line":8,"column":4},"end":{"line":13,"column":null}},"3":{"start":{"line":9,"column":20},"end":{"line":9,"column":52}},"4":{"start":{"line":10,"column":6},"end":{"line":10,"column":null}},"5":{"start":{"line":12,"column":6},"end":{"line":12,"column":null}},"6":{"start":{"line":13,"column":6},"end":{"line":13,"column":null}},"7":{"start":{"line":17,"column":8},"end":{"line":29,"column":null}},"8":{"start":{"line":18,"column":4},"end":{"line":29,"column":null}},"9":{"start":{"line":19,"column":6},"end":{"line":19,"column":null}},"10":{"start":{"line":20,"column":6},"end":{"line":20,"column":null}},"11":{"start":{"line":21,"column":6},"end":{"line":27,"column":null}},"12":{"start":{"line":29,"column":6},"end":{"line":29,"column":null}},"13":{"start":{"line":33,"column":2},"end":{"line":46,"column":null}},"14":{"start":{"line":34,"column":10},"end":{"line":39,"column":null}},"15":{"start":{"line":35,"column":6},"end":{"line":39,"column":null}},"16":{"start":{"line":36,"column":8},"end":{"line":39,"column":null}},"17":{"start":{"line":37,"column":10},"end":{"line":37,"column":null}},"18":{"start":{"line":39,"column":10},"end":{"line":39,"column":null}},"19":{"start":{"line":44,"column":4},"end":{"line":44,"column":null}},"20":{"start":{"line":45,"column":4},"end":{"line":45,"column":null}},"21":{"start":{"line":45,"column":17},"end":{"line":45,"column":75}},"22":{"start":{"line":48,"column":2},"end":{"line":48,"column":null}}},"fnMap":{"0":{"name":"(anonymous_0)","decl":{"start":{"line":3,"column":13},"end":{"line":3,"column":null}},"loc":{"start":{"line":6,"column":33},"end":{"line":48,"column":null}},"line":6},"1":{"name":"(anonymous_1)","decl":{"start":{"line":7,"column":40},"end":{"line":7,"column":58}},"loc":{"start":{"line":7,"column":58},"end":{"line":15,"column":null}},"line":7},"2":{"name":"(anonymous_2)","decl":{"start":{"line":17,"column":8},"end":{"line":17,"column":20}},"loc":{"start":{"line":17,"column":36},"end":{"line":29,"column":null}},"line":17},"3":{"name":"(anonymous_3)","decl":{"start":{"line":33,"column":2},"end":{"line":33,"column":18}},"loc":{"start":{"line":33,"column":18},"end":{"line":46,"column":6}},"line":33},"4":{"name":"(anonymous_4)","decl":{"start":{"line":34,"column":10},"end":{"line":34,"column":33}},"loc":{"start":{"line":34,"column":53},"end":{"line":39,"column":null}},"line":34},"5":{"name":"(anonymous_5)","decl":{"start":{"line":45,"column":4},"end":{"line":45,"column":17}},"loc":{"start":{"line":45,"column":17},"end":{"line":45,"column":75}},"line":45}},"branchMap":{"0":{"loc":{"start":{"line":10,"column":13},"end":{"line":10,"column":null}},"type":"cond-expr","locations":[{"start":{"line":10,"column":21},"end":{"line":10,"column":38}},{"start":{"line":10,"column":41},"end":{"line":10,"column":null}}],"line":10},"1":{"loc":{"start":{"line":35,"column":6},"end":{"line":39,"column":null}},"type":"if","locations":[{"start":{"line":35,"column":6},"end":{"line":39,"column":null}},{"start":{},"end":{}}],"line":35},"2":{"loc":{"start":{"line":35,"column":10},"end":{"line":35,"column":39}},"type":"binary-expr","locations":[{"start":{"line":35,"column":10},"end":{"line":35,"column":27}},{"start":{"line":35,"column":27},"end":{"line":35,"column":39}}],"line":35}},"s":{"0":3,"1":59,"2":27,"3":27,"4":27,"5":0,"6":0,"7":59,"8":6,"9":6,"10":6,"11":6,"12":0,"13":59,"14":27,"15":7,"16":7,"17":7,"18":0,"19":27,"20":27,"21":27,"22":59},"f":{"0":59,"1":27,"2":6,"3":27,"4":7,"5":27},"b":{"0":[3,24],"1":[7,0],"2":[7,7]},"meta":{"lastBranch":3,"lastFunction":6,"lastStatement":23,"seen":{"s:3:13:48:Infinity":0,"f:3:13:3:Infinity":0,"s:7:22:15:Infinity":1,"f:7:40:7:58":1,"s:8:4:13:Infinity":2,"s:9:20:9:52":3,"s:10:6:10:Infinity":4,"b:10:21:10:38:10:41:10:Infinity":0,"s:12:6:12:Infinity":5,"s:13:6:13:Infinity":6,"s:17:8:29:Infinity":7,"f:17:8:17:20":2,"s:18:4:29:Infinity":8,"s:19:6:19:Infinity":9,"s:20:6:20:Infinity":10,"s:21:6:27:Infinity":11,"s:29:6:29:Infinity":12,"s:33:2:46:Infinity":13,"f:33:2:33:18":3,"s:34:10:39:Infinity":14,"f:34:10:34:33":4,"b:35:6:39:Infinity:undefined:undefined:undefined:undefined":1,"s:35:6:39:Infinity":15,"b:35:10:35:27:35:27:35:39":2,"s:36:8:39:Infinity":16,"s:37:10:37:Infinity":17,"s:39:10:39:Infinity":18,"s:44:4:44:Infinity":19,"s:45:4:45:Infinity":20,"f:45:4:45:17":5,"s:45:17:45:75":21,"s:48:2:48:Infinity":22}}}
,"D:\\karinavd-React2026Q2\\src\\components\\About.tsx": {"path":"D:\\karinavd-React2026Q2\\src\\components\\About.tsx","statementMap":{"0":{"start":{"line":3,"column":6},"end":{"line":5,"column":null}},"1":{"start":{"line":3,"column":14},"end":{"line":3,"column":null}},"2":{"start":{"line":3,"column":14},"end":{"line":7,"column":null}},"3":{"start":{"line":7,"column":8},"end":{"line":7,"column":null}},"4":{"start":{"line":7,"column":16},"end":{"line":7,"column":null}},"5":{"start":{"line":7,"column":16},"end":{"line":9,"column":null}},"6":{"start":{"line":9,"column":10},"end":{"line":9,"column":null}},"7":{"start":{"line":9,"column":76},"end":{"line":9,"column":null}},"8":{"start":{"line":9,"column":76},"end":{"line":13,"column":null}},"9":{"start":{"line":11,"column":12},"end":{"line":12,"column":null}},"10":{"start":{"line":13,"column":16},"end":{"line":13,"column":null}},"11":{"start":{"line":13,"column":16},"end":{"line":15,"column":29}},"12":{"start":{"line":15,"column":14},"end":{"line":15,"column":29}},"13":{"start":{"line":15,"column":28},"end":{"line":15,"column":29}},"14":{"start":{"line":15,"column":28},"end":{"line":23,"column":null}},"15":{"start":{"line":14,"column":12},"end":{"line":23,"column":16}},"16":{"start":{"line":23,"column":16},"end":{"line":23,"column":null}},"17":{"start":{"line":23,"column":16},"end":{"line":37,"column":null}},"18":{"start":{"line":5,"column":4},"end":{"line":37,"column":null}},"19":{"start":{"line":37,"column":10},"end":{"line":37,"column":null}},"20":{"start":{"line":37,"column":10},"end":{"line":5,"column":null}}},"fnMap":{"0":{"name":"(anonymous_0)","decl":{"start":{"line":3,"column":6},"end":{"line":3,"column":14}},"loc":{"start":{"line":3,"column":14},"end":{"line":5,"column":null}},"line":3}},"branchMap":{"0":{"loc":{"start":{"line":3,"column":14},"end":{"line":7,"column":null}},"type":"if","locations":[{"start":{"line":3,"column":14},"end":{"line":7,"column":null}},{"start":{"line":7,"column":16},"end":{"line":7,"column":null}}],"line":3},"1":{"loc":{"start":{"line":7,"column":16},"end":{"line":9,"column":null}},"type":"if","locations":[{"start":{"line":7,"column":16},"end":{"line":9,"column":null}},{"start":{"line":9,"column":76},"end":{"line":9,"column":null}}],"line":7},"2":{"loc":{"start":{"line":9,"column":76},"end":{"line":13,"column":null}},"type":"if","locations":[{"start":{"line":9,"column":76},"end":{"line":13,"column":null}},{"start":{"line":13,"column":16},"end":{"line":13,"column":null}}],"line":9},"3":{"loc":{"start":{"line":13,"column":16},"end":{"line":15,"column":29}},"type":"if","locations":[{"start":{"line":13,"column":16},"end":{"line":15,"column":29}},{"start":{"line":15,"column":28},"end":{"line":15,"column":29}}],"line":13},"4":{"loc":{"start":{"line":15,"column":28},"end":{"line":23,"column":null}},"type":"if","locations":[{"start":{"line":15,"column":28},"end":{"line":23,"column":null}},{"start":{"line":23,"column":16},"end":{"line":23,"column":null}}],"line":15},"5":{"loc":{"start":{"line":23,"column":16},"end":{"line":37,"column":null}},"type":"if","locations":[{"start":{"line":23,"column":16},"end":{"line":37,"column":null}},{"start":{"line":37,"column":10},"end":{"line":37,"column":null}}],"line":23}},"s":{"0":2,"1":1,"2":1,"3":1,"4":0,"5":1,"6":1,"7":0,"8":1,"9":1,"10":0,"11":1,"12":1,"13":0,"14":1,"15":1,"16":0,"17":1,"18":1,"19":0,"20":1},"f":{"0":1},"b":{"0":[1,0],"1":[1,0],"2":[1,0],"3":[1,0],"4":[1,0],"5":[1,0]},"meta":{"lastBranch":6,"lastFunction":1,"lastStatement":21,"seen":{"s:3:6:5:Infinity":0,"f:3:6:3:14":0,"s:3:14:3:Infinity":1,"b:3:14:7:Infinity:7:16:7:Infinity":0,"s:3:14:7:Infinity":2,"s:7:8:7:Infinity":3,"s:7:16:7:Infinity":4,"b:7:16:9:Infinity:9:76:9:Infinity":1,"s:7:16:9:Infinity":5,"s:9:10:9:Infinity":6,"s:9:76:9:Infinity":7,"b:9:76:13:Infinity:13:16:13:Infinity":2,"s:9:76:13:Infinity":8,"s:11:12:12:Infinity":9,"s:13:16:13:Infinity":10,"b:13:16:15:29:15:28:15:29":3,"s:13:16:15:29":11,"s:15:14:15:29":12,"s:15:28:15:29":13,"b:15:28:23:Infinity:23:16:23:Infinity":4,"s:15:28:23:Infinity":14,"s:14:12:23:16":15,"s:23:16:23:Infinity":16,"b:23:16:37:Infinity:37:10:37:Infinity":5,"s:23:16:37:Infinity":17,"s:5:4:37:Infinity":18,"s:37:10:37:Infinity":19,"s:37:10:5:Infinity":20}}}
,"D:\\karinavd-React2026Q2\\src\\components\\Back.tsx": {"path":"D:\\karinavd-React2026Q2\\src\\components\\Back.tsx","statementMap":{"0":{"start":{"line":3,"column":6},"end":{"line":4,"column":3}},"1":{"start":{"line":3,"column":13},"end":{"line":3,"column":null}},"2":{"start":{"line":3,"column":13},"end":{"line":6,"column":null}},"3":{"start":{"line":4,"column":2},"end":{"line":6,"column":null}},"4":{"start":{"line":6,"column":9},"end":{"line":6,"column":null}},"5":{"start":{"line":6,"column":9},"end":{"line":4,"column":3}}},"fnMap":{"0":{"name":"(anonymous_0)","decl":{"start":{"line":3,"column":6},"end":{"line":3,"column":13}},"loc":{"start":{"line":3,"column":13},"end":{"line":4,"column":3}},"line":3}},"branchMap":{"0":{"loc":{"start":{"line":3,"column":13},"end":{"line":6,"column":null}},"type":"if","locations":[{"start":{"line":3,"column":13},"end":{"line":6,"column":null}},{"start":{"line":6,"column":9},"end":{"line":6,"column":null}}],"line":3}},"s":{"0":4,"1":3,"2":3,"3":3,"4":0,"5":3},"f":{"0":3},"b":{"0":[3,0]},"meta":{"lastBranch":1,"lastFunction":1,"lastStatement":6,"seen":{"s:3:6:4:3":0,"f:3:6:3:13":0,"s:3:13:3:Infinity":1,"b:3:13:6:Infinity:6:9:6:Infinity":0,"s:3:13:6:Infinity":2,"s:4:2:6:Infinity":3,"s:6:9:6:Infinity":4,"s:6:9:4:3":5}}}
,"D:\\karinavd-React2026Q2\\src\\components\\Card.tsx": {"path":"D:\\karinavd-React2026Q2\\src\\components\\Card.tsx","statementMap":{"0":{"start":{"line":5,"column":13},"end":{"line":16,"column":null}},"1":{"start":{"line":5,"column":20},"end":{"line":5,"column":21}},"2":{"start":{"line":5,"column":21},"end":{"line":5,"column":29}},"3":{"start":{"line":5,"column":29},"end":{"line":5,"column":null}},"4":{"start":{"line":6,"column":2},"end":{"line":6,"column":32}},"5":{"start":{"line":7,"column":2},"end":{"line":7,"column":42}},"6":{"start":{"line":8,"column":2},"end":{"line":8,"column":54}},"7":{"start":{"line":8,"column":55},"end":{"line":9,"column":64}},"8":{"start":{"line":8,"column":55},"end":{"line":9,"column":63}},"9":{"start":{"line":9,"column":39},"end":{"line":9,"column":62}},"10":{"start":{"line":9,"column":46},"end":{"line":9,"column":62}},"11":{"start":{"line":9,"column":62},"end":{"line":9,"column":63}},"12":{"start":{"line":9,"column":20},"end":{"line":9,"column":64}},"13":{"start":{"line":9,"column":63},"end":{"line":9,"column":64}},"14":{"start":{"line":9,"column":20},"end":{"line":9,"column":33}},"15":{"start":{"line":9,"column":64},"end":{"line":14,"column":null}},"16":{"start":{"line":10,"column":22},"end":{"line":12,"column":null}},"17":{"start":{"line":11,"column":4},"end":{"line":12,"column":null}},"18":{"start":{"line":12,"column":6},"end":{"line":12,"column":null}},"19":{"start":{"line":14,"column":3},"end":{"line":14,"column":null}},"20":{"start":{"line":10,"column":22},"end":{"line":10,"column":null}},"21":{"start":{"line":17,"column":17},"end":{"line":17,"column":120}},"22":{"start":{"line":17,"column":120},"end":{"line":21,"column":null}},"23":{"start":{"line":21,"column":8},"end":{"line":21,"column":null}},"24":{"start":{"line":21,"column":57},"end":{"line":21,"column":null}},"25":{"start":{"line":21,"column":57},"end":{"line":30,"column":null}},"26":{"start":{"line":22,"column":9},"end":{"line":30,"column":null}},"27":{"start":{"line":27,"column":28},"end":{"line":27,"column":43}},"28":{"start":{"line":30,"column":9},"end":{"line":30,"column":null}},"29":{"start":{"line":30,"column":9},"end":{"line":31,"column":null}},"30":{"start":{"line":20,"column":6},"end":{"line":22,"column":10}},"31":{"start":{"line":31,"column":12},"end":{"line":31,"column":null}},"32":{"start":{"line":31,"column":12},"end":{"line":32,"column":null}},"33":{"start":{"line":32,"column":6},"end":{"line":32,"column":null}},"34":{"start":{"line":32,"column":34},"end":{"line":32,"column":null}},"35":{"start":{"line":32,"column":34},"end":{"line":33,"column":null}},"36":{"start":{"line":33,"column":6},"end":{"line":33,"column":null}},"37":{"start":{"line":33,"column":42},"end":{"line":33,"column":null}},"38":{"start":{"line":33,"column":42},"end":{"line":42,"column":null}},"39":{"start":{"line":34,"column":7},"end":{"line":42,"column":null}},"40":{"start":{"line":42,"column":7},"end":{"line":42,"column":null}},"41":{"start":{"line":42,"column":7},"end":{"line":43,"column":null}},"42":{"start":{"line":16,"column":4},"end":{"line":34,"column":null}},"43":{"start":{"line":43,"column":10},"end":{"line":43,"column":null}},"44":{"start":{"line":43,"column":10},"end":{"line":16,"column":null}},"45":{"start":{"line":5,"column":20},"end":{"line":26,"column":null}}},"fnMap":{"0":{"name":"(anonymous_0)","decl":{"start":{"line":5,"column":13},"end":{"line":5,"column":20}},"loc":{"start":{"line":5,"column":20},"end":{"line":16,"column":null}},"line":5},"1":{"name":"(anonymous_1)","decl":{"start":{"line":9,"column":39},"end":{"line":9,"column":46}},"loc":{"start":{"line":9,"column":46},"end":{"line":9,"column":62}},"line":9},"2":{"name":"(anonymous_2)","decl":{"start":{"line":10,"column":22},"end":{"line":10,"column":null}},"loc":{"start":{"line":10,"column":22},"end":{"line":12,"column":null}},"line":10},"3":{"name":"(anonymous_3)","decl":{"start":{"line":27,"column":22},"end":{"line":27,"column":28}},"loc":{"start":{"line":27,"column":28},"end":{"line":27,"column":43}},"line":27},"4":{"name":"_temp","decl":{"start":{"line":5,"column":20},"end":{"line":5,"column":21}},"loc":{"start":{"line":5,"column":20},"end":{"line":26,"column":null}},"line":5}},"branchMap":{"0":{"loc":{"start":{"line":5,"column":29},"end":{"line":5,"column":null}},"type":"cond-expr","locations":[{"start":{"line":5,"column":29},"end":{"line":5,"column":null}},{"start":{"line":5,"column":29},"end":{"line":5,"column":null}}],"line":5},"1":{"loc":{"start":{"line":8,"column":55},"end":{"line":9,"column":64}},"type":"if","locations":[{"start":{"line":8,"column":55},"end":{"line":9,"column":64}},{"start":{"line":9,"column":63},"end":{"line":9,"column":64}}],"line":8},"2":{"loc":{"start":{"line":8,"column":55},"end":{"line":8,"column":null}},"type":"binary-expr","locations":[{"start":{"line":8,"column":55},"end":{"line":8,"column":null}},{"start":{"line":8,"column":55},"end":{"line":8,"column":null}}],"line":8},"3":{"loc":{"start":{"line":8,"column":55},"end":{"line":9,"column":63}},"type":"if","locations":[{"start":{"line":8,"column":55},"end":{"line":9,"column":63}},{"start":{"line":9,"column":62},"end":{"line":9,"column":63}}],"line":8},"4":{"loc":{"start":{"line":9,"column":64},"end":{"line":14,"column":null}},"type":"if","locations":[{"start":{"line":9,"column":64},"end":{"line":14,"column":null}},{"start":{"line":14,"column":3},"end":{"line":14,"column":null}}],"line":9},"5":{"loc":{"start":{"line":9,"column":64},"end":{"line":9,"column":null}},"type":"binary-expr","locations":[{"start":{"line":9,"column":64},"end":{"line":9,"column":null}},{"start":{"line":9,"column":64},"end":{"line":9,"column":null}},{"start":{"line":9,"column":64},"end":{"line":9,"column":null}},{"start":{"line":9,"column":64},"end":{"line":9,"column":null}}],"line":9},"6":{"loc":{"start":{"line":11,"column":4},"end":{"line":12,"column":null}},"type":"if","locations":[{"start":{"line":11,"column":4},"end":{"line":12,"column":null}},{"start":{},"end":{}}],"line":11},"7":{"loc":{"start":{"line":17,"column":51},"end":{"line":17,"column":52}},"type":"cond-expr","locations":[{"start":{"line":17,"column":51},"end":{"line":17,"column":52}},{"start":{"line":17,"column":51},"end":{"line":17,"column":52}}],"line":17},"8":{"loc":{"start":{"line":17,"column":120},"end":{"line":21,"column":null}},"type":"if","locations":[{"start":{"line":17,"column":120},"end":{"line":21,"column":null}},{"start":{"line":21,"column":57},"end":{"line":21,"column":null}}],"line":17},"9":{"loc":{"start":{"line":21,"column":57},"end":{"line":30,"column":null}},"type":"if","locations":[{"start":{"line":21,"column":57},"end":{"line":30,"column":null}},{"start":{"line":30,"column":9},"end":{"line":30,"column":null}}],"line":21},"10":{"loc":{"start":{"line":21,"column":57},"end":{"line":21,"column":null}},"type":"binary-expr","locations":[{"start":{"line":21,"column":57},"end":{"line":21,"column":null}},{"start":{"line":21,"column":57},"end":{"line":21,"column":null}},{"start":{"line":21,"column":57},"end":{"line":21,"column":null}},{"start":{"line":21,"column":57},"end":{"line":21,"column":null}}],"line":21},"11":{"loc":{"start":{"line":22,"column":9},"end":{"line":30,"column":null}},"type":"binary-expr","locations":[{"start":{"line":22,"column":9},"end":{"line":22,"column":null}},{"start":{"line":23,"column":10},"end":{"line":30,"column":null}}],"line":22},"12":{"loc":{"start":{"line":30,"column":9},"end":{"line":31,"column":null}},"type":"if","locations":[{"start":{"line":30,"column":9},"end":{"line":31,"column":null}},{"start":{"line":31,"column":12},"end":{"line":31,"column":null}}],"line":30},"13":{"loc":{"start":{"line":30,"column":9},"end":{"line":30,"column":null}},"type":"binary-expr","locations":[{"start":{"line":30,"column":9},"end":{"line":30,"column":null}},{"start":{"line":30,"column":9},"end":{"line":30,"column":null}}],"line":30},"14":{"loc":{"start":{"line":31,"column":12},"end":{"line":32,"column":null}},"type":"if","locations":[{"start":{"line":31,"column":12},"end":{"line":32,"column":null}},{"start":{"line":32,"column":34},"end":{"line":32,"column":null}}],"line":31},"15":{"loc":{"start":{"line":32,"column":34},"end":{"line":33,"column":null}},"type":"if","locations":[{"start":{"line":32,"column":34},"end":{"line":33,"column":null}},{"start":{"line":33,"column":42},"end":{"line":33,"column":null}}],"line":32},"16":{"loc":{"start":{"line":33,"column":42},"end":{"line":42,"column":null}},"type":"if","locations":[{"start":{"line":33,"column":42},"end":{"line":42,"column":null}},{"start":{"line":42,"column":7},"end":{"line":42,"column":null}}],"line":33},"17":{"loc":{"start":{"line":33,"column":42},"end":{"line":33,"column":null}},"type":"binary-expr","locations":[{"start":{"line":33,"column":42},"end":{"line":33,"column":null}},{"start":{"line":33,"column":42},"end":{"line":33,"column":null}},{"start":{"line":33,"column":42},"end":{"line":33,"column":null}},{"start":{"line":33,"column":42},"end":{"line":33,"column":null}},{"start":{"line":33,"column":42},"end":{"line":33,"column":null}},{"start":{"line":33,"column":42},"end":{"line":33,"column":null}}],"line":33},"18":{"loc":{"start":{"line":34,"column":7},"end":{"line":42,"column":null}},"type":"binary-expr","locations":[{"start":{"line":34,"column":7},"end":{"line":34,"column":null}},{"start":{"line":35,"column":8},"end":{"line":42,"column":null}}],"line":34},"19":{"loc":{"start":{"line":42,"column":7},"end":{"line":43,"column":null}},"type":"if","locations":[{"start":{"line":42,"column":7},"end":{"line":43,"column":null}},{"start":{"line":43,"column":10},"end":{"line":43,"column":null}}],"line":42},"20":{"loc":{"start":{"line":42,"column":7},"end":{"line":42,"column":null}},"type":"binary-expr","locations":[{"start":{"line":42,"column":7},"end":{"line":42,"column":null}},{"start":{"line":42,"column":7},"end":{"line":42,"column":null}},{"start":{"line":42,"column":7},"end":{"line":42,"column":null}},{"start":{"line":42,"column":7},"end":{"line":42,"column":null}},{"start":{"line":42,"column":7},"end":{"line":42,"column":null}},{"start":{"line":42,"column":7},"end":{"line":42,"column":null}}],"line":42}},"s":{"0":3,"1":20,"2":20,"3":20,"4":20,"5":20,"6":20,"7":20,"8":19,"9":19,"10":0,"11":0,"12":19,"13":1,"14":20,"15":20,"16":20,"17":1,"18":1,"19":0,"20":20,"21":20,"22":20,"23":19,"24":1,"25":20,"26":19,"27":0,"28":1,"29":20,"30":19,"31":1,"32":20,"33":19,"34":1,"35":20,"36":19,"37":1,"38":20,"39":19,"40":1,"41":20,"42":20,"43":0,"44":20,"45":0},"f":{"0":20,"1":0,"2":1,"3":0,"4":0},"b":{"0":[0,20],"1":[19,1],"2":[20,1],"3":[19,0],"4":[20,0],"5":[20,1,1,0],"6":[1,0],"7":[15,5],"8":[19,1],"9":[19,1],"10":[20,1,1,1],"11":[19,14],"12":[19,1],"13":[20,1],"14":[19,1],"15":[19,1],"16":[19,1],"17":[20,1,1,1,1,1],"18":[19,5],"19":[20,0],"20":[20,0,0,0,0,0]},"meta":{"lastBranch":21,"lastFunction":5,"lastStatement":46,"seen":{"s:5:13:16:Infinity":0,"f:5:13:5:20":0,"s:5:20:5:21":1,"s:5:21:5:29":2,"s:5:29:5:Infinity":3,"b:5:29:5:Infinity:5:29:5:Infinity":0,"s:6:2:6:32":4,"s:7:2:7:42":5,"s:8:2:8:54":6,"b:8:55:9:64:9:63:9:64":1,"s:8:55:9:64":7,"b:8:55:8:Infinity:8:55:8:Infinity":2,"b:8:55:9:63:9:62:9:63":3,"s:8:55:9:63":8,"s:9:39:9:62":9,"f:9:39:9:46":1,"s:9:46:9:62":10,"s:9:62:9:63":11,"s:9:20:9:64":12,"s:9:63:9:64":13,"s:9:20:9:33":14,"b:9:64:14:Infinity:14:3:14:Infinity":4,"s:9:64:14:Infinity":15,"b:9:64:9:Infinity:9:64:9:Infinity:9:64:9:Infinity:9:64:9:Infinity":5,"s:10:22:12:Infinity":16,"f:10:22:10:Infinity":2,"b:11:4:12:Infinity:undefined:undefined:undefined:undefined":6,"s:11:4:12:Infinity":17,"s:12:6:12:Infinity":18,"s:14:3:14:Infinity":19,"s:10:22:10:Infinity":20,"s:17:17:17:120":21,"b:17:51:17:52:17:51:17:52":7,"b:17:120:21:Infinity:21:57:21:Infinity":8,"s:17:120:21:Infinity":22,"s:21:8:21:Infinity":23,"s:21:57:21:Infinity":24,"b:21:57:30:Infinity:30:9:30:Infinity":9,"s:21:57:30:Infinity":25,"b:21:57:21:Infinity:21:57:21:Infinity:21:57:21:Infinity:21:57:21:Infinity":10,"s:22:9:30:Infinity":26,"b:22:9:22:Infinity:23:10:30:Infinity":11,"f:27:22:27:28":3,"s:27:28:27:43":27,"s:30:9:30:Infinity":28,"b:30:9:31:Infinity:31:12:31:Infinity":12,"s:30:9:31:Infinity":29,"b:30:9:30:Infinity:30:9:30:Infinity":13,"s:20:6:22:10":30,"s:31:12:31:Infinity":31,"b:31:12:32:Infinity:32:34:32:Infinity":14,"s:31:12:32:Infinity":32,"s:32:6:32:Infinity":33,"s:32:34:32:Infinity":34,"b:32:34:33:Infinity:33:42:33:Infinity":15,"s:32:34:33:Infinity":35,"s:33:6:33:Infinity":36,"s:33:42:33:Infinity":37,"b:33:42:42:Infinity:42:7:42:Infinity":16,"s:33:42:42:Infinity":38,"b:33:42:33:Infinity:33:42:33:Infinity:33:42:33:Infinity:33:42:33:Infinity:33:42:33:Infinity:33:42:33:Infinity":17,"s:34:7:42:Infinity":39,"b:34:7:34:Infinity:35:8:42:Infinity":18,"s:42:7:42:Infinity":40,"b:42:7:43:Infinity:43:10:43:Infinity":19,"s:42:7:43:Infinity":41,"b:42:7:42:Infinity:42:7:42:Infinity:42:7:42:Infinity:42:7:42:Infinity:42:7:42:Infinity:42:7:42:Infinity":20,"s:16:4:34:Infinity":42,"s:43:10:43:Infinity":43,"s:43:10:16:Infinity":44,"f:5:20:5:21":4,"s:5:20:26:Infinity":45}}}
,"D:\\karinavd-React2026Q2\\src\\components\\CardList.tsx": {"path":"D:\\karinavd-React2026Q2\\src\\components\\CardList.tsx","statementMap":{"0":{"start":{"line":4,"column":13},"end":{"line":10,"column":19}},"1":{"start":{"line":4,"column":24},"end":{"line":4,"column":25}},"2":{"start":{"line":4,"column":25},"end":{"line":4,"column":null}},"3":{"start":{"line":5,"column":2},"end":{"line":5,"column":25}},"4":{"start":{"line":5,"column":11},"end":{"line":5,"column":null}},"5":{"start":{"line":5,"column":20},"end":{"line":5,"column":null}},"6":{"start":{"line":5,"column":45},"end":{"line":5,"column":null}},"7":{"start":{"line":5,"column":45},"end":{"line":5,"column":25}},"8":{"start":{"line":6,"column":2},"end":{"line":6,"column":51}},"9":{"start":{"line":6,"column":37},"end":{"line":6,"column":null}},"10":{"start":{"line":6,"column":46},"end":{"line":6,"column":null}},"11":{"start":{"line":6,"column":67},"end":{"line":6,"column":null}},"12":{"start":{"line":6,"column":67},"end":{"line":6,"column":51}},"13":{"start":{"line":7,"column":2},"end":{"line":7,"column":38}},"14":{"start":{"line":7,"column":24},"end":{"line":7,"column":54}},"15":{"start":{"line":7,"column":33},"end":{"line":7,"column":54}},"16":{"start":{"line":7,"column":53},"end":{"line":7,"column":54}},"17":{"start":{"line":7,"column":53},"end":{"line":7,"column":38}},"18":{"start":{"line":7,"column":54},"end":{"line":13,"column":null}},"19":{"start":{"line":11,"column":7},"end":{"line":13,"column":null}},"20":{"start":{"line":13,"column":8},"end":{"line":13,"column":null}},"21":{"start":{"line":13,"column":8},"end":{"line":14,"column":null}},"22":{"start":{"line":10,"column":4},"end":{"line":14,"column":null}},"23":{"start":{"line":14,"column":10},"end":{"line":14,"column":null}},"24":{"start":{"line":14,"column":10},"end":{"line":10,"column":19}},"25":{"start":{"line":4,"column":24},"end":{"line":12,"column":null}}},"fnMap":{"0":{"name":"(anonymous_0)","decl":{"start":{"line":4,"column":13},"end":{"line":4,"column":24}},"loc":{"start":{"line":4,"column":24},"end":{"line":10,"column":19}},"line":4},"1":{"name":"_temp","decl":{"start":{"line":4,"column":24},"end":{"line":4,"column":25}},"loc":{"start":{"line":4,"column":24},"end":{"line":12,"column":null}},"line":4}},"branchMap":{"0":{"loc":{"start":{"line":5,"column":2},"end":{"line":5,"column":25}},"type":"if","locations":[{"start":{"line":5,"column":2},"end":{"line":5,"column":25}},{"start":{},"end":{}}],"line":5},"1":{"loc":{"start":{"line":5,"column":11},"end":{"line":5,"column":null}},"type":"if","locations":[{"start":{"line":5,"column":11},"end":{"line":5,"column":null}},{"start":{"line":5,"column":45},"end":{"line":5,"column":null}}],"line":5},"2":{"loc":{"start":{"line":6,"column":2},"end":{"line":6,"column":51}},"type":"if","locations":[{"start":{"line":6,"column":2},"end":{"line":6,"column":51}},{"start":{},"end":{}}],"line":6},"3":{"loc":{"start":{"line":6,"column":6},"end":{"line":6,"column":37}},"type":"binary-expr","locations":[{"start":{"line":6,"column":6},"end":{"line":6,"column":19}},{"start":{"line":6,"column":19},"end":{"line":6,"column":37}}],"line":6},"4":{"loc":{"start":{"line":6,"column":37},"end":{"line":6,"column":null}},"type":"if","locations":[{"start":{"line":6,"column":37},"end":{"line":6,"column":null}},{"start":{"line":6,"column":67},"end":{"line":6,"column":null}}],"line":6},"5":{"loc":{"start":{"line":7,"column":2},"end":{"line":7,"column":38}},"type":"if","locations":[{"start":{"line":7,"column":2},"end":{"line":7,"column":38}},{"start":{},"end":{}}],"line":7},"6":{"loc":{"start":{"line":7,"column":24},"end":{"line":7,"column":54}},"type":"if","locations":[{"start":{"line":7,"column":24},"end":{"line":7,"column":54}},{"start":{"line":7,"column":53},"end":{"line":7,"column":54}}],"line":7},"7":{"loc":{"start":{"line":7,"column":54},"end":{"line":13,"column":null}},"type":"if","locations":[{"start":{"line":7,"column":54},"end":{"line":13,"column":null}},{"start":{"line":13,"column":8},"end":{"line":13,"column":null}}],"line":7},"8":{"loc":{"start":{"line":13,"column":8},"end":{"line":14,"column":null}},"type":"if","locations":[{"start":{"line":13,"column":8},"end":{"line":14,"column":null}},{"start":{"line":14,"column":10},"end":{"line":14,"column":null}}],"line":13}},"s":{"0":2,"1":21,"2":21,"3":21,"4":2,"5":2,"6":0,"7":2,"8":19,"9":10,"10":9,"11":1,"12":10,"13":9,"14":1,"15":1,"16":0,"17":1,"18":8,"19":8,"20":0,"21":8,"22":8,"23":0,"24":8,"25":14},"f":{"0":21,"1":14},"b":{"0":[2,19],"1":[2,0],"2":[10,9],"3":[19,10],"4":[9,1],"5":[1,8],"6":[1,0],"7":[8,0],"8":[8,0]},"meta":{"lastBranch":9,"lastFunction":2,"lastStatement":26,"seen":{"s:4:13:10:19":0,"f:4:13:4:24":0,"s:4:24:4:25":1,"s:4:25:4:Infinity":2,"b:5:2:5:25:undefined:undefined:undefined:undefined":0,"s:5:2:5:25":3,"b:5:11:5:Infinity:5:45:5:Infinity":1,"s:5:11:5:Infinity":4,"s:5:20:5:Infinity":5,"s:5:45:5:Infinity":6,"s:5:45:5:25":7,"b:6:2:6:51:undefined:undefined:undefined:undefined":2,"s:6:2:6:51":8,"b:6:6:6:19:6:19:6:37":3,"b:6:37:6:Infinity:6:67:6:Infinity":4,"s:6:37:6:Infinity":9,"s:6:46:6:Infinity":10,"s:6:67:6:Infinity":11,"s:6:67:6:51":12,"b:7:2:7:38:undefined:undefined:undefined:undefined":5,"s:7:2:7:38":13,"b:7:24:7:54:7:53:7:54":6,"s:7:24:7:54":14,"s:7:33:7:54":15,"s:7:53:7:54":16,"s:7:53:7:38":17,"b:7:54:13:Infinity:13:8:13:Infinity":7,"s:7:54:13:Infinity":18,"s:11:7:13:Infinity":19,"s:13:8:13:Infinity":20,"b:13:8:14:Infinity:14:10:14:Infinity":8,"s:13:8:14:Infinity":21,"s:10:4:14:Infinity":22,"s:14:10:14:Infinity":23,"s:14:10:10:19":24,"f:4:24:4:25":1,"s:4:24:12:Infinity":25}}}
,"D:\\karinavd-React2026Q2\\src\\components\\DetailsPage.tsx": {"path":"D:\\karinavd-React2026Q2\\src\\components\\DetailsPage.tsx","statementMap":{"0":{"start":{"line":11,"column":6},"end":{"line":68,"column":null}},"1":{"start":{"line":12,"column":10},"end":{"line":12,"column":44}},"2":{"start":{"line":13,"column":8},"end":{"line":13,"column":32}},"3":{"start":{"line":14,"column":9},"end":{"line":14,"column":42}},"4":{"start":{"line":15,"column":8},"end":{"line":15,"column":29}},"5":{"start":{"line":16,"column":8},"end":{"line":16,"column":51}},"6":{"start":{"line":18,"column":33},"end":{"line":18,"column":71}},"7":{"start":{"line":19,"column":8},"end":{"line":19,"column":64}},"8":{"start":{"line":21,"column":2},"end":{"line":23,"column":null}},"9":{"start":{"line":22,"column":4},"end":{"line":22,"column":null}},"10":{"start":{"line":22,"column":27},"end":{"line":22,"column":null}},"11":{"start":{"line":25,"column":8},"end":{"line":26,"column":null}},"12":{"start":{"line":26,"column":4},"end":{"line":26,"column":null}},"13":{"start":{"line":29,"column":8},"end":{"line":31,"column":null}},"14":{"start":{"line":30,"column":4},"end":{"line":31,"column":null}},"15":{"start":{"line":31,"column":6},"end":{"line":31,"column":null}},"16":{"start":{"line":35,"column":2},"end":{"line":35,"column":null}},"17":{"start":{"line":35,"column":17},"end":{"line":35,"column":null}},"18":{"start":{"line":37,"column":2},"end":{"line":45,"column":null}},"19":{"start":{"line":38,"column":4},"end":{"line":45,"column":null}},"20":{"start":{"line":50,"column":2},"end":{"line":68,"column":null}}},"fnMap":{"0":{"name":"(anonymous_0)","decl":{"start":{"line":11,"column":6},"end":{"line":11,"column":26}},"loc":{"start":{"line":11,"column":26},"end":{"line":68,"column":null}},"line":11},"1":{"name":"(anonymous_1)","decl":{"start":{"line":21,"column":2},"end":{"line":21,"column":18}},"loc":{"start":{"line":21,"column":18},"end":{"line":23,"column":6}},"line":21},"2":{"name":"(anonymous_2)","decl":{"start":{"line":25,"column":8},"end":{"line":25,"column":28}},"loc":{"start":{"line":25,"column":28},"end":{"line":26,"column":null}},"line":25},"3":{"name":"(anonymous_3)","decl":{"start":{"line":29,"column":8},"end":{"line":29,"column":30}},"loc":{"start":{"line":29,"column":30},"end":{"line":31,"column":null}},"line":29}},"branchMap":{"0":{"loc":{"start":{"line":22,"column":4},"end":{"line":22,"column":null}},"type":"if","locations":[{"start":{"line":22,"column":4},"end":{"line":22,"column":null}},{"start":{},"end":{}}],"line":22},"1":{"loc":{"start":{"line":30,"column":4},"end":{"line":31,"column":null}},"type":"if","locations":[{"start":{"line":30,"column":4},"end":{"line":31,"column":null}},{"start":{},"end":{}}],"line":30},"2":{"loc":{"start":{"line":35,"column":2},"end":{"line":35,"column":null}},"type":"if","locations":[{"start":{"line":35,"column":2},"end":{"line":35,"column":null}},{"start":{},"end":{}}],"line":35},"3":{"loc":{"start":{"line":37,"column":2},"end":{"line":45,"column":null}},"type":"if","locations":[{"start":{"line":37,"column":2},"end":{"line":45,"column":null}},{"start":{},"end":{}}],"line":37},"4":{"loc":{"start":{"line":68,"column":7},"end":{"line":68,"column":null}},"type":"binary-expr","locations":[{"start":{"line":68,"column":7},"end":{"line":68,"column":15}},{"start":{"line":68,"column":15},"end":{"line":68,"column":null}}],"line":68}},"s":{"0":2,"1":9,"2":9,"3":9,"4":9,"5":9,"6":9,"7":9,"8":9,"9":4,"10":0,"11":9,"12":0,"13":9,"14":1,"15":1,"16":9,"17":4,"18":5,"19":1,"20":4},"f":{"0":9,"1":4,"2":0,"3":1},"b":{"0":[0,4],"1":[1,0],"2":[4,5],"3":[1,4],"4":[4,4]},"meta":{"lastBranch":5,"lastFunction":4,"lastStatement":21,"seen":{"s:11:6:68:Infinity":0,"f:11:6:11:26":0,"s:12:10:12:44":1,"s:13:8:13:32":2,"s:14:9:14:42":3,"s:15:8:15:29":4,"s:16:8:16:51":5,"s:18:33:18:71":6,"s:19:8:19:64":7,"s:21:2:23:Infinity":8,"f:21:2:21:18":1,"b:22:4:22:Infinity:undefined:undefined:undefined:undefined":0,"s:22:4:22:Infinity":9,"s:22:27:22:Infinity":10,"s:25:8:26:Infinity":11,"f:25:8:25:28":2,"s:26:4:26:Infinity":12,"s:29:8:31:Infinity":13,"f:29:8:29:30":3,"b:30:4:31:Infinity:undefined:undefined:undefined:undefined":1,"s:30:4:31:Infinity":14,"s:31:6:31:Infinity":15,"b:35:2:35:Infinity:undefined:undefined:undefined:undefined":2,"s:35:2:35:Infinity":16,"s:35:17:35:Infinity":17,"b:37:2:45:Infinity:undefined:undefined:undefined:undefined":3,"s:37:2:45:Infinity":18,"s:38:4:45:Infinity":19,"s:50:2:68:Infinity":20,"b:68:7:68:15:68:15:68:Infinity":4}}}
,"D:\\karinavd-React2026Q2\\src\\components\\ErrorBoundary.tsx": {"path":"D:\\karinavd-React2026Q2\\src\\components\\ErrorBoundary.tsx","statementMap":{"0":{"start":{"line":7,"column":4},"end":{"line":7,"column":null}},"1":{"start":{"line":8,"column":4},"end":{"line":8,"column":null}},"2":{"start":{"line":12,"column":4},"end":{"line":12,"column":null}},"3":{"start":{"line":16,"column":4},"end":{"line":16,"column":null}},"4":{"start":{"line":20,"column":4},"end":{"line":29,"column":null}},"5":{"start":{"line":21,"column":6},"end":{"line":29,"column":null}},"6":{"start":{"line":26,"column":27},"end":{"line":26,"column":51}},"7":{"start":{"line":33,"column":4},"end":{"line":33,"column":null}}},"fnMap":{"0":{"name":"(anonymous_0)","decl":{"start":{"line":6,"column":2},"end":{"line":6,"column":14}},"loc":{"start":{"line":6,"column":28},"end":{"line":8,"column":null}},"line":6},"1":{"name":"(anonymous_1)","decl":{"start":{"line":11,"column":9},"end":{"line":11,"column":34}},"loc":{"start":{"line":11,"column":55},"end":{"line":12,"column":null}},"line":11},"2":{"name":"(anonymous_2)","decl":{"start":{"line":15,"column":2},"end":{"line":15,"column":20}},"loc":{"start":{"line":15,"column":51},"end":{"line":16,"column":null}},"line":15},"3":{"name":"(anonymous_3)","decl":{"start":{"line":19,"column":2},"end":{"line":19,"column":11}},"loc":{"start":{"line":19,"column":11},"end":{"line":33,"column":null}},"line":19},"4":{"name":"(anonymous_4)","decl":{"start":{"line":26,"column":12},"end":{"line":26,"column":27}},"loc":{"start":{"line":26,"column":27},"end":{"line":26,"column":51}},"line":26}},"branchMap":{"0":{"loc":{"start":{"line":20,"column":4},"end":{"line":29,"column":null}},"type":"if","locations":[{"start":{"line":20,"column":4},"end":{"line":29,"column":null}},{"start":{},"end":{}}],"line":20}},"s":{"0":7,"1":7,"2":8,"3":4,"4":14,"5":8,"6":1,"7":6},"f":{"0":7,"1":1,"2":4,"3":14,"4":1},"b":{"0":[8,6]},"meta":{"lastBranch":1,"lastFunction":5,"lastStatement":8,"seen":{"f:6:2:6:14":0,"s:7:4:7:Infinity":0,"s:8:4:8:Infinity":1,"f:11:9:11:34":1,"s:12:4:12:Infinity":2,"f:15:2:15:20":2,"s:16:4:16:Infinity":3,"f:19:2:19:11":3,"b:20:4:29:Infinity:undefined:undefined:undefined:undefined":0,"s:20:4:29:Infinity":4,"s:21:6:29:Infinity":5,"f:26:12:26:27":4,"s:26:27:26:51":6,"s:33:4:33:Infinity":7}}}
,"D:\\karinavd-React2026Q2\\src\\components\\Flyout.tsx": {"path":"D:\\karinavd-React2026Q2\\src\\components\\Flyout.tsx","statementMap":{"0":{"start":{"line":4,"column":6},"end":{"line":34,"column":19}},"1":{"start":{"line":4,"column":15},"end":{"line":4,"column":null}},"2":{"start":{"line":5,"column":2},"end":{"line":5,"column":56}},"3":{"start":{"line":6,"column":23},"end":{"line":6,"column":24}},"4":{"start":{"line":16,"column":4},"end":{"line":32,"column":4}},"5":{"start":{"line":17,"column":22},"end":{"line":31,"column":null}},"6":{"start":{"line":18,"column":20},"end":{"line":18,"column":49}},"7":{"start":{"line":19,"column":21},"end":{"line":25,"column":10}},"8":{"start":{"line":27,"column":4},"end":{"line":31,"column":null}},"9":{"start":{"line":32,"column":3},"end":{"line":32,"column":4}},"10":{"start":{"line":17,"column":22},"end":{"line":17,"column":null}},"11":{"start":{"line":32,"column":4},"end":{"line":37,"column":null}},"12":{"start":{"line":35,"column":6},"end":{"line":36,"column":null}},"13":{"start":{"line":37,"column":10},"end":{"line":37,"column":null}},"14":{"start":{"line":37,"column":10},"end":{"line":43,"column":null}},"15":{"start":{"line":39,"column":8},"end":{"line":43,"column":null}},"16":{"start":{"line":43,"column":10},"end":{"line":43,"column":null}},"17":{"start":{"line":43,"column":10},"end":{"line":48,"column":null}},"18":{"start":{"line":44,"column":8},"end":{"line":48,"column":null}},"19":{"start":{"line":48,"column":10},"end":{"line":48,"column":null}},"20":{"start":{"line":48,"column":10},"end":{"line":49,"column":null}},"21":{"start":{"line":38,"column":6},"end":{"line":44,"column":9}},"22":{"start":{"line":49,"column":12},"end":{"line":49,"column":null}},"23":{"start":{"line":49,"column":12},"end":{"line":50,"column":null}},"24":{"start":{"line":34,"column":4},"end":{"line":38,"column":21}},"25":{"start":{"line":50,"column":10},"end":{"line":50,"column":null}},"26":{"start":{"line":50,"column":10},"end":{"line":34,"column":19}},"27":{"start":{"line":6,"column":24},"end":{"line":6,"column":null}},"28":{"start":{"line":7,"column":17},"end":{"line":7,"column":53}},"29":{"start":{"line":8,"column":16},"end":{"line":8,"column":48}},"30":{"start":{"line":9,"column":14},"end":{"line":9,"column":41}},"31":{"start":{"line":10,"column":4},"end":{"line":10,"column":null}},"32":{"start":{"line":11,"column":4},"end":{"line":11,"column":null}},"33":{"start":{"line":12,"column":4},"end":{"line":12,"column":null}},"34":{"start":{"line":13,"column":4},"end":{"line":13,"column":null}},"35":{"start":{"line":14,"column":4},"end":{"line":14,"column":null}},"36":{"start":{"line":15,"column":4},"end":{"line":15,"column":null}},"37":{"start":{"line":20,"column":47},"end":{"line":20,"column":null}},"38":{"start":{"line":21,"column":6},"end":{"line":23,"column":null}},"39":{"start":{"line":23,"column":7},"end":{"line":24,"column":null}}},"fnMap":{"0":{"name":"(anonymous_0)","decl":{"start":{"line":4,"column":6},"end":{"line":4,"column":15}},"loc":{"start":{"line":4,"column":15},"end":{"line":34,"column":19}},"line":4},"1":{"name":"(anonymous_1)","decl":{"start":{"line":17,"column":22},"end":{"line":17,"column":null}},"loc":{"start":{"line":17,"column":22},"end":{"line":31,"column":null}},"line":17},"2":{"name":"_temp","decl":{"start":{"line":4,"column":15},"end":{"line":4,"column":null}},"loc":{"start":{"line":4,"column":15},"end":{"line":15,"column":null}},"line":4}},"branchMap":{"0":{"loc":{"start":{"line":16,"column":4},"end":{"line":32,"column":4}},"type":"if","locations":[{"start":{"line":16,"column":4},"end":{"line":32,"column":4}},{"start":{"line":32,"column":3},"end":{"line":32,"column":4}}],"line":16},"1":{"loc":{"start":{"line":32,"column":4},"end":{"line":37,"column":null}},"type":"if","locations":[{"start":{"line":32,"column":4},"end":{"line":37,"column":null}},{"start":{"line":37,"column":10},"end":{"line":37,"column":null}}],"line":32},"2":{"loc":{"start":{"line":37,"column":10},"end":{"line":43,"column":null}},"type":"if","locations":[{"start":{"line":37,"column":10},"end":{"line":43,"column":null}},{"start":{"line":43,"column":10},"end":{"line":43,"column":null}}],"line":37},"3":{"loc":{"start":{"line":43,"column":10},"end":{"line":48,"column":null}},"type":"if","locations":[{"start":{"line":43,"column":10},"end":{"line":48,"column":null}},{"start":{"line":48,"column":10},"end":{"line":48,"column":null}}],"line":43},"4":{"loc":{"start":{"line":48,"column":10},"end":{"line":49,"column":null}},"type":"if","locations":[{"start":{"line":48,"column":10},"end":{"line":49,"column":null}},{"start":{"line":49,"column":12},"end":{"line":49,"column":null}}],"line":48},"5":{"loc":{"start":{"line":48,"column":10},"end":{"line":48,"column":null}},"type":"binary-expr","locations":[{"start":{"line":48,"column":10},"end":{"line":48,"column":null}},{"start":{"line":48,"column":10},"end":{"line":48,"column":null}}],"line":48},"6":{"loc":{"start":{"line":49,"column":12},"end":{"line":50,"column":null}},"type":"if","locations":[{"start":{"line":49,"column":12},"end":{"line":50,"column":null}},{"start":{"line":50,"column":10},"end":{"line":50,"column":null}}],"line":49},"7":{"loc":{"start":{"line":49,"column":12},"end":{"line":49,"column":null}},"type":"binary-expr","locations":[{"start":{"line":49,"column":12},"end":{"line":49,"column":null}},{"start":{"line":49,"column":12},"end":{"line":49,"column":null}}],"line":49}},"s":{"0":1,"1":8,"2":8,"3":8,"4":8,"5":8,"6":0,"7":0,"8":0,"9":0,"10":8,"11":8,"12":8,"13":0,"14":8,"15":8,"16":0,"17":8,"18":8,"19":0,"20":8,"21":8,"22":0,"23":8,"24":8,"25":0,"26":8,"27":0,"28":0,"29":0,"30":0,"31":0,"32":0,"33":0,"34":0,"35":0,"36":0,"37":0,"38":0,"39":0},"f":{"0":8,"1":0,"2":0},"b":{"0":[8,0],"1":[8,0],"2":[8,0],"3":[8,0],"4":[8,0],"5":[8,0],"6":[8,0],"7":[8,0]},"meta":{"lastBranch":8,"lastFunction":3,"lastStatement":40,"seen":{"s:4:6:34:19":0,"f:4:6:4:15":0,"s:4:15:4:Infinity":1,"s:5:2:5:56":2,"s:6:23:6:24":3,"b:16:4:32:4:32:3:32:4":0,"s:16:4:32:4":4,"s:17:22:31:Infinity":5,"f:17:22:17:Infinity":1,"s:18:20:18:49":6,"s:19:21:25:10":7,"s:27:4:31:Infinity":8,"s:32:3:32:4":9,"s:17:22:17:Infinity":10,"b:32:4:37:Infinity:37:10:37:Infinity":1,"s:32:4:37:Infinity":11,"s:35:6:36:Infinity":12,"s:37:10:37:Infinity":13,"b:37:10:43:Infinity:43:10:43:Infinity":2,"s:37:10:43:Infinity":14,"s:39:8:43:Infinity":15,"s:43:10:43:Infinity":16,"b:43:10:48:Infinity:48:10:48:Infinity":3,"s:43:10:48:Infinity":17,"s:44:8:48:Infinity":18,"s:48:10:48:Infinity":19,"b:48:10:49:Infinity:49:12:49:Infinity":4,"s:48:10:49:Infinity":20,"b:48:10:48:Infinity:48:10:48:Infinity":5,"s:38:6:44:9":21,"s:49:12:49:Infinity":22,"b:49:12:50:Infinity:50:10:50:Infinity":6,"s:49:12:50:Infinity":23,"b:49:12:49:Infinity:49:12:49:Infinity":7,"s:34:4:38:21":24,"s:50:10:50:Infinity":25,"s:50:10:34:19":26,"f:4:15:4:Infinity":2,"s:6:24:6:Infinity":27,"s:7:17:7:53":28,"s:8:16:8:48":29,"s:9:14:9:41":30,"s:10:4:10:Infinity":31,"s:11:4:11:Infinity":32,"s:12:4:12:Infinity":33,"s:13:4:13:Infinity":34,"s:14:4:14:Infinity":35,"s:15:4:15:Infinity":36,"s:20:47:20:Infinity":37,"s:21:6:23:Infinity":38,"s:23:7:24:Infinity":39}}}
,"D:\\karinavd-React2026Q2\\src\\components\\FlyoutButton.tsx": {"path":"D:\\karinavd-React2026Q2\\src\\components\\FlyoutButton.tsx","statementMap":{"0":{"start":{"line":3,"column":6},"end":{"line":9,"column":null}},"1":{"start":{"line":3,"column":24},"end":{"line":3,"column":25}},"2":{"start":{"line":3,"column":25},"end":{"line":3,"column":null}},"3":{"start":{"line":11,"column":17},"end":{"line":11,"column":120}},"4":{"start":{"line":11,"column":120},"end":{"line":15,"column":null}},"5":{"start":{"line":9,"column":4},"end":{"line":15,"column":null}},"6":{"start":{"line":15,"column":13},"end":{"line":15,"column":null}},"7":{"start":{"line":15,"column":13},"end":{"line":9,"column":null}}},"fnMap":{"0":{"name":"(anonymous_0)","decl":{"start":{"line":3,"column":6},"end":{"line":3,"column":24}},"loc":{"start":{"line":3,"column":24},"end":{"line":9,"column":null}},"line":3}},"branchMap":{"0":{"loc":{"start":{"line":11,"column":120},"end":{"line":15,"column":null}},"type":"if","locations":[{"start":{"line":11,"column":120},"end":{"line":15,"column":null}},{"start":{"line":15,"column":13},"end":{"line":15,"column":null}}],"line":11},"1":{"loc":{"start":{"line":11,"column":120},"end":{"line":11,"column":null}},"type":"binary-expr","locations":[{"start":{"line":11,"column":120},"end":{"line":11,"column":null}},{"start":{"line":11,"column":120},"end":{"line":11,"column":null}},{"start":{"line":11,"column":120},"end":{"line":11,"column":null}}],"line":11}},"s":{"0":3,"1":41,"2":41,"3":41,"4":41,"5":41,"6":0,"7":41},"f":{"0":41},"b":{"0":[41,0],"1":[41,1,1]},"meta":{"lastBranch":2,"lastFunction":1,"lastStatement":8,"seen":{"s:3:6:9:Infinity":0,"f:3:6:3:24":0,"s:3:24:3:25":1,"s:3:25:3:Infinity":2,"s:11:17:11:120":3,"b:11:120:15:Infinity:15:13:15:Infinity":0,"s:11:120:15:Infinity":4,"b:11:120:11:Infinity:11:120:11:Infinity:11:120:11:Infinity":1,"s:9:4:15:Infinity":5,"s:15:13:15:Infinity":6,"s:15:13:9:Infinity":7}}}
,"D:\\karinavd-React2026Q2\\src\\components\\NotFound.tsx": {"path":"D:\\karinavd-React2026Q2\\src\\components\\NotFound.tsx","statementMap":{"0":{"start":{"line":3,"column":6},"end":{"line":5,"column":19}},"1":{"start":{"line":3,"column":17},"end":{"line":3,"column":null}},"2":{"start":{"line":3,"column":17},"end":{"line":6,"column":null}},"3":{"start":{"line":6,"column":6},"end":{"line":6,"column":null}},"4":{"start":{"line":6,"column":14},"end":{"line":6,"column":null}},"5":{"start":{"line":6,"column":14},"end":{"line":12,"column":null}},"6":{"start":{"line":5,"column":4},"end":{"line":11,"column":null}},"7":{"start":{"line":12,"column":10},"end":{"line":12,"column":null}},"8":{"start":{"line":12,"column":10},"end":{"line":5,"column":19}}},"fnMap":{"0":{"name":"(anonymous_0)","decl":{"start":{"line":3,"column":6},"end":{"line":3,"column":17}},"loc":{"start":{"line":3,"column":17},"end":{"line":5,"column":19}},"line":3}},"branchMap":{"0":{"loc":{"start":{"line":3,"column":17},"end":{"line":6,"column":null}},"type":"if","locations":[{"start":{"line":3,"column":17},"end":{"line":6,"column":null}},{"start":{"line":6,"column":14},"end":{"line":6,"column":null}}],"line":3},"1":{"loc":{"start":{"line":6,"column":14},"end":{"line":12,"column":null}},"type":"if","locations":[{"start":{"line":6,"column":14},"end":{"line":12,"column":null}},{"start":{"line":12,"column":10},"end":{"line":12,"column":null}}],"line":6}},"s":{"0":2,"1":1,"2":1,"3":1,"4":0,"5":1,"6":1,"7":0,"8":1},"f":{"0":1},"b":{"0":[1,0],"1":[1,0]},"meta":{"lastBranch":2,"lastFunction":1,"lastStatement":9,"seen":{"s:3:6:5:19":0,"f:3:6:3:17":0,"s:3:17:3:Infinity":1,"b:3:17:6:Infinity:6:14:6:Infinity":0,"s:3:17:6:Infinity":2,"s:6:6:6:Infinity":3,"s:6:14:6:Infinity":4,"b:6:14:12:Infinity:12:10:12:Infinity":1,"s:6:14:12:Infinity":5,"s:5:4:11:Infinity":6,"s:12:10:12:Infinity":7,"s:12:10:5:19":8}}}
,"D:\\karinavd-React2026Q2\\src\\components\\Search.tsx": {"path":"D:\\karinavd-React2026Q2\\src\\components\\Search.tsx","statementMap":{"0":{"start":{"line":5,"column":13},"end":{"line":22,"column":20}},"1":{"start":{"line":5,"column":22},"end":{"line":5,"column":23}},"2":{"start":{"line":5,"column":23},"end":{"line":5,"column":null}},"3":{"start":{"line":6,"column":2},"end":{"line":8,"column":null}},"4":{"start":{"line":10,"column":2},"end":{"line":10,"column":71}},"5":{"start":{"line":10,"column":72},"end":{"line":13,"column":4}},"6":{"start":{"line":11,"column":22},"end":{"line":12,"column":null}},"7":{"start":{"line":12,"column":4},"end":{"line":12,"column":null}},"8":{"start":{"line":13,"column":3},"end":{"line":13,"column":4}},"9":{"start":{"line":11,"column":22},"end":{"line":11,"column":null}},"10":{"start":{"line":13,"column":4},"end":{"line":20,"column":4}},"11":{"start":{"line":14,"column":21},"end":{"line":19,"column":null}},"12":{"start":{"line":15,"column":4},"end":{"line":15,"column":null}},"13":{"start":{"line":16,"column":24},"end":{"line":16,"column":41}},"14":{"start":{"line":17,"column":4},"end":{"line":17,"column":null}},"15":{"start":{"line":18,"column":4},"end":{"line":18,"column":null}},"16":{"start":{"line":19,"column":4},"end":{"line":19,"column":null}},"17":{"start":{"line":20,"column":3},"end":{"line":20,"column":4}},"18":{"start":{"line":14,"column":21},"end":{"line":14,"column":null}},"19":{"start":{"line":20,"column":4},"end":{"line":30,"column":null}},"20":{"start":{"line":23,"column":6},"end":{"line":30,"column":null}},"21":{"start":{"line":30,"column":8},"end":{"line":30,"column":null}},"22":{"start":{"line":36,"column":9},"end":{"line":36,"column":38}},"23":{"start":{"line":36,"column":38},"end":{"line":37,"column":null}},"24":{"start":{"line":31,"column":6},"end":{"line":37,"column":null}},"25":{"start":{"line":37,"column":15},"end":{"line":37,"column":null}},"26":{"start":{"line":37,"column":15},"end":{"line":38,"column":null}},"27":{"start":{"line":22,"column":4},"end":{"line":31,"column":null}},"28":{"start":{"line":38,"column":11},"end":{"line":38,"column":null}},"29":{"start":{"line":38,"column":11},"end":{"line":22,"column":20}}},"fnMap":{"0":{"name":"(anonymous_0)","decl":{"start":{"line":5,"column":13},"end":{"line":5,"column":22}},"loc":{"start":{"line":5,"column":22},"end":{"line":22,"column":20}},"line":5},"1":{"name":"(anonymous_1)","decl":{"start":{"line":11,"column":22},"end":{"line":11,"column":null}},"loc":{"start":{"line":11,"column":22},"end":{"line":12,"column":null}},"line":11},"2":{"name":"(anonymous_2)","decl":{"start":{"line":14,"column":21},"end":{"line":14,"column":null}},"loc":{"start":{"line":14,"column":21},"end":{"line":19,"column":null}},"line":14}},"branchMap":{"0":{"loc":{"start":{"line":10,"column":72},"end":{"line":13,"column":4}},"type":"if","locations":[{"start":{"line":10,"column":72},"end":{"line":13,"column":4}},{"start":{"line":13,"column":3},"end":{"line":13,"column":4}}],"line":10},"1":{"loc":{"start":{"line":13,"column":4},"end":{"line":20,"column":4}},"type":"if","locations":[{"start":{"line":13,"column":4},"end":{"line":20,"column":4}},{"start":{"line":20,"column":3},"end":{"line":20,"column":4}}],"line":13},"2":{"loc":{"start":{"line":13,"column":4},"end":{"line":13,"column":null}},"type":"binary-expr","locations":[{"start":{"line":13,"column":4},"end":{"line":13,"column":null}},{"start":{"line":13,"column":4},"end":{"line":13,"column":null}},{"start":{"line":13,"column":4},"end":{"line":13,"column":null}}],"line":13},"3":{"loc":{"start":{"line":20,"column":4},"end":{"line":30,"column":null}},"type":"if","locations":[{"start":{"line":20,"column":4},"end":{"line":30,"column":null}},{"start":{"line":30,"column":8},"end":{"line":30,"column":null}}],"line":20},"4":{"loc":{"start":{"line":20,"column":4},"end":{"line":20,"column":null}},"type":"binary-expr","locations":[{"start":{"line":20,"column":4},"end":{"line":20,"column":null}},{"start":{"line":20,"column":4},"end":{"line":20,"column":null}}],"line":20},"5":{"loc":{"start":{"line":36,"column":9},"end":{"line":36,"column":38}},"type":"cond-expr","locations":[{"start":{"line":36,"column":9},"end":{"line":36,"column":38}},{"start":{"line":36,"column":9},"end":{"line":36,"column":38}}],"line":36},"6":{"loc":{"start":{"line":36,"column":38},"end":{"line":37,"column":null}},"type":"if","locations":[{"start":{"line":36,"column":38},"end":{"line":37,"column":null}},{"start":{"line":37,"column":15},"end":{"line":37,"column":null}}],"line":36},"7":{"loc":{"start":{"line":36,"column":38},"end":{"line":36,"column":null}},"type":"binary-expr","locations":[{"start":{"line":36,"column":38},"end":{"line":36,"column":null}},{"start":{"line":36,"column":38},"end":{"line":36,"column":null}}],"line":36},"8":{"loc":{"start":{"line":37,"column":15},"end":{"line":38,"column":null}},"type":"if","locations":[{"start":{"line":37,"column":15},"end":{"line":38,"column":null}},{"start":{"line":38,"column":11},"end":{"line":38,"column":null}}],"line":37},"9":{"loc":{"start":{"line":37,"column":15},"end":{"line":37,"column":null}},"type":"binary-expr","locations":[{"start":{"line":37,"column":15},"end":{"line":37,"column":null}},{"start":{"line":37,"column":15},"end":{"line":37,"column":null}},{"start":{"line":37,"column":15},"end":{"line":37,"column":null}}],"line":37}},"s":{"0":3,"1":41,"2":41,"3":41,"4":41,"5":41,"6":19,"7":7,"8":22,"9":41,"10":41,"11":41,"12":6,"13":6,"14":6,"15":6,"16":6,"17":0,"18":41,"19":41,"20":36,"21":5,"22":41,"23":41,"24":28,"25":13,"26":41,"27":41,"28":0,"29":41},"f":{"0":41,"1":7,"2":6},"b":{"0":[19,22],"1":[41,0],"2":[41,21,13],"3":[36,5],"4":[41,13],"5":[11,30],"6":[28,13],"7":[41,13],"8":[41,0],"9":[41,0,0]},"meta":{"lastBranch":10,"lastFunction":3,"lastStatement":30,"seen":{"s:5:13:22:20":0,"f:5:13:5:22":0,"s:5:22:5:23":1,"s:5:23:5:Infinity":2,"s:6:2:8:Infinity":3,"s:10:2:10:71":4,"b:10:72:13:4:13:3:13:4":0,"s:10:72:13:4":5,"s:11:22:12:Infinity":6,"f:11:22:11:Infinity":1,"s:12:4:12:Infinity":7,"s:13:3:13:4":8,"s:11:22:11:Infinity":9,"b:13:4:20:4:20:3:20:4":1,"s:13:4:20:4":10,"b:13:4:13:Infinity:13:4:13:Infinity:13:4:13:Infinity":2,"s:14:21:19:Infinity":11,"f:14:21:14:Infinity":2,"s:15:4:15:Infinity":12,"s:16:24:16:41":13,"s:17:4:17:Infinity":14,"s:18:4:18:Infinity":15,"s:19:4:19:Infinity":16,"s:20:3:20:4":17,"s:14:21:14:Infinity":18,"b:20:4:30:Infinity:30:8:30:Infinity":3,"s:20:4:30:Infinity":19,"b:20:4:20:Infinity:20:4:20:Infinity":4,"s:23:6:30:Infinity":20,"s:30:8:30:Infinity":21,"s:36:9:36:38":22,"b:36:9:36:38:36:9:36:38":5,"b:36:38:37:Infinity:37:15:37:Infinity":6,"s:36:38:37:Infinity":23,"b:36:38:36:Infinity:36:38:36:Infinity":7,"s:31:6:37:Infinity":24,"s:37:15:37:Infinity":25,"b:37:15:38:Infinity:38:11:38:Infinity":8,"s:37:15:38:Infinity":26,"b:37:15:37:Infinity:37:15:37:Infinity:37:15:37:Infinity":9,"s:22:4:31:Infinity":27,"s:38:11:38:Infinity":28,"s:38:11:22:20":29}}}
,"D:\\karinavd-React2026Q2\\src\\components\\ThemeProvider.tsx": {"path":"D:\\karinavd-React2026Q2\\src\\components\\ThemeProvider.tsx","statementMap":{"0":{"start":{"line":5,"column":6},"end":{"line":21,"column":34}},"1":{"start":{"line":5,"column":22},"end":{"line":5,"column":23}},"2":{"start":{"line":5,"column":23},"end":{"line":5,"column":null}},"3":{"start":{"line":6,"column":2},"end":{"line":7,"column":10}},"4":{"start":{"line":8,"column":4},"end":{"line":17,"column":17}},"5":{"start":{"line":9,"column":12},"end":{"line":16,"column":null}},"6":{"start":{"line":10,"column":17},"end":{"line":10,"column":null}},"7":{"start":{"line":11,"column":4},"end":{"line":14,"column":null}},"8":{"start":{"line":12,"column":6},"end":{"line":12,"column":null}},"9":{"start":{"line":14,"column":6},"end":{"line":14,"column":null}},"10":{"start":{"line":16,"column":4},"end":{"line":16,"column":null}},"11":{"start":{"line":17,"column":5},"end":{"line":17,"column":17}},"12":{"start":{"line":17,"column":16},"end":{"line":17,"column":17}},"13":{"start":{"line":9,"column":2},"end":{"line":17,"column":null}},"14":{"start":{"line":17,"column":17},"end":{"line":19,"column":66}},"15":{"start":{"line":18,"column":22},"end":{"line":19,"column":66}},"16":{"start":{"line":19,"column":4},"end":{"line":19,"column":28}},"17":{"start":{"line":19,"column":65},"end":{"line":19,"column":66}},"18":{"start":{"line":18,"column":22},"end":{"line":18,"column":null}},"19":{"start":{"line":19,"column":66},"end":{"line":21,"column":null}},"20":{"start":{"line":21,"column":34},"end":{"line":21,"column":null}},"21":{"start":{"line":21,"column":67},"end":{"line":21,"column":null}},"22":{"start":{"line":21,"column":67},"end":{"line":23,"column":null}},"23":{"start":{"line":21,"column":4},"end":{"line":23,"column":null}},"24":{"start":{"line":23,"column":28},"end":{"line":23,"column":null}},"25":{"start":{"line":23,"column":28},"end":{"line":21,"column":34}},"26":{"start":{"line":5,"column":22},"end":{"line":7,"column":11}},"27":{"start":{"line":5,"column":22},"end":{"line":19,"column":37}}},"fnMap":{"0":{"name":"(anonymous_0)","decl":{"start":{"line":5,"column":6},"end":{"line":5,"column":22}},"loc":{"start":{"line":5,"column":22},"end":{"line":21,"column":34}},"line":5},"1":{"name":"(anonymous_1)","decl":{"start":{"line":9,"column":12},"end":{"line":9,"column":null}},"loc":{"start":{"line":9,"column":12},"end":{"line":16,"column":null}},"line":9},"2":{"name":"(anonymous_2)","decl":{"start":{"line":18,"column":22},"end":{"line":18,"column":null}},"loc":{"start":{"line":19,"column":4},"end":{"line":19,"column":28}},"line":19},"3":{"name":"_temp","decl":{"start":{"line":5,"column":22},"end":{"line":5,"column":23}},"loc":{"start":{"line":5,"column":22},"end":{"line":7,"column":11}},"line":5}},"branchMap":{"0":{"loc":{"start":{"line":8,"column":4},"end":{"line":17,"column":17}},"type":"if","locations":[{"start":{"line":8,"column":4},"end":{"line":17,"column":17}},{"start":{"line":17,"column":16},"end":{"line":17,"column":17}}],"line":8},"1":{"loc":{"start":{"line":11,"column":4},"end":{"line":14,"column":null}},"type":"if","locations":[{"start":{"line":11,"column":4},"end":{"line":14,"column":null}},{"start":{"line":12,"column":35},"end":{"line":14,"column":null}}],"line":11},"2":{"loc":{"start":{"line":17,"column":17},"end":{"line":19,"column":66}},"type":"if","locations":[{"start":{"line":17,"column":17},"end":{"line":19,"column":66}},{"start":{"line":19,"column":65},"end":{"line":19,"column":66}}],"line":17},"3":{"loc":{"start":{"line":19,"column":66},"end":{"line":21,"column":null}},"type":"if","locations":[{"start":{"line":19,"column":66},"end":{"line":21,"column":null}},{"start":{"line":21,"column":67},"end":{"line":21,"column":null}}],"line":19},"4":{"loc":{"start":{"line":21,"column":67},"end":{"line":23,"column":null}},"type":"if","locations":[{"start":{"line":21,"column":67},"end":{"line":23,"column":null}},{"start":{"line":23,"column":28},"end":{"line":23,"column":null}}],"line":21},"5":{"loc":{"start":{"line":21,"column":67},"end":{"line":21,"column":null}},"type":"binary-expr","locations":[{"start":{"line":21,"column":67},"end":{"line":21,"column":null}},{"start":{"line":21,"column":67},"end":{"line":21,"column":null}}],"line":21},"6":{"loc":{"start":{"line":7,"column":11},"end":{"line":7,"column":11}},"type":"binary-expr","locations":[{"start":{"line":7,"column":11},"end":{"line":7,"column":40}},{"start":{"line":7,"column":10},"end":{"line":7,"column":11}}],"line":7},"7":{"loc":{"start":{"line":19,"column":28},"end":{"line":19,"column":37}},"type":"cond-expr","locations":[{"start":{"line":19,"column":28},"end":{"line":19,"column":37}},{"start":{"line":19,"column":28},"end":{"line":19,"column":37}}],"line":19}},"s":{"0":1,"1":3,"2":3,"3":3,"4":3,"5":3,"6":3,"7":3,"8":2,"9":1,"10":3,"11":3,"12":0,"13":3,"14":3,"15":2,"16":1,"17":1,"18":3,"19":3,"20":3,"21":0,"22":3,"23":3,"24":0,"25":3,"26":2,"27":1},"f":{"0":3,"1":3,"2":1,"3":3},"b":{"0":[3,0],"1":[2,1],"2":[2,1],"3":[3,0],"4":[3,0],"5":[3,1],"6":[2,2],"7":[1,0]},"meta":{"lastBranch":8,"lastFunction":4,"lastStatement":28,"seen":{"s:5:6:21:34":0,"f:5:6:5:22":0,"s:5:22:5:23":1,"s:5:23:5:Infinity":2,"s:6:2:7:10":3,"b:8:4:17:17:17:16:17:17":0,"s:8:4:17:17":4,"s:9:12:16:Infinity":5,"f:9:12:9:Infinity":1,"s:10:17:10:Infinity":6,"b:11:4:14:Infinity:12:35:14:Infinity":1,"s:11:4:14:Infinity":7,"s:12:6:12:Infinity":8,"s:14:6:14:Infinity":9,"s:16:4:16:Infinity":10,"s:17:5:17:17":11,"s:17:16:17:17":12,"s:9:2:17:Infinity":13,"b:17:17:19:66:19:65:19:66":2,"s:17:17:19:66":14,"s:18:22:19:66":15,"f:18:22:18:Infinity":2,"s:19:4:19:28":16,"s:19:65:19:66":17,"s:18:22:18:Infinity":18,"b:19:66:21:Infinity:21:67:21:Infinity":3,"s:19:66:21:Infinity":19,"s:21:34:21:Infinity":20,"s:21:67:21:Infinity":21,"b:21:67:23:Infinity:23:28:23:Infinity":4,"s:21:67:23:Infinity":22,"b:21:67:21:Infinity:21:67:21:Infinity":5,"s:21:4:23:Infinity":23,"s:23:28:23:Infinity":24,"s:23:28:21:34":25,"f:5:22:5:23":3,"s:5:22:7:11":26,"b:7:11:7:40:7:10:7:11":6,"s:5:22:19:37":27,"b:19:28:19:37:19:28:19:37":7}}}
,"D:\\karinavd-React2026Q2\\src\\components\\MainPage\\Header.tsx": {"path":"D:\\karinavd-React2026Q2\\src\\components\\MainPage\\Header.tsx","statementMap":{"0":{"start":{"line":8,"column":6},"end":{"line":11,"column":22}},"1":{"start":{"line":8,"column":15},"end":{"line":8,"column":16}},"2":{"start":{"line":8,"column":16},"end":{"line":8,"column":null}},"3":{"start":{"line":9,"column":2},"end":{"line":9,"column":57}},"4":{"start":{"line":9,"column":58},"end":{"line":12,"column":null}},"5":{"start":{"line":12,"column":6},"end":{"line":12,"column":null}},"6":{"start":{"line":12,"column":75},"end":{"line":12,"column":null}},"7":{"start":{"line":12,"column":75},"end":{"line":13,"column":null}},"8":{"start":{"line":13,"column":6},"end":{"line":13,"column":null}},"9":{"start":{"line":13,"column":62},"end":{"line":13,"column":null}},"10":{"start":{"line":13,"column":62},"end":{"line":17,"column":null}},"11":{"start":{"line":15,"column":8},"end":{"line":17,"column":null}},"12":{"start":{"line":17,"column":15},"end":{"line":17,"column":null}},"13":{"start":{"line":20,"column":16},"end":{"line":20,"column":26}},"14":{"start":{"line":20,"column":67},"end":{"line":22,"column":null}},"15":{"start":{"line":18,"column":8},"end":{"line":22,"column":null}},"16":{"start":{"line":22,"column":10},"end":{"line":22,"column":null}},"17":{"start":{"line":22,"column":10},"end":{"line":27,"column":null}},"18":{"start":{"line":23,"column":8},"end":{"line":27,"column":null}},"19":{"start":{"line":27,"column":10},"end":{"line":27,"column":null}},"20":{"start":{"line":27,"column":10},"end":{"line":28,"column":null}},"21":{"start":{"line":14,"column":6},"end":{"line":23,"column":9}},"22":{"start":{"line":28,"column":12},"end":{"line":28,"column":null}},"23":{"start":{"line":28,"column":12},"end":{"line":29,"column":null}},"24":{"start":{"line":11,"column":4},"end":{"line":14,"column":21}},"25":{"start":{"line":29,"column":13},"end":{"line":29,"column":null}},"26":{"start":{"line":29,"column":13},"end":{"line":11,"column":22}}},"fnMap":{"0":{"name":"(anonymous_0)","decl":{"start":{"line":8,"column":6},"end":{"line":8,"column":15}},"loc":{"start":{"line":8,"column":15},"end":{"line":11,"column":22}},"line":8}},"branchMap":{"0":{"loc":{"start":{"line":9,"column":58},"end":{"line":12,"column":null}},"type":"if","locations":[{"start":{"line":9,"column":58},"end":{"line":12,"column":null}},{"start":{"line":12,"column":75},"end":{"line":12,"column":null}}],"line":9},"1":{"loc":{"start":{"line":12,"column":75},"end":{"line":13,"column":null}},"type":"if","locations":[{"start":{"line":12,"column":75},"end":{"line":13,"column":null}},{"start":{"line":13,"column":62},"end":{"line":13,"column":null}}],"line":12},"2":{"loc":{"start":{"line":12,"column":75},"end":{"line":12,"column":null}},"type":"binary-expr","locations":[{"start":{"line":12,"column":75},"end":{"line":12,"column":null}},{"start":{"line":12,"column":75},"end":{"line":12,"column":null}}],"line":12},"3":{"loc":{"start":{"line":13,"column":62},"end":{"line":17,"column":null}},"type":"if","locations":[{"start":{"line":13,"column":62},"end":{"line":17,"column":null}},{"start":{"line":17,"column":15},"end":{"line":17,"column":null}}],"line":13},"4":{"loc":{"start":{"line":20,"column":16},"end":{"line":20,"column":26}},"type":"cond-expr","locations":[{"start":{"line":20,"column":16},"end":{"line":20,"column":26}},{"start":{"line":20,"column":16},"end":{"line":20,"column":26}}],"line":20},"5":{"loc":{"start":{"line":20,"column":67},"end":{"line":22,"column":null}},"type":"if","locations":[{"start":{"line":20,"column":67},"end":{"line":22,"column":null}},{"start":{"line":22,"column":10},"end":{"line":22,"column":null}}],"line":20},"6":{"loc":{"start":{"line":20,"column":67},"end":{"line":20,"column":null}},"type":"binary-expr","locations":[{"start":{"line":20,"column":67},"end":{"line":20,"column":null}},{"start":{"line":20,"column":67},"end":{"line":20,"column":null}}],"line":20},"7":{"loc":{"start":{"line":22,"column":10},"end":{"line":27,"column":null}},"type":"if","locations":[{"start":{"line":22,"column":10},"end":{"line":27,"column":null}},{"start":{"line":27,"column":10},"end":{"line":27,"column":null}}],"line":22},"8":{"loc":{"start":{"line":27,"column":10},"end":{"line":28,"column":null}},"type":"if","locations":[{"start":{"line":27,"column":10},"end":{"line":28,"column":null}},{"start":{"line":28,"column":12},"end":{"line":28,"column":null}}],"line":27},"9":{"loc":{"start":{"line":27,"column":10},"end":{"line":27,"column":null}},"type":"binary-expr","locations":[{"start":{"line":27,"column":10},"end":{"line":27,"column":null}},{"start":{"line":27,"column":10},"end":{"line":27,"column":null}}],"line":27},"10":{"loc":{"start":{"line":28,"column":12},"end":{"line":29,"column":null}},"type":"if","locations":[{"start":{"line":28,"column":12},"end":{"line":29,"column":null}},{"start":{"line":29,"column":13},"end":{"line":29,"column":null}}],"line":28},"11":{"loc":{"start":{"line":28,"column":12},"end":{"line":28,"column":null}},"type":"binary-expr","locations":[{"start":{"line":28,"column":12},"end":{"line":28,"column":null}},{"start":{"line":28,"column":12},"end":{"line":28,"column":null}}],"line":28}},"s":{"0":2,"1":21,"2":21,"3":21,"4":21,"5":10,"6":11,"7":21,"8":20,"9":1,"10":21,"11":10,"12":11,"13":21,"14":21,"15":11,"16":10,"17":21,"18":10,"19":11,"20":21,"21":11,"22":10,"23":21,"24":21,"25":0,"26":21},"f":{"0":21},"b":{"0":[10,11],"1":[20,1],"2":[21,10],"3":[10,11],"4":[2,19],"5":[11,10],"6":[21,10],"7":[10,11],"8":[11,10],"9":[21,10],"10":[21,0],"11":[21,1]},"meta":{"lastBranch":12,"lastFunction":1,"lastStatement":27,"seen":{"s:8:6:11:22":0,"f:8:6:8:15":0,"s:8:15:8:16":1,"s:8:16:8:Infinity":2,"s:9:2:9:57":3,"b:9:58:12:Infinity:12:75:12:Infinity":0,"s:9:58:12:Infinity":4,"s:12:6:12:Infinity":5,"s:12:75:12:Infinity":6,"b:12:75:13:Infinity:13:62:13:Infinity":1,"s:12:75:13:Infinity":7,"b:12:75:12:Infinity:12:75:12:Infinity":2,"s:13:6:13:Infinity":8,"s:13:62:13:Infinity":9,"b:13:62:17:Infinity:17:15:17:Infinity":3,"s:13:62:17:Infinity":10,"s:15:8:17:Infinity":11,"s:17:15:17:Infinity":12,"s:20:16:20:26":13,"b:20:16:20:26:20:16:20:26":4,"b:20:67:22:Infinity:22:10:22:Infinity":5,"s:20:67:22:Infinity":14,"b:20:67:20:Infinity:20:67:20:Infinity":6,"s:18:8:22:Infinity":15,"s:22:10:22:Infinity":16,"b:22:10:27:Infinity:27:10:27:Infinity":7,"s:22:10:27:Infinity":17,"s:23:8:27:Infinity":18,"s:27:10:27:Infinity":19,"b:27:10:28:Infinity:28:12:28:Infinity":8,"s:27:10:28:Infinity":20,"b:27:10:27:Infinity:27:10:27:Infinity":9,"s:14:6:23:9":21,"s:28:12:28:Infinity":22,"b:28:12:29:Infinity:29:13:29:Infinity":10,"s:28:12:29:Infinity":23,"b:28:12:28:Infinity:28:12:28:Infinity":11,"s:11:4:14:21":24,"s:29:13:29:Infinity":25,"s:29:13:11:22":26}}}
[...]
1":{"start":{"line":3,"column":19},"end":{"line":3,"column":20}},"2":{"start":{"line":3,"column":20},"end":{"line":3,"column":null}},"3":{"start":{"line":12,"column":18},"end":{"line":12,"column":35}},"4":{"start":{"line":12,"column":35},"end":{"line":13,"column":null}},"5":{"start":{"line":13,"column":17},"end":{"line":13,"column":null}},"6":{"start":{"line":13,"column":23},"end":{"line":13,"column":52}},"7":{"start":{"line":13,"column":52},"end":{"line":13,"column":null}},"8":{"start":{"line":13,"column":52},"end":{"line":16,"column":null}},"9":{"start":{"line":10,"column":6},"end":{"line":16,"column":null}},"10":{"start":{"line":16,"column":15},"end":{"line":16,"column":null}},"11":{"start":{"line":16,"column":15},"end":{"line":19,"column":null}},"12":{"start":{"line":17,"column":6},"end":{"line":19,"column":null}},"13":{"start":{"line":19,"column":10},"end":{"line":19,"column":null}},"14":{"start":{"line":22,"column":18},"end":{"line":22,"column":43}},"15":{"start":{"line":22,"column":43},"end":{"line":23,"column":null}},"16":{"start":{"line":23,"column":17},"end":{"line":23,"column":null}},"17":{"start":{"line":23,"column":23},"end":{"line":23,"column":52}},"18":{"start":{"line":23,"column":52},"end":{"line":23,"column":null}},"19":{"start":{"line":23,"column":52},"end":{"line":26,"column":null}},"20":{"start":{"line":20,"column":6},"end":{"line":26,"column":null}},"21":{"start":{"line":26,"column":15},"end":{"line":26,"column":null}},"22":{"start":{"line":26,"column":15},"end":{"line":27,"column":null}},"23":{"start":{"line":9,"column":4},"end":{"line":20,"column":null}},"24":{"start":{"line":27,"column":10},"end":{"line":27,"column":null}},"25":{"start":{"line":27,"column":10},"end":{"line":9,"column":19}}},"fnMap":{"0":{"name":"(anonymous_0)","decl":{"start":{"line":3,"column":6},"end":{"line":3,"column":19}},"loc":{"start":{"line":3,"column":19},"end":{"line":9,"column":19}},"line":3},"1":{"name":"(anonymous_1)","decl":{"start":{"line":13,"column":17},"end":{"line":13,"column":23}},"loc":{"start":{"line":13,"column":23},"end":{"line":13,"column":52}},"line":13},"2":{"name":"(anonymous_2)","decl":{"start":{"line":23,"column":17},"end":{"line":23,"column":23}},"loc":{"start":{"line":23,"column":23},"end":{"line":23,"column":52}},"line":23}},"branchMap":{"0":{"loc":{"start":{"line":12,"column":35},"end":{"line":13,"column":null}},"type":"if","locations":[{"start":{"line":12,"column":35},"end":{"line":13,"column":null}},{"start":{"line":13,"column":52},"end":{"line":13,"column":null}}],"line":12},"1":{"loc":{"start":{"line":12,"column":35},"end":{"line":12,"column":null}},"type":"binary-expr","locations":[{"start":{"line":12,"column":35},"end":{"line":12,"column":null}},{"start":{"line":12,"column":35},"end":{"line":12,"column":null}}],"line":12},"2":{"loc":{"start":{"line":13,"column":52},"end":{"line":16,"column":null}},"type":"if","locations":[{"start":{"line":13,"column":52},"end":{"line":16,"column":null}},{"start":{"line":16,"column":15},"end":{"line":16,"column":null}}],"line":13},"3":{"loc":{"start":{"line":13,"column":52},"end":{"line":13,"column":null}},"type":"binary-expr","locations":[{"start":{"line":13,"column":52},"end":{"line":13,"column":null}},{"start":{"line":13,"column":52},"end":{"line":13,"column":null}}],"line":13},"4":{"loc":{"start":{"line":16,"column":15},"end":{"line":19,"column":null}},"type":"if","locations":[{"start":{"line":16,"column":15},"end":{"line":19,"column":null}},{"start":{"line":19,"column":10},"end":{"line":19,"column":null}}],"line":16},"5":{"loc":{"start":{"line":16,"column":15},"end":{"line":16,"column":null}},"type":"binary-expr","locations":[{"start":{"line":16,"column":15},"end":{"line":16,"column":null}},{"start":{"line":16,"column":15},"end":{"line":16,"column":null}}],"line":16},"6":{"loc":{"start":{"line":22,"column":43},"end":{"line":23,"column":null}},"type":"if","locations":[{"start":{"line":22,"column":43},"end":{"line":23,"column":null}},{"start":{"line":23,"column":52},"end":{"line":23,"column":null}}],"line":22},"7":{"loc":{"start":{"line":22,"column":43},"end":{"line":22,"column":null}},"type":"binary-expr","locations":[{"start":{"line":22,"column":43},"end":{"line":22,"column":null}},{"start":{"line":22,"column":43},"end":{"line":22,"column":null}}],"line":22},"8":{"loc":{"start":{"line":23,"column":52},"end":{"line":26,"column":null}},"type":"if","locations":[{"start":{"line":23,"column":52},"end":{"line":26,"column":null}},{"start":{"line":26,"column":15},"end":{"line":26,"column":null}}],"line":23},"9":{"loc":{"start":{"line":23,"column":52},"end":{"line":23,"column":null}},"type":"binary-expr","locations":[{"start":{"line":23,"column":52},"end":{"line":23,"column":null}},{"start":{"line":23,"column":52},"end":{"line":23,"column":null}}],"line":23},"10":{"loc":{"start":{"line":26,"column":15},"end":{"line":27,"column":null}},"type":"if","locations":[{"start":{"line":26,"column":15},"end":{"line":27,"column":null}},{"start":{"line":27,"column":10},"end":{"line":27,"column":null}}],"line":26},"11":{"loc":{"start":{"line":26,"column":15},"end":{"line":26,"column":null}},"type":"binary-expr","locations":[{"start":{"line":26,"column":15},"end":{"line":26,"column":null}},{"start":{"line":26,"column":15},"end":{"line":26,"column":null}},{"start":{"line":26,"column":15},"end":{"line":26,"column":null}}],"line":26}},"s":{"0":1,"1":7,"2":7,"3":7,"4":7,"5":7,"6":0,"7":0,"8":7,"9":7,"10":0,"11":7,"12":7,"13":0,"14":7,"15":7,"16":7,"17":0,"18":0,"19":7,"20":7,"21":0,"22":7,"23":7,"24":0,"25":7},"f":{"0":7,"1":0,"2":0},"b":{"0":[7,0],"1":[7,0],"2":[7,0],"3":[7,0],"4":[7,0],"5":[7,0],"6":[7,0],"7":[7,0],"8":[7,0],"9":[7,0],"10":[7,0],"11":[7,0,0]},"meta":{"lastBranch":12,"lastFunction":3,"lastStatement":26,"seen":{"s:3:6:9:19":0,"f:3:6:3:19":0,"s:3:19:3:20":1,"s:3:20:3:Infinity":2,"s:12:18:12:35":3,"b:12:35:13:Infinity:13:52:13:Infinity":0,"s:12:35:13:Infinity":4,"b:12:35:12:Infinity:12:35:12:Infinity":1,"s:13:17:13:Infinity":5,"f:13:17:13:23":1,"s:13:23:13:52":6,"s:13:52:13:Infinity":7,"b:13:52:16:Infinity:16:15:16:Infinity":2,"s:13:52:16:Infinity":8,"b:13:52:13:Infinity:13:52:13:Infinity":3,"s:10:6:16:Infinity":9,"s:16:15:16:Infinity":10,"b:16:15:19:Infinity:19:10:19:Infinity":4,"s:16:15:19:Infinity":11,"b:16:15:16:Infinity:16:15:16:Infinity":5,"s:17:6:19:Infinity":12,"s:19:10:19:Infinity":13,"s:22:18:22:43":14,"b:22:43:23:Infinity:23:52:23:Infinity":6,"s:22:43:23:Infinity":15,"b:22:43:22:Infinity:22:43:22:Infinity":7,"s:23:17:23:Infinity":16,"f:23:17:23:23":2,"s:23:23:23:52":17,"s:23:52:23:Infinity":18,"b:23:52:26:Infinity:26:15:26:Infinity":8,"s:23:52:26:Infinity":19,"b:23:52:23:Infinity:23:52:23:Infinity":9,"s:20:6:26:Infinity":20,"s:26:15:26:Infinity":21,"b:26:15:27:Infinity:27:10:27:Infinity":10,"s:26:15:27:Infinity":22,"b:26:15:26:Infinity:26:15:26:Infinity:26:15:26:Infinity":11,"s:9:4:20:Infinity":23,"s:27:10:27:Infinity":24,"s:27:10:9:19":25}}}
,"D:\\karinavd-React2026Q2\\src\\hooks\\useCharactersQuery.ts": {"path":"D:\\karinavd-React2026Q2\\src\\hooks\\useCharactersQuery.ts","statementMap":{"0":{"start":{"line":4,"column":27},"end":{"line":22,"column":null}},"1":{"start":{"line":5,"column":2},"end":{"line":5,"column":null}},"2":{"start":{"line":5,"column":33},"end":{"line":5,"column":57}},"3":{"start":{"line":6,"column":14},"end":{"line":6,"column":58}},"4":{"start":{"line":7,"column":2},"end":{"line":8,"column":null}},"5":{"start":{"line":8,"column":4},"end":{"line":8,"column":null}},"6":{"start":{"line":10,"column":15},"end":{"line":10,"column":31}},"7":{"start":{"line":11,"column":2},"end":{"line":22,"column":null}},"8":{"start":{"line":11,"column":45},"end":{"line":22,"column":5}},"9":{"start":{"line":25,"column":6},"end":{"line":32,"column":null}},"10":{"start":{"line":29,"column":2},"end":{"line":29,"column":null}},"11":{"start":{"line":29,"column":19},"end":{"line":29,"column":null}},"12":{"start":{"line":30,"column":2},"end":{"line":32,"column":null}},"13":{"start":{"line":31,"column":4},"end":{"line":31,"column":null}},"14":{"start":{"line":35,"column":13},"end":{"line":42,"column":null}},"15":{"start":{"line":35,"column":34},"end":{"line":35,"column":35}},"16":{"start":{"line":35,"column":35},"end":{"line":35,"column":58}},"17":{"start":{"line":35,"column":58},"end":{"line":42,"column":4}},"18":{"start":{"line":36,"column":38},"end":{"line":42,"column":4}},"19":{"start":{"line":39,"column":28},"end":{"line":39,"column":54}},"20":{"start":{"line":39,"column":55},"end":{"line":40,"column":null}},"21":{"start":{"line":42,"column":3},"end":{"line":42,"column":4}},"22":{"start":{"line":42,"column":3},"end":{"line":42,"column":null}},"23":{"start":{"line":45,"column":13},"end":{"line":55,"column":null}},"24":{"start":{"line":45,"column":40},"end":{"line":45,"column":null}},"25":{"start":{"line":45,"column":40},"end":{"line":53,"column":null}},"26":{"start":{"line":47,"column":14},"end":{"line":47,"column":null}},"27":{"start":{"line":48,"column":13},"end":{"line":52,"column":null}},"28":{"start":{"line":49,"column":6},"end":{"line":49,"column":null}},"29":{"start":{"line":49,"column":22},"end":{"line":49,"column":null}},"30":{"start":{"line":50,"column":28},"end":{"line":50,"column":54}},"31":{"start":{"line":51,"column":24},"end":{"line":51,"column":79}},"32":{"start":{"line":51,"column":53},"end":{"line":51,"column":79}},"33":{"start":{"line":51,"column":80},"end":{"line":52,"column":null}},"34":{"start":{"line":53,"column":5},"end":{"line":53,"column":null}},"35":{"start":{"line":54,"column":13},"end":{"line":54,"column":26}},"36":{"start":{"line":54,"column":26},"end":{"line":55,"column":4}},"37":{"start":{"line":46,"column":43},"end":{"line":55,"column":4}},"38":{"start":{"line":55,"column":3},"end":{"line":55,"column":4}},"39":{"start":{"line":55,"column":3},"end":{"line":55,"column":null}},"40":{"start":{"line":58,"column":13},"end":{"line":59,"column":null}},"41":{"start":{"line":58,"column":40},"end":{"line":59,"column":null}},"42":{"start":{"line":62,"column":13},"end":{"line":64,"column":null}},"43":{"start":{"line":62,"column":44},"end":{"line":62,"column":null}},"44":{"start":{"line":63,"column":2},"end":{"line":63,"column":38}},"45":{"start":{"line":63,"column":39},"end":{"line":69,"column":null}},"46":{"start":{"line":64,"column":9},"end":{"line":68,"column":null}},"47":{"start":{"line":65,"column":4},"end":{"line":68,"column":null}},"48":{"start":{"line":69,"column":3},"end":{"line":69,"column":null}},"49":{"start":{"line":69,"column":3},"end":{"line":64,"column":null}},"50":{"start":{"line":72,"column":13},"end":{"line":74,"column":null}},"51":{"start":{"line":72,"column":43},"end":{"line":72,"column":null}},"52":{"start":{"line":73,"column":2},"end":{"line":73,"column":38}},"53":{"start":{"line":73,"column":39},"end":{"line":76,"column":null}},"54":{"start":{"line":74,"column":9},"end":{"line":75,"column":null}},"55":{"start":{"line":75,"column":4},"end":{"line":75,"column":null}},"56":{"start":{"line":76,"column":3},"end":{"line":76,"column":null}},"57":{"start":{"line":76,"column":3},"end":{"line":74,"column":null}}},"fnMap":{"0":{"name":"(anonymous_0)","decl":{"start":{"line":4,"column":27},"end":{"line":4,"column":61}},"loc":{"start":{"line":4,"column":61},"end":{"line":22,"column":null}},"line":4},"1":{"name":"(anonymous_1)","decl":{"start":{"line":5,"column":12},"end":{"line":5,"column":21}},"loc":{"start":{"line":5,"column":33},"end":{"line":5,"column":57}},"line":5},"2":{"name":"(anonymous_2)","decl":{"start":{"line":11,"column":14},"end":{"line":11,"column":19}},"loc":{"start":{"line":11,"column":45},"end":{"line":22,"column":5}},"line":11},"3":{"name":"(anonymous_3)","decl":{"start":{"line":25,"column":6},"end":{"line":25,"column":null}},"loc":{"start":{"line":28,"column":18},"end":{"line":32,"column":null}},"line":28},"4":{"name":"(anonymous_4)","decl":{"start":{"line":30,"column":20},"end":{"line":30,"column":28}},"loc":{"start":{"line":31,"column":4},"end":{"line":31,"column":null}},"line":31},"5":{"name":"(anonymous_5)","decl":{"start":{"line":35,"column":13},"end":{"line":35,"column":34}},"loc":{"start":{"line":35,"column":34},"end":{"line":42,"column":null}},"line":35},"6":{"name":"(anonymous_6)","decl":{"start":{"line":38,"column":13},"end":{"line":38,"column":null}},"loc":{"start":{"line":38,"column":13},"end":{"line":40,"column":null}},"line":38},"7":{"name":"(anonymous_7)","decl":{"start":{"line":45,"column":13},"end":{"line":45,"column":40}},"loc":{"start":{"line":45,"column":40},"end":{"line":55,"column":null}},"line":45},"8":{"name":"(anonymous_8)","decl":{"start":{"line":48,"column":13},"end":{"line":48,"column":null}},"loc":{"start":{"line":48,"column":13},"end":{"line":52,"column":null}},"line":48},"9":{"name":"(anonymous_9)","decl":{"start":{"line":51,"column":37},"end":{"line":51,"column":43}},"loc":{"start":{"line":51,"column":53},"end":{"line":51,"column":79}},"line":51},"10":{"name":"(anonymous_10)","decl":{"start":{"line":58,"column":13},"end":{"line":58,"column":40}},"loc":{"start":{"line":58,"column":40},"end":{"line":59,"column":null}},"line":58},"11":{"name":"(anonymous_11)","decl":{"start":{"line":62,"column":13},"end":{"line":62,"column":44}},"loc":{"start":{"line":62,"column":44},"end":{"line":64,"column":null}},"line":62},"12":{"name":"(anonymous_12)","decl":{"start":{"line":64,"column":9},"end":{"line":64,"column":null}},"loc":{"start":{"line":64,"column":9},"end":{"line":68,"column":null}},"line":64},"13":{"name":"(anonymous_13)","decl":{"start":{"line":72,"column":13},"end":{"line":72,"column":43}},"loc":{"start":{"line":72,"column":43},"end":{"line":74,"column":null}},"line":72},"14":{"name":"(anonymous_14)","decl":{"start":{"line":74,"column":9},"end":{"line":74,"column":null}},"loc":{"start":{"line":74,"column":9},"end":{"line":75,"column":null}},"line":74}},"branchMap":{"0":{"loc":{"start":{"line":7,"column":2},"end":{"line":8,"column":null}},"type":"if","locations":[{"start":{"line":7,"column":2},"end":{"line":8,"column":null}},{"start":{},"end":{}}],"line":7},"1":{"loc":{"start":{"line":29,"column":2},"end":{"line":29,"column":null}},"type":"if","locations":[{"start":{"line":29,"column":2},"end":{"line":29,"column":null}},{"start":{},"end":{}}],"line":29},"2":{"loc":{"start":{"line":35,"column":35},"end":{"line":35,"column":58}},"type":"cond-expr","locations":[{"start":{"line":35,"column":35},"end":{"line":35,"column":58}},{"start":{"line":35,"column":35},"end":{"line":35,"column":58}}],"line":35},"3":{"loc":{"start":{"line":35,"column":58},"end":{"line":42,"column":4}},"type":"if","locations":[{"start":{"line":35,"column":58},"end":{"line":42,"column":4}},{"start":{"line":42,"column":3},"end":{"line":42,"column":4}}],"line":35},"4":{"loc":{"start":{"line":45,"column":40},"end":{"line":53,"column":null}},"type":"if","locations":[{"start":{"line":45,"column":40},"end":{"line":53,"column":null}},{"start":{"line":53,"column":5},"end":{"line":53,"column":null}}],"line":45},"5":{"loc":{"start":{"line":49,"column":6},"end":{"line":49,"column":null}},"type":"if","locations":[{"start":{"line":49,"column":6},"end":{"line":49,"column":null}},{"start":{},"end":{}}],"line":49},"6":{"loc":{"start":{"line":52,"column":13},"end":{"line":52,"column":null}},"type":"binary-expr","locations":[{"start":{"line":52,"column":13},"end":{"line":52,"column":null}},{"start":{"line":52,"column":13},"end":{"line":52,"column":null}}],"line":52},"7":{"loc":{"start":{"line":54,"column":26},"end":{"line":55,"column":4}},"type":"if","locations":[{"start":{"line":54,"column":26},"end":{"line":55,"column":4}},{"start":{"line":55,"column":3},"end":{"line":55,"column":4}}],"line":54},"8":{"loc":{"start":{"line":54,"column":26},"end":{"line":54,"column":null}},"type":"binary-expr","locations":[{"start":{"line":54,"column":26},"end":{"line":54,"column":null}},{"start":{"line":54,"column":26},"end":{"line":54,"column":null}},{"start":{"line":54,"column":26},"end":{"line":54,"column":null}}],"line":54},"9":{"loc":{"start":{"line":63,"column":39},"end":{"line":69,"column":null}},"type":"if","locations":[{"start":{"line":63,"column":39},"end":{"line":69,"column":null}},{"start":{"line":69,"column":3},"end":{"line":69,"column":null}}],"line":63},"10":{"loc":{"start":{"line":73,"column":39},"end":{"line":76,"column":null}},"type":"if","locations":[{"start":{"line":73,"column":39},"end":{"line":76,"column":null}},{"start":{"line":76,"column":3},"end":{"line":76,"column":null}}],"line":73}},"s":{"0":2,"1":18,"2":18,"3":18,"4":14,"5":0,"6":14,"7":14,"8":24,"9":2,"10":10,"11":8,"12":2,"13":4,"14":2,"15":18,"16":18,"17":18,"18":9,"19":12,"20":10,"21":9,"22":18,"23":2,"24":9,"25":9,"26":4,"27":4,"28":6,"29":0,"30":6,"31":4,"32":4,"33":4,"34":5,"35":9,"36":9,"37":4,"38":5,"39":9,"40":2,"41":0,"42":2,"43":18,"44":18,"45":18,"46":8,"47":1,"48":10,"49":18,"50":2,"51":9,"52":9,"53":9,"54":4,"55":1,"56":5,"57":9},"f":{"0":18,"1":18,"2":24,"3":10,"4":4,"5":18,"6":12,"7":9,"8":6,"9":4,"10":0,"11":18,"12":1,"13":9,"14":1},"b":{"0":[0,14],"1":[8,2],"2":[0,18],"3":[9,9],"4":[4,5],"5":[0,6],"6":[4,0],"7":[4,5],"8":[9,5,5],"9":[8,10],"10":[4,5]},"meta":{"lastBranch":11,"lastFunction":15,"lastStatement":58,"seen":{"s:4:27:22:Infinity":0,"f:4:27:4:61":0,"s:5:2:5:Infinity":1,"f:5:12:5:21":1,"s:5:33:5:57":2,"s:6:14:6:58":3,"b:7:2:8:Infinity:undefined:undefined:undefined:undefined":0,"s:7:2:8:Infinity":4,"s:8:4:8:Infinity":5,"s:10:15:10:31":6,"s:11:2:22:Infinity":7,"f:11:14:11:19":2,"s:11:45:22:5":8,"s:25:6:32:Infinity":9,"f:25:6:25:Infinity":3,"b:29:2:29:Infinity:undefined:undefined:undefined:undefined":1,"s:29:2:29:Infinity":10,"s:29:19:29:Infinity":11,"s:30:2:32:Infinity":12,"f:30:20:30:28":4,"s:31:4:31:Infinity":13,"s:35:13:42:Infinity":14,"f:35:13:35:34":5,"s:35:34:35:35":15,"s:35:35:35:58":16,"b:35:35:35:58:35:35:35:58":2,"b:35:58:42:4:42:3:42:4":3,"s:35:58:42:4":17,"s:36:38:42:4":18,"f:38:13:38:Infinity":6,"s:39:28:39:54":19,"s:39:55:40:Infinity":20,"s:42:3:42:4":21,"s:42:3:42:Infinity":22,"s:45:13:55:Infinity":23,"f:45:13:45:40":7,"s:45:40:45:Infinity":24,"b:45:40:53:Infinity:53:5:53:Infinity":4,"s:45:40:53:Infinity":25,"s:47:14:47:Infinity":26,"s:48:13:52:Infinity":27,"f:48:13:48:Infinity":8,"b:49:6:49:Infinity:undefined:undefined:undefined:undefined":5,"s:49:6:49:Infinity":28,"s:49:22:49:Infinity":29,"s:50:28:50:54":30,"s:51:24:51:79":31,"f:51:37:51:43":9,"s:51:53:51:79":32,"s:51:80:52:Infinity":33,"b:52:13:52:Infinity:52:13:52:Infinity":6,"s:53:5:53:Infinity":34,"s:54:13:54:26":35,"b:54:26:55:4:55:3:55:4":7,"s:54:26:55:4":36,"b:54:26:54:Infinity:54:26:54:Infinity:54:26:54:Infinity":8,"s:46:43:55:4":37,"s:55:3:55:4":38,"s:55:3:55:Infinity":39,"s:58:13:59:Infinity":40,"f:58:13:58:40":10,"s:58:40:59:Infinity":41,"s:62:13:64:Infinity":42,"f:62:13:62:44":11,"s:62:44:62:Infinity":43,"s:63:2:63:38":44,"b:63:39:69:Infinity:69:3:69:Infinity":9,"s:63:39:69:Infinity":45,"s:64:9:68:Infinity":46,"f:64:9:64:Infinity":12,"s:65:4:68:Infinity":47,"s:69:3:69:Infinity":48,"s:69:3:64:Infinity":49,"s:72:13:74:Infinity":50,"f:72:13:72:43":13,"s:72:43:72:Infinity":51,"s:73:2:73:38":52,"b:73:39:76:Infinity:76:3:76:Infinity":10,"s:73:39:76:Infinity":53,"s:74:9:75:Infinity":54,"f:74:9:74:Infinity":14,"s:75:4:75:Infinity":55,"s:76:3:76:Infinity":56,"s:76:3:74:Infinity":57}}}
,"D:\\karinavd-React2026Q2\\src\\lib\\queryClient.ts": {"path":"D:\\karinavd-React2026Q2\\src\\lib\\queryClient.ts","statementMap":{"0":{"start":{"line":3,"column":17},"end":{"line":3,"column":74}},"1":{"start":{"line":5,"column":27},"end":{"line":14,"column":2}}},"fnMap":{},"branchMap":{"0":{"loc":{"start":{"line":3,"column":26},"end":{"line":3,"column":71}},"type":"binary-expr","locations":[{"start":{"line":3,"column":26},"end":{"line":3,"column":63}},{"start":{"line":3,"column":63},"end":{"line":3,"column":71}}],"line":3}},"s":{"0":2,"1":2},"f":{},"b":{"0":[2,0]},"meta":{"lastBranch":1,"lastFunction":0,"lastStatement":2,"seen":{"s:3:17:3:74":0,"b:3:26:3:63:3:63:3:71":0,"s:5:27:14:2":1}}}
}
