{"D:\\karinavd-React2026Q2\\src\\App.tsx": {"path":"D:\\karinavd-React2026Q2\\src\\App.tsx","statementMap":{"0":{"start":{"line":7,"column":13},"end":{"line":9,"column":5}},"1":{"start":{"line":7,"column":19},"end":{"line":7,"column":null}},"2":{"start":{"line":7,"column":19},"end":{"line":11,"column":null}},"3":{"start":{"line":11,"column":33},"end":{"line":11,"column":null}},"4":{"start":{"line":11,"column":45},"end":{"line":11,"column":null}},"5":{"start":{"line":11,"column":45},"end":{"line":13,"column":null}},"6":{"start":{"line":11,"column":8},"end":{"line":13,"column":null}},"7":{"start":{"line":13,"column":16},"end":{"line":13,"column":null}},"8":{"start":{"line":13,"column":16},"end":{"line":14,"column":null}},"9":{"start":{"line":14,"column":8},"end":{"line":14,"column":null}},"10":{"start":{"line":14,"column":51},"end":{"line":14,"column":null}},"11":{"start":{"line":14,"column":51},"end":{"line":17,"column":null}},"12":{"start":{"line":9,"column":4},"end":{"line":17,"column":null}},"13":{"start":{"line":17,"column":20},"end":{"line":17,"column":null}},"14":{"start":{"line":17,"column":20},"end":{"line":9,"column":5}}},"fnMap":{"0":{"name":"(anonymous_0)","decl":{"start":{"line":7,"column":13},"end":{"line":7,"column":19}},"loc":{"start":{"line":7,"column":19},"end":{"line":9,"column":5}},"line":7}},"branchMap":{"0":{"loc":{"start":{"line":7,"column":19},"end":{"line":11,"column":null}},"type":"if","locations":[{"start":{"line":7,"column":19},"end":{"line":11,"column":null}},{"start":{"line":11,"column":45},"end":{"line":11,"column":null}}],"line":7},"1":{"loc":{"start":{"line":11,"column":45},"end":{"line":13,"column":null}},"type":"if","locations":[{"start":{"line":11,"column":45},"end":{"line":13,"column":null}},{"start":{"line":13,"column":16},"end":{"line":13,"column":null}}],"line":11},"2":{"loc":{"start":{"line":13,"column":16},"end":{"line":14,"column":null}},"type":"if","locations":[{"start":{"line":13,"column":16},"end":{"line":14,"column":null}},{"start":{"line":14,"column":51},"end":{"line":14,"column":null}}],"line":13},"3":{"loc":{"start":{"line":14,"column":51},"end":{"line":17,"column":null}},"type":"if","locations":[{"start":{"line":14,"column":51},"end":{"line":17,"column":null}},{"start":{"line":17,"column":20},"end":{"line":17,"column":null}}],"line":14}},"s":{"0":1,"1":6,"2":6,"3":6,"4":0,"5":6,"6":6,"7":0,"8":6,"9":6,"10":0,"11":6,"12":6,"13":0,"14":6},"f":{"0":6},"b":{"0":[6,0],"1":[6,0],"2":[6,0],"3":[6,0]},"meta":{"lastBranch":4,"lastFunction":1,"lastStatement":15,"seen":{"s:7:13:9:5":0,"f:7:13:7:19":0,"s:7:19:7:Infinity":1,"b:7:19:11:Infinity:11:45:11:Infinity":0,"s:7:19:11:Infinity":2,"s:11:33:11:Infinity":3,"s:11:45:11:Infinity":4,"b:11:45:13:Infinity:13:16:13:Infinity":1,"s:11:45:13:Infinity":5,"s:11:8:13:Infinity":6,"s:13:16:13:Infinity":7,"b:13:16:14:Infinity:14:51:14:Infinity":2,"s:13:16:14:Infinity":8,"s:14:8:14:Infinity":9,"s:14:51:14:Infinity":10,"b:14:51:17:Infinity:17:20:17:Infinity":3,"s:14:51:17:Infinity":11,"s:9:4:17:Infinity":12,"s:17:20:17:Infinity":13,"s:17:20:9:5":14}}}
,"D:\\karinavd-React2026Q2\\src\\OutSideClick.tsx": {"path":"D:\\karinavd-React2026Q2\\src\\OutSideClick.tsx","statementMap":{"0":{"start":{"line":3,"column":15},"end":{"line":3,"column":null}},"1":{"start":{"line":6,"column":2},"end":{"line":6,"column":60}},"2":{"start":{"line":6,"column":61},"end":{"line":22,"column":11}},"3":{"start":{"line":7,"column":12},"end":{"line":20,"column":null}},"4":{"start":{"line":8,"column":4},"end":{"line":13,"column":null}},"5":{"start":{"line":9,"column":6},"end":{"line":13,"column":null}},"6":{"start":{"line":10,"column":8},"end":{"line":13,"column":null}},"7":{"start":{"line":11,"column":10},"end":{"line":11,"column":null}},"8":{"start":{"line":13,"column":10},"end":{"line":13,"column":null}},"9":{"start":{"line":18,"column":4},"end":{"line":18,"column":null}},"10":{"start":{"line":18,"column":62},"end":{"line":20,"column":null}},"11":{"start":{"line":20,"column":6},"end":{"line":20,"column":null}},"12":{"start":{"line":22,"column":5},"end":{"line":22,"column":11}},"13":{"start":{"line":22,"column":10},"end":{"line":22,"column":11}},"14":{"start":{"line":7,"column":2},"end":{"line":22,"column":null}},"15":{"start":{"line":22,"column":11},"end":{"line":23,"column":null}}},"fnMap":{"0":{"name":"useOutsideClick","decl":{"start":{"line":3,"column":15},"end":{"line":3,"column":null}},"loc":{"start":{"line":3,"column":15},"end":{"line":23,"column":null}},"line":3},"1":{"name":"(anonymous_1)","decl":{"start":{"line":7,"column":12},"end":{"line":7,"column":null}},"loc":{"start":{"line":7,"column":12},"end":{"line":20,"column":null}},"line":7},"2":{"name":"handleClickOutside","decl":{"start":{"line":8,"column":4},"end":{"line":8,"column":null}},"loc":{"start":{"line":8,"column":4},"end":{"line":13,"column":null}},"line":8},"3":{"name":"(anonymous_3)","decl":{"start":{"line":18,"column":62},"end":{"line":18,"column":null}},"loc":{"start":{"line":19,"column":11},"end":{"line":20,"column":null}},"line":19}},"branchMap":{"0":{"loc":{"start":{"line":6,"column":61},"end":{"line":22,"column":11}},"type":"if","locations":[{"start":{"line":6,"column":61},"end":{"line":22,"column":11}},{"start":{"line":22,"column":10},"end":{"line":22,"column":11}}],"line":6},"1":{"loc":{"start":{"line":9,"column":6},"end":{"line":13,"column":null}},"type":"if","locations":[{"start":{"line":9,"column":6},"end":{"line":13,"column":null}},{"start":{},"end":{}}],"line":9},"2":{"loc":{"start":{"line":10,"column":8},"end":{"line":13,"column":null}},"type":"if","locations":[{"start":{"line":10,"column":8},"end":{"line":13,"column":null}},{"start":{"line":11,"column":28},"end":{"line":13,"column":null}}],"line":10},"3":{"loc":{"start":{"line":10,"column":12},"end":{"line":10,"column":62}},"type":"binary-expr","locations":[{"start":{"line":10,"column":12},"end":{"line":10,"column":28}},{"start":{"line":10,"column":12},"end":{"line":10,"column":62}}],"line":10}},"s":{"0":3,"1":3,"2":3,"3":1,"4":1,"5":0,"6":0,"7":0,"8":0,"9":1,"10":1,"11":1,"12":1,"13":2,"14":3,"15":3},"f":{"0":3,"1":1,"2":0,"3":1},"b":{"0":[1,2],"1":[0,0],"2":[0,0],"3":[0,0]},"meta":{"lastBranch":4,"lastFunction":4,"lastStatement":16,"seen":{"f:3:15:3:Infinity":0,"s:3:15:3:Infinity":0,"s:6:2:6:60":1,"b:6:61:22:11:22:10:22:11":0,"s:6:61:22:11":2,"s:7:12:20:Infinity":3,"f:7:12:7:Infinity":1,"s:8:4:13:Infinity":4,"f:8:4:8:Infinity":2,"b:9:6:13:Infinity:undefined:undefined:undefined:undefined":1,"s:9:6:13:Infinity":5,"b:10:8:13:Infinity:11:28:13:Infinity":2,"s:10:8:13:Infinity":6,"b:10:12:10:28:10:12:10:62":3,"s:11:10:11:Infinity":7,"s:13:10:13:Infinity":8,"s:18:4:18:Infinity":9,"s:18:62:20:Infinity":10,"f:18:62:18:Infinity":3,"s:20:6:20:Infinity":11,"s:22:5:22:11":12,"s:22:10:22:11":13,"s:7:2:22:Infinity":14,"s:22:11:23:Infinity":15}}}
,"D:\\karinavd-React2026Q2\\src\\ThemeContext.ts": {"path":"D:\\karinavd-React2026Q2\\src\\ThemeContext.ts","statementMap":{"0":{"start":{"line":4,"column":13},"end":{"line":7,"column":2}}},"fnMap":{"0":{"name":"(anonymous_0)","decl":{"start":{"line":6,"column":2},"end":{"line":6,"column":21}},"loc":{"start":{"line":6,"column":21},"end":{"line":6,"column":null}},"line":6}},"branchMap":{},"s":{"0":2},"f":{"0":0},"b":{},"meta":{"lastBranch":0,"lastFunction":1,"lastStatement":1,"seen":{"s:4:13:7:2":0,"f:6:2:6:21":0}}}
,"D:\\karinavd-React2026Q2\\src\\fetchData.ts": {"path":"D:\\karinavd-React2026Q2\\src\\fetchData.ts","statementMap":{"0":{"start":{"line":3,"column":35},"end":{"line":26,"column":null}},"1":{"start":{"line":6,"column":2},"end":{"line":6,"column":null}},"2":{"start":{"line":6,"column":33},"end":{"line":6,"column":57}},"3":{"start":{"line":7,"column":14},"end":{"line":9,"column":3}},"4":{"start":{"line":8,"column":4},"end":{"line":8,"column":null}},"5":{"start":{"line":10,"column":29},"end":{"line":14,"column":null}},"6":{"start":{"line":12,"column":8},"end":{"line":12,"column":null}},"7":{"start":{"line":15,"column":2},"end":{"line":26,"column":null}},"8":{"start":{"line":15,"column":59},"end":{"line":26,"column":5}}},"fnMap":{"0":{"name":"(anonymous_0)","decl":{"start":{"line":3,"column":35},"end":{"line":3,"column":null}},"loc":{"start":{"line":5,"column":27},"end":{"line":26,"column":null}},"line":5},"1":{"name":"(anonymous_1)","decl":{"start":{"line":6,"column":12},"end":{"line":6,"column":21}},"loc":{"start":{"line":6,"column":33},"end":{"line":6,"column":57}},"line":6},"2":{"name":"(anonymous_2)","decl":{"start":{"line":7,"column":59},"end":{"line":7,"column":65}},"loc":{"start":{"line":8,"column":4},"end":{"line":8,"column":null}},"line":8},"3":{"name":"(anonymous_3)","decl":{"start":{"line":11,"column":10},"end":{"line":11,"column":18}},"loc":{"start":{"line":12,"column":8},"end":{"line":12,"column":null}},"line":12},"4":{"name":"(anonymous_4)","decl":{"start":{"line":15,"column":28},"end":{"line":15,"column":33}},"loc":{"start":{"line":15,"column":59},"end":{"line":26,"column":5}},"line":15}},"branchMap":{"0":{"loc":{"start":{"line":10,"column":29},"end":{"line":14,"column":null}},"type":"cond-expr","locations":[{"start":{"line":11,"column":6},"end":{"line":13,"column":7}},{"start":{"line":14,"column":6},"end":{"line":14,"column":null}}],"line":10}},"s":{"0":1,"1":8,"2":8,"3":8,"4":6,"5":6,"6":6,"7":8,"8":9},"f":{"0":8,"1":8,"2":6,"3":6,"4":9},"b":{"0":[3,3]},"meta":{"lastBranch":1,"lastFunction":5,"lastStatement":9,"seen":{"s:3:35:26:Infinity":0,"f:3:35:3:Infinity":0,"s:6:2:6:Infinity":1,"f:6:12:6:21":1,"s:6:33:6:57":2,"s:7:14:9:3":3,"f:7:59:7:65":2,"s:8:4:8:Infinity":4,"s:10:29:14:Infinity":5,"b:11:6:13:7:14:6:14:Infinity":0,"f:11:10:11:18":3,"s:12:8:12:Infinity":6,"s:15:2:26:Infinity":7,"f:15:28:15:33":4,"s:15:59:26:5":8}}}
,"D:\\karinavd-React2026Q2\\src\\useItemStore.tsx": {"path":"D:\\karinavd-React2026Q2\\src\\useItemStore.tsx","statementMap":{"0":{"start":{"line":4,"column":6},"end":{"line":18,"column":null}},"1":{"start":{"line":5,"column":2},"end":{"line":17,"column":null}},"2":{"start":{"line":8,"column":6},"end":{"line":15,"column":null}},"3":{"start":{"line":9,"column":27},"end":{"line":9,"column":76}},"4":{"start":{"line":9,"column":59},"end":{"line":9,"column":76}},"5":{"start":{"line":10,"column":8},"end":{"line":14,"column":null}},"6":{"start":{"line":12,"column":48},"end":{"line":12,"column":65}},"7":{"start":{"line":16,"column":24},"end":{"line":16,"column":null}},"8":{"start":{"line":16,"column":35},"end":{"line":16,"column":56}}},"fnMap":{"0":{"name":"(anonymous_0)","decl":{"start":{"line":4,"column":21},"end":{"line":4,"column":40}},"loc":{"start":{"line":4,"column":48},"end":{"line":18,"column":null}},"line":4},"1":{"name":"(anonymous_1)","decl":{"start":{"line":7,"column":4},"end":{"line":7,"column":17}},"loc":{"start":{"line":8,"column":6},"end":{"line":15,"column":null}},"line":8},"2":{"name":"(anonymous_2)","decl":{"start":{"line":8,"column":6},"end":{"line":8,"column":11}},"loc":{"start":{"line":8,"column":21},"end":{"line":15,"column":null}},"line":8},"3":{"name":"(anonymous_3)","decl":{"start":{"line":9,"column":47},"end":{"line":9,"column":53}},"loc":{"start":{"line":9,"column":59},"end":{"line":9,"column":76}},"line":9},"4":{"name":"(anonymous_4)","decl":{"start":{"line":12,"column":34},"end":{"line":12,"column":42}},"loc":{"start":{"line":12,"column":48},"end":{"line":12,"column":65}},"line":12},"5":{"name":"(anonymous_5)","decl":{"start":{"line":16,"column":4},"end":{"line":16,"column":24}},"loc":{"start":{"line":16,"column":24},"end":{"line":16,"column":null}},"line":16},"6":{"name":"(anonymous_6)","decl":{"start":{"line":16,"column":24},"end":{"line":16,"column":35}},"loc":{"start":{"line":16,"column":35},"end":{"line":16,"column":56}},"line":16}},"branchMap":{"0":{"loc":{"start":{"line":11,"column":25},"end":{"line":13,"column":43}},"type":"cond-expr","locations":[{"start":{"line":12,"column":14},"end":{"line":12,"column":65}},{"start":{"line":13,"column":14},"end":{"line":13,"column":43}}],"line":11}},"s":{"0":3,"1":3,"2":0,"3":0,"4":0,"5":0,"6":0,"7":0,"8":0},"f":{"0":3,"1":0,"2":0,"3":0,"4":0,"5":0,"6":0},"b":{"0":[0,0]},"meta":{"lastBranch":1,"lastFunction":7,"lastStatement":9,"seen":{"s:4:6:18:Infinity":0,"f:4:21:4:40":0,"s:5:2:17:Infinity":1,"f:7:4:7:17":1,"s:8:6:15:Infinity":2,"f:8:6:8:11":2,"s:9:27:9:76":3,"f:9:47:9:53":3,"s:9:59:9:76":4,"s:10:8:14:Infinity":5,"b:12:14:12:65:13:14:13:43":0,"f:12:34:12:42":4,"s:12:48:12:65":6,"f:16:4:16:24":5,"s:16:24:16:Infinity":7,"f:16:24:16:35":6,"s:16:35:16:56":8}}}
,"D:\\karinavd-React2026Q2\\src\\useLocalStorage.ts": {"path":"D:\\karinavd-React2026Q2\\src\\useLocalStorage.ts","statementMap":{"0":{"start":{"line":3,"column":13},"end":{"line":26,"column":null}},"1":{"start":{"line":7,"column":22},"end":{"line":15,"column":null}},"2":{"start":{"line":8,"column":4},"end":{"line":13,"column":null}},"3":{"start":{"line":9,"column":20},"end":{"line":9,"column":52}},"4":{"start":{"line":10,"column":6},"end":{"line":10,"column":null}},"5":{"start":{"line":12,"column":6},"end":{"line":12,"column":null}},"6":{"start":{"line":13,"column":6},"end":{"line":13,"column":null}},"7":{"start":{"line":17,"column":8},"end":{"line":23,"column":null}},"8":{"start":{"line":18,"column":4},"end":{"line":21,"column":null}},"9":{"start":{"line":19,"column":6},"end":{"line":19,"column":null}},"10":{"start":{"line":21,"column":6},"end":{"line":21,"column":null}},"11":{"start":{"line":23,"column":4},"end":{"line":23,"column":null}},"12":{"start":{"line":26,"column":2},"end":{"line":26,"column":null}}},"fnMap":{"0":{"name":"(anonymous_0)","decl":{"start":{"line":3,"column":13},"end":{"line":3,"column":null}},"loc":{"start":{"line":6,"column":33},"end":{"line":26,"column":null}},"line":6},"1":{"name":"(anonymous_1)","decl":{"start":{"line":7,"column":40},"end":{"line":7,"column":58}},"loc":{"start":{"line":7,"column":58},"end":{"line":15,"column":null}},"line":7},"2":{"name":"(anonymous_2)","decl":{"start":{"line":17,"column":8},"end":{"line":17,"column":20}},"loc":{"start":{"line":17,"column":36},"end":{"line":23,"column":null}},"line":17}},"branchMap":{"0":{"loc":{"start":{"line":10,"column":13},"end":{"line":10,"column":null}},"type":"cond-expr","locations":[{"start":{"line":10,"column":21},"end":{"line":10,"column":38}},{"start":{"line":10,"column":41},"end":{"line":10,"column":null}}],"line":10}},"s":{"0":3,"1":71,"2":23,"3":23,"4":23,"5":0,"6":0,"7":71,"8":7,"9":7,"10":0,"11":7,"12":71},"f":{"0":71,"1":23,"2":7},"b":{"0":[3,20]},"meta":{"lastBranch":1,"lastFunction":3,"lastStatement":13,"seen":{"s:3:13:26:Infinity":0,"f:3:13:3:Infinity":0,"s:7:22:15:Infinity":1,"f:7:40:7:58":1,"s:8:4:13:Infinity":2,"s:9:20:9:52":3,"s:10:6:10:Infinity":4,"b:10:21:10:38:10:41:10:Infinity":0,"s:12:6:12:Infinity":5,"s:13:6:13:Infinity":6,"s:17:8:23:Infinity":7,"f:17:8:17:20":2,"s:18:4:21:Infinity":8,"s:19:6:19:Infinity":9,"s:21:6:21:Infinity":10,"s:23:4:23:Infinity":11,"s:26:2:26:Infinity":12}}}
,"D:\\karinavd-React2026Q2\\src\\components\\About.tsx": {"path":"D:\\karinavd-React2026Q2\\src\\components\\About.tsx","statementMap":{"0":{"start":{"line":3,"column":6},"end":{"line":5,"column":null}},"1":{"start":{"line":3,"column":14},"end":{"line":3,"column":null}},"2":{"start":{"line":3,"column":14},"end":{"line":7,"column":null}},"3":{"start":{"line":7,"column":8},"end":{"line":7,"column":null}},"4":{"start":{"line":7,"column":16},"end":{"line":7,"column":null}},"5":{"start":{"line":7,"column":16},"end":{"line":9,"column":null}},"6":{"start":{"line":9,"column":10},"end":{"line":9,"column":null}},"7":{"start":{"line":9,"column":76},"end":{"line":9,"column":null}},"8":{"start":{"line":9,"column":76},"end":{"line":13,"column":null}},"9":{"start":{"line":11,"column":12},"end":{"line":12,"column":null}},"10":{"start":{"line":13,"column":16},"end":{"line":13,"column":null}},"11":{"start":{"line":13,"column":16},"end":{"line":15,"column":29}},"12":{"start":{"line":15,"column":14},"end":{"line":15,"column":29}},"13":{"start":{"line":15,"column":28},"end":{"line":15,"column":29}},"14":{"start":{"line":15,"column":28},"end":{"line":23,"column":null}},"15":{"start":{"line":14,"column":12},"end":{"line":23,"column":16}},"16":{"start":{"line":23,"column":16},"end":{"line":23,"column":null}},"17":{"start":{"line":23,"column":16},"end":{"line":37,"column":null}},"18":{"start":{"line":5,"column":4},"end":{"line":37,"column":null}},"19":{"start":{"line":37,"column":10},"end":{"line":37,"column":null}},"20":{"start":{"line":37,"column":10},"end":{"line":5,"column":null}}},"fnMap":{"0":{"name":"(anonymous_0)","decl":{"start":{"line":3,"column":6},"end":{"line":3,"column":14}},"loc":{"start":{"line":3,"column":14},"end":{"line":5,"column":null}},"line":3}},"branchMap":{"0":{"loc":{"start":{"line":3,"column":14},"end":{"line":7,"column":null}},"type":"if","locations":[{"start":{"line":3,"column":14},"end":{"line":7,"column":null}},{"start":{"line":7,"column":16},"end":{"line":7,"column":null}}],"line":3},"1":{"loc":{"start":{"line":7,"column":16},"end":{"line":9,"column":null}},"type":"if","locations":[{"start":{"line":7,"column":16},"end":{"line":9,"column":null}},{"start":{"line":9,"column":76},"end":{"line":9,"column":null}}],"line":7},"2":{"loc":{"start":{"line":9,"column":76},"end":{"line":13,"column":null}},"type":"if","locations":[{"start":{"line":9,"column":76},"end":{"line":13,"column":null}},{"start":{"line":13,"column":16},"end":{"line":13,"column":null}}],"line":9},"3":{"loc":{"start":{"line":13,"column":16},"end":{"line":15,"column":29}},"type":"if","locations":[{"start":{"line":13,"column":16},"end":{"line":15,"column":29}},{"start":{"line":15,"column":28},"end":{"line":15,"column":29}}],"line":13},"4":{"loc":{"start":{"line":15,"column":28},"end":{"line":23,"column":null}},"type":"if","locations":[{"start":{"line":15,"column":28},"end":{"line":23,"column":null}},{"start":{"line":23,"column":16},"end":{"line":23,"column":null}}],"line":15},"5":{"loc":{"start":{"line":23,"column":16},"end":{"line":37,"column":null}},"type":"if","locations":[{"start":{"line":23,"column":16},"end":{"line":37,"column":null}},{"start":{"line":37,"column":10},"end":{"line":37,"column":null}}],"line":23}},"s":{"0":2,"1":1,"2":1,"3":1,"4":0,"5":1,"6":1,"7":0,"8":1,"9":1,"10":0,"11":1,"12":1,"13":0,"14":1,"15":1,"16":0,"17":1,"18":1,"19":0,"20":1},"f":{"0":1},"b":{"0":[1,0],"1":[1,0],"2":[1,0],"3":[1,0],"4":[1,0],"5":[1,0]},"meta":{"lastBranch":6,"lastFunction":1,"lastStatement":21,"seen":{"s:3:6:5:Infinity":0,"f:3:6:3:14":0,"s:3:14:3:Infinity":1,"b:3:14:7:Infinity:7:16:7:Infinity":0,"s:3:14:7:Infinity":2,"s:7:8:7:Infinity":3,"s:7:16:7:Infinity":4,"b:7:16:9:Infinity:9:76:9:Infinity":1,"s:7:16:9:Infinity":5,"s:9:10:9:Infinity":6,"s:9:76:9:Infinity":7,"b:9:76:13:Infinity:13:16:13:Infinity":2,"s:9:76:13:Infinity":8,"s:11:12:12:Infinity":9,"s:13:16:13:Infinity":10,"b:13:16:15:29:15:28:15:29":3,"s:13:16:15:29":11,"s:15:14:15:29":12,"s:15:28:15:29":13,"b:15:28:23:Infinity:23:16:23:Infinity":4,"s:15:28:23:Infinity":14,"s:14:12:23:16":15,"s:23:16:23:Infinity":16,"b:23:16:37:Infinity:37:10:37:Infinity":5,"s:23:16:37:Infinity":17,"s:5:4:37:Infinity":18,"s:37:10:37:Infinity":19,"s:37:10:5:Infinity":20}}}
,"D:\\karinavd-React2026Q2\\src\\components\\Back.tsx": {"path":"D:\\karinavd-React2026Q2\\src\\components\\Back.tsx","statementMap":{"0":{"start":{"line":3,"column":6},"end":{"line":4,"column":3}},"1":{"start":{"line":3,"column":13},"end":{"line":3,"column":null}},"2":{"start":{"line":3,"column":13},"end":{"line":6,"column":null}},"3":{"start":{"line":4,"column":2},"end":{"line":6,"column":null}},"4":{"start":{"line":6,"column":9},"end":{"line":6,"column":null}},"5":{"start":{"line":6,"column":9},"end":{"line":4,"column":3}}},"fnMap":{"0":{"name":"(anonymous_0)","decl":{"start":{"line":3,"column":6},"end":{"line":3,"column":13}},"loc":{"start":{"line":3,"column":13},"end":{"line":4,"column":3}},"line":3}},"branchMap":{"0":{"loc":{"start":{"line":3,"column":13},"end":{"line":6,"column":null}},"type":"if","locations":[{"start":{"line":3,"column":13},"end":{"line":6,"column":null}},{"start":{"line":6,"column":9},"end":{"line":6,"column":null}}],"line":3}},"s":{"0":4,"1":3,"2":3,"3":3,"4":0,"5":3},"f":{"0":3},"b":{"0":[3,0]},"meta":{"lastBranch":1,"lastFunction":1,"lastStatement":6,"seen":{"s:3:6:4:3":0,"f:3:6:3:13":0,"s:3:13:3:Infinity":1,"b:3:13:6:Infinity:6:9:6:Infinity":0,"s:3:13:6:Infinity":2,"s:4:2:6:Infinity":3,"s:6:9:6:Infinity":4,"s:6:9:4:3":5}}}
,"D:\\karinavd-React2026Q2\\src\\components\\Card.tsx": {"path":"D:\\karinavd-React2026Q2\\src\\components\\Card.tsx","statementMap":{"0":{"start":{"line":5,"column":13},"end":{"line":16,"column":null}},"1":{"start":{"line":5,"column":20},"end":{"line":5,"column":21}},"2":{"start":{"line":5,"column":21},"end":{"line":5,"column":29}},"3":{"start":{"line":5,"column":29},"end":{"line":5,"column":null}},"4":{"start":{"line":6,"column":2},"end":{"line":6,"column":32}},"5":{"start":{"line":7,"column":2},"end":{"line":7,"column":42}},"6":{"start":{"line":8,"column":2},"end":{"line":8,"column":54}},"7":{"start":{"line":8,"column":55},"end":{"line":9,"column":64}},"8":{"start":{"line":8,"column":55},"end":{"line":9,"column":63}},"9":{"start":{"line":9,"column":39},"end":{"line":9,"column":62}},"10":{"start":{"line":9,"column":46},"end":{"line":9,"column":62}},"11":{"start":{"line":9,"column":62},"end":{"line":9,"column":63}},"12":{"start":{"line":9,"column":20},"end":{"line":9,"column":64}},"13":{"start":{"line":9,"column":63},"end":{"line":9,"column":64}},"14":{"start":{"line":9,"column":20},"end":{"line":9,"column":33}},"15":{"start":{"line":9,"column":64},"end":{"line":14,"column":null}},"16":{"start":{"line":10,"column":22},"end":{"line":12,"column":null}},"17":{"start":{"line":11,"column":4},"end":{"line":12,"column":null}},"18":{"start":{"line":12,"column":6},"end":{"line":12,"column":null}},"19":{"start":{"line":14,"column":3},"end":{"line":14,"column":null}},"20":{"start":{"line":10,"column":22},"end":{"line":10,"column":null}},"21":{"start":{"line":17,"column":17},"end":{"line":17,"column":120}},"22":{"start":{"line":17,"column":120},"end":{"line":21,"column":null}},"23":{"start":{"line":21,"column":8},"end":{"line":21,"column":null}},"24":{"start":{"line":21,"column":57},"end":{"line":21,"column":null}},"25":{"start":{"line":21,"column":57},"end":{"line":30,"column":null}},"26":{"start":{"line":22,"column":9},"end":{"line":30,"column":null}},"27":{"start":{"line":27,"column":28},"end":{"line":27,"column":43}},"28":{"start":{"line":30,"column":9},"end":{"line":30,"column":null}},"29":{"start":{"line":30,"column":9},"end":{"line":31,"column":null}},"30":{"start":{"line":20,"column":6},"end":{"line":22,"column":10}},"31":{"start":{"line":31,"column":12},"end":{"line":31,"column":null}},"32":{"start":{"line":31,"column":12},"end":{"line":32,"column":null}},"33":{"start":{"line":32,"column":6},"end":{"line":32,"column":null}},"34":{"start":{"line":32,"column":34},"end":{"line":32,"column":null}},"35":{"start":{"line":32,"column":34},"end":{"line":33,"column":null}},"36":{"start":{"line":33,"column":6},"end":{"line":33,"column":null}},"37":{"start":{"line":33,"column":42},"end":{"line":33,"column":null}},"38":{"start":{"line":33,"column":42},"end":{"line":42,"column":null}},"39":{"start":{"line":34,"column":7},"end":{"line":42,"column":null}},"40":{"start":{"line":42,"column":7},"end":{"line":42,"column":null}},"41":{"start":{"line":42,"column":7},"end":{"line":43,"column":null}},"42":{"start":{"line":16,"column":4},"end":{"line":34,"column":null}},"43":{"start":{"line":43,"column":10},"end":{"line":43,"column":null}},"44":{"start":{"line":43,"column":10},"end":{"line":16,"column":null}},"45":{"start":{"line":5,"column":20},"end":{"line":26,"column":null}}},"fnMap":{"0":{"name":"(anonymous_0)","decl":{"start":{"line":5,"column":13},"end":{"line":5,"column":20}},"loc":{"start":{"line":5,"column":20},"end":{"line":16,"column":null}},"line":5},"1":{"name":"(anonymous_1)","decl":{"start":{"line":9,"column":39},"end":{"line":9,"column":46}},"loc":{"start":{"line":9,"column":46},"end":{"line":9,"column":62}},"line":9},"2":{"name":"(anonymous_2)","decl":{"start":{"line":10,"column":22},"end":{"line":10,"column":null}},"loc":{"start":{"line":10,"column":22},"end":{"line":12,"column":null}},"line":10},"3":{"name":"(anonymous_3)","decl":{"start":{"line":27,"column":22},"end":{"line":27,"column":28}},"loc":{"start":{"line":27,"column":28},"end":{"line":27,"column":43}},"line":27},"4":{"name":"_temp","decl":{"start":{"line":5,"column":20},"end":{"line":5,"column":21}},"loc":{"start":{"line":5,"column":20},"end":{"line":26,"column":null}},"line":5}},"branchMap":{"0":{"loc":{"start":{"line":5,"column":29},"end":{"line":5,"column":null}},"type":"cond-expr","locations":[{"start":{"line":5,"column":29},"end":{"line":5,"column":null}},{"start":{"line":5,"column":29},"end":{"line":5,"column":null}}],"line":5},"1":{"loc":{"start":{"line":8,"column":55},"end":{"line":9,"column":64}},"type":"if","locations":[{"start":{"line":8,"column":55},"end":{"line":9,"column":64}},{"start":{"line":9,"column":63},"end":{"line":9,"column":64}}],"line":8},"2":{"loc":{"start":{"line":8,"column":55},"end":{"line":8,"column":null}},"type":"binary-expr","locations":[{"start":{"line":8,"column":55},"end":{"line":8,"column":null}},{"start":{"line":8,"column":55},"end":{"line":8,"column":null}}],"line":8},"3":{"loc":{"start":{"line":8,"column":55},"end":{"line":9,"column":63}},"type":"if","locations":[{"start":{"line":8,"column":55},"end":{"line":9,"column":63}},{"start":{"line":9,"column":62},"end":{"line":9,"column":63}}],"line":8},"4":{"loc":{"start":{"line":9,"column":64},"end":{"line":14,"column":null}},"type":"if","locations":[{"start":{"line":9,"column":64},"end":{"line":14,"column":null}},{"start":{"line":14,"column":3},"end":{"line":14,"column":null}}],"line":9},"5":{"loc":{"start":{"line":9,"column":64},"end":{"line":9,"column":null}},"type":"binary-expr","locations":[{"start":{"line":9,"column":64},"end":{"line":9,"column":null}},{"start":{"line":9,"column":64},"end":{"line":9,"column":null}},{"start":{"line":9,"column":64},"end":{"line":9,"column":null}},{"start":{"line":9,"column":64},"end":{"line":9,"column":null}}],"line":9},"6":{"loc":{"start":{"line":11,"column":4},"end":{"line":12,"column":null}},"type":"if","locations":[{"start":{"line":11,"column":4},"end":{"line":12,"column":null}},{"start":{},"end":{}}],"line":11},"7":{"loc":{"start":{"line":17,"column":51},"end":{"line":17,"column":52}},"type":"cond-expr","locations":[{"start":{"line":17,"column":51},"end":{"line":17,"column":52}},{"start":{"line":17,"column":51},"end":{"line":17,"column":52}}],"line":17},"8":{"loc":{"start":{"line":17,"column":120},"end":{"line":21,"column":null}},"type":"if","locations":[{"start":{"line":17,"column":120},"end":{"line":21,"column":null}},{"start":{"line":21,"column":57},"end":{"line":21,"column":null}}],"line":17},"9":{"loc":{"start":{"line":21,"column":57},"end":{"line":30,"column":null}},"type":"if","locations":[{"start":{"line":21,"column":57},"end":{"line":30,"column":null}},{"start":{"line":30,"column":9},"end":{"line":30,"column":null}}],"line":21},"10":{"loc":{"start":{"line":21,"column":57},"end":{"line":21,"column":null}},"type":"binary-expr","locations":[{"start":{"line":21,"column":57},"end":{"line":21,"column":null}},{"start":{"line":21,"column":57},"end":{"line":21,"column":null}},{"start":{"line":21,"column":57},"end":{"line":21,"column":null}},{"start":{"line":21,"column":57},"end":{"line":21,"column":null}}],"line":21},"11":{"loc":{"start":{"line":22,"column":9},"end":{"line":30,"column":null}},"type":"binary-expr","locations":[{"start":{"line":22,"column":9},"end":{"line":22,"column":null}},{"start":{"line":23,"column":10},"end":{"line":30,"column":null}}],"line":22},"12":{"loc":{"start":{"line":30,"column":9},"end":{"line":31,"column":null}},"type":"if","locations":[{"start":{"line":30,"column":9},"end":{"line":31,"column":null}},{"start":{"line":31,"column":12},"end":{"line":31,"column":null}}],"line":30},"13":{"loc":{"start":{"line":30,"column":9},"end":{"line":30,"column":null}},"type":"binary-expr","locations":[{"start":{"line":30,"column":9},"end":{"line":30,"column":null}},{"start":{"line":30,"column":9},"end":{"line":30,"column":null}}],"line":30},"14":{"loc":{"start":{"line":31,"column":12},"end":{"line":32,"column":null}},"type":"if","locations":[{"start":{"line":31,"column":12},"end":{"line":32,"column":null}},{"start":{"line":32,"column":34},"end":{"line":32,"column":null}}],"line":31},"15":{"loc":{"start":{"line":32,"column":34},"end":{"line":33,"column":null}},"type":"if","locations":[{"start":{"line":32,"column":34},"end":{"line":33,"column":null}},{"start":{"line":33,"column":42},"end":{"line":33,"column":null}}],"line":32},"16":{"loc":{"start":{"line":33,"column":42},"end":{"line":42,"column":null}},"type":"if","locations":[{"start":{"line":33,"column":42},"end":{"line":42,"column":null}},{"start":{"line":42,"column":7},"end":{"line":42,"column":null}}],"line":33},"17":{"loc":{"start":{"line":33,"column":42},"end":{"line":33,"column":null}},"type":"binary-expr","locations":[{"start":{"line":33,"column":42},"end":{"line":33,"column":null}},{"start":{"line":33,"column":42},"end":{"line":33,"column":null}},{"start":{"line":33,"column":42},"end":{"line":33,"column":null}},{"start":{"line":33,"column":42},"end":{"line":33,"column":null}},{"start":{"line":33,"column":42},"end":{"line":33,"column":null}},{"start":{"line":33,"column":42},"end":{"line":33,"column":null}}],"line":33},"18":{"loc":{"start":{"line":34,"column":7},"end":{"line":42,"column":null}},"type":"binary-expr","locations":[{"start":{"line":34,"column":7},"end":{"line":34,"column":null}},{"start":{"line":35,"column":8},"end":{"line":42,"column":null}}],"line":34},"19":{"loc":{"start":{"line":42,"column":7},"end":{"line":43,"column":null}},"type":"if","locations":[{"start":{"line":42,"column":7},"end":{"line":43,"column":null}},{"start":{"line":43,"column":10},"end":{"line":43,"column":null}}],"line":42},"20":{"loc":{"start":{"line":42,"column":7},"end":{"line":42,"column":null}},"type":"binary-expr","locations":[{"start":{"line":42,"column":7},"end":{"line":42,"column":null}},{"start":{"line":42,"column":7},"end":{"line":42,"column":null}},{"start":{"line":42,"column":7},"end":{"line":42,"column":null}},{"start":{"line":42,"column":7},"end":{"line":42,"column":null}},{"start":{"line":42,"column":7},"end":{"line":42,"column":null}},{"start":{"line":42,"column":7},"end":{"line":42,"column":null}}],"line":42}},"s":{"0":3,"1":13,"2":13,"3":13,"4":13,"5":13,"6":13,"7":13,"8":12,"9":12,"10":0,"11":0,"12":12,"13":1,"14":13,"15":13,"16":13,"17":1,"18":1,"19":0,"20":13,"21":13,"22":13,"23":12,"24":1,"25":13,"26":12,"27":0,"28":1,"29":13,"30":12,"31":1,"32":13,"33":12,"34":1,"35":13,"36":12,"37":1,"38":13,"39":12,"40":1,"41":13,"42":13,"43":0,"44":13,"45":0},"f":{"0":13,"1":0,"2":1,"3":0,"4":0},"b":{"0":[0,13],"1":[12,1],"2":[13,1],"3":[12,0],"4":[13,0],"5":[13,1,1,0],"6":[1,0],"7":[10,3],"8":[12,1],"9":[12,1],"10":[13,1,1,1],"11":[12,9],"12":[12,1],"13":[13,1],"14":[12,1],"15":[12,1],"16":[12,1],"17":[13,1,1,1,1,1],"18":[12,3],"19":[13,0],"20":[13,0,0,0,0,0]},"meta":{"lastBranch":21,"lastFunction":5,"lastStatement":46,"seen":{"s:5:13:16:Infinity":0,"f:5:13:5:20":0,"s:5:20:5:21":1,"s:5:21:5:29":2,"s:5:29:5:Infinity":3,"b:5:29:5:Infinity:5:29:5:Infinity":0,"s:6:2:6:32":4,"s:7:2:7:42":5,"s:8:2:8:54":6,"b:8:55:9:64:9:63:9:64":1,"s:8:55:9:64":7,"b:8:55:8:Infinity:8:55:8:Infinity":2,"b:8:55:9:63:9:62:9:63":3,"s:8:55:9:63":8,"s:9:39:9:62":9,"f:9:39:9:46":1,"s:9:46:9:62":10,"s:9:62:9:63":11,"s:9:20:9:64":12,"s:9:63:9:64":13,"s:9:20:9:33":14,"b:9:64:14:Infinity:14:3:14:Infinity":4,"s:9:64:14:Infinity":15,"b:9:64:9:Infinity:9:64:9:Infinity:9:64:9:Infinity:9:64:9:Infinity":5,"s:10:22:12:Infinity":16,"f:10:22:10:Infinity":2,"b:11:4:12:Infinity:undefined:undefined:undefined:undefined":6,"s:11:4:12:Infinity":17,"s:12:6:12:Infinity":18,"s:14:3:14:Infinity":19,"s:10:22:10:Infinity":20,"s:17:17:17:120":21,"b:17:51:17:52:17:51:17:52":7,"b:17:120:21:Infinity:21:57:21:Infinity":8,"s:17:120:21:Infinity":22,"s:21:8:21:Infinity":23,"s:21:57:21:Infinity":24,"b:21:57:30:Infinity:30:9:30:Infinity":9,"s:21:57:30:Infinity":25,"b:21:57:21:Infinity:21:57:21:Infinity:21:57:21:Infinity:21:57:21:Infinity":10,"s:22:9:30:Infinity":26,"b:22:9:22:Infinity:23:10:30:Infinity":11,"f:27:22:27:28":3,"s:27:28:27:43":27,"s:30:9:30:Infinity":28,"b:30:9:31:Infinity:31:12:31:Infinity":12,"s:30:9:31:Infinity":29,"b:30:9:30:Infinity:30:9:30:Infinity":13,"s:20:6:22:10":30,"s:31:12:31:Infinity":31,"b:31:12:32:Infinity:32:34:32:Infinity":14,"s:31:12:32:Infinity":32,"s:32:6:32:Infinity":33,"s:32:34:32:Infinity":34,"b:32:34:33:Infinity:33:42:33:Infinity":15,"s:32:34:33:Infinity":35,"s:33:6:33:Infinity":36,"s:33:42:33:Infinity":37,"b:33:42:42:Infinity:42:7:42:Infinity":16,"s:33:42:42:Infinity":38,"b:33:42:33:Infinity:33:42:33:Infinity:33:42:33:Infinity:33:42:33:Infinity:33:42:33:Infinity:33:42:33:Infinity":17,"s:34:7:42:Infinity":39,"b:34:7:34:Infinity:35:8:42:Infinity":18,"s:42:7:42:Infinity":40,"b:42:7:43:Infinity:43:10:43:Infinity":19,"s:42:7:43:Infinity":41,"b:42:7:42:Infinity:42:7:42:Infinity:42:7:42:Infinity:42:7:42:Infinity:42:7:42:Infinity:42:7:42:Infinity":20,"s:16:4:34:Infinity":42,"s:43:10:43:Infinity":43,"s:43:10:16:Infinity":44,"f:5:20:5:21":4,"s:5:20:26:Infinity":45}}}
,"D:\\karinavd-React2026Q2\\src\\components\\CardList.tsx": {"path":"D:\\karinavd-React2026Q2\\src\\components\\CardList.tsx","statementMap":{"0":{"start":{"line":4,"column":13},"end":{"line":10,"column":19}},"1":{"start":{"line":4,"column":24},"end":{"line":4,"column":25}},"2":{"start":{"line":4,"column":25},"end":{"line":4,"column":null}},"3":{"start":{"line":5,"column":2},"end":{"line":5,"column":25}},"4":{"start":{"line":5,"column":11},"end":{"line":5,"column":null}},"5":{"start":{"line":5,"column":20},"end":{"line":5,"column":null}},"6":{"start":{"line":5,"column":45},"end":{"line":5,"column":null}},"7":{"start":{"line":5,"column":45},"end":{"line":5,"column":25}},"8":{"start":{"line":6,"column":2},"end":{"line":6,"column":29}},"9":{"start":{"line":6,"column":15},"end":{"line":6,"column":null}},"10":{"start":{"line":6,"column":24},"end":{"line":6,"column":null}},"11":{"start":{"line":6,"column":45},"end":{"line":6,"column":null}},"12":{"start":{"line":6,"column":45},"end":{"line":6,"column":29}},"13":{"start":{"line":7,"column":2},"end":{"line":7,"column":38}},"14":{"start":{"line":7,"column":24},"end":{"line":7,"column":54}},"15":{"start":{"line":7,"column":33},"end":{"line":7,"column":54}},"16":{"start":{"line":7,"column":53},"end":{"line":7,"column":54}},"17":{"start":{"line":7,"column":53},"end":{"line":7,"column":38}},"18":{"start":{"line":7,"column":54},"end":{"line":13,"column":null}},"19":{"start":{"line":11,"column":7},"end":{"line":13,"column":null}},"20":{"start":{"line":13,"column":8},"end":{"line":13,"column":null}},"21":{"start":{"line":13,"column":8},"end":{"line":14,"column":null}},"22":{"start":{"line":10,"column":4},"end":{"line":14,"column":null}},"23":{"start":{"line":14,"column":10},"end":{"line":14,"column":null}},"24":{"start":{"line":14,"column":10},"end":{"line":10,"column":19}},"25":{"start":{"line":4,"column":24},"end":{"line":12,"column":null}}},"fnMap":{"0":{"name":"(anonymous_0)","decl":{"start":{"line":4,"column":13},"end":{"line":4,"column":24}},"loc":{"start":{"line":4,"column":24},"end":{"line":10,"column":19}},"line":4},"1":{"name":"_temp","decl":{"start":{"line":4,"column":24},"end":{"line":4,"column":25}},"loc":{"start":{"line":4,"column":24},"end":{"line":12,"column":null}},"line":4}},"branchMap":{"0":{"loc":{"start":{"line":5,"column":2},"end":{"line":5,"column":25}},"type":"if","locations":[{"start":{"line":5,"column":2},"end":{"line":5,"column":25}},{"start":{},"end":{}}],"line":5},"1":{"loc":{"start":{"line":5,"column":11},"end":{"line":5,"column":null}},"type":"if","locations":[{"start":{"line":5,"column":11},"end":{"line":5,"column":null}},{"start":{"line":5,"column":45},"end":{"line":5,"column":null}}],"line":5},"2":{"loc":{"start":{"line":6,"column":2},"end":{"line":6,"column":29}},"type":"if","locations":[{"start":{"line":6,"column":2},"end":{"line":6,"column":29}},{"start":{},"end":{}}],"line":6},"3":{"loc":{"start":{"line":6,"column":15},"end":{"line":6,"column":null}},"type":"if","locations":[{"start":{"line":6,"column":15},"end":{"line":6,"column":null}},{"start":{"line":6,"column":45},"end":{"line":6,"column":null}}],"line":6},"4":{"loc":{"start":{"line":7,"column":2},"end":{"line":7,"column":38}},"type":"if","locations":[{"start":{"line":7,"column":2},"end":{"line":7,"column":38}},{"start":{},"end":{}}],"line":7},"5":{"loc":{"start":{"line":7,"column":24},"end":{"line":7,"column":54}},"type":"if","locations":[{"start":{"line":7,"column":24},"end":{"line":7,"column":54}},{"start":{"line":7,"column":53},"end":{"line":7,"column":54}}],"line":7},"6":{"loc":{"start":{"line":7,"column":54},"end":{"line":13,"column":null}},"type":"if","locations":[{"start":{"line":7,"column":54},"end":{"line":13,"column":null}},{"start":{"line":13,"column":8},"end":{"line":13,"column":null}}],"line":7},"7":{"loc":{"start":{"line":13,"column":8},"end":{"line":14,"column":null}},"type":"if","locations":[{"start":{"line":13,"column":8},"end":{"line":14,"column":null}},{"start":{"line":14,"column":10},"end":{"line":14,"column":null}}],"line":13}},"s":{"0":2,"1":27,"2":27,"3":27,"4":3,"5":3,"6":0,"7":3,"8":24,"9":11,"10":7,"11":4,"12":11,"13":13,"14":7,"15":7,"16":0,"17":7,"18":6,"19":6,"20":0,"21":6,"22":6,"23":0,"24":6,"25":9},"f":{"0":27,"1":9},"b":{"0":[3,24],"1":[3,0],"2":[11,13],"3":[7,4],"4":[7,6],"5":[7,0],"6":[6,0],"7":[6,0]},"meta":{"lastBranch":8,"lastFunction":2,"lastStatement":26,"seen":{"s:4:13:10:19":0,"f:4:13:4:24":0,"s:4:24:4:25":1,"s:4:25:4:Infinity":2,"b:5:2:5:25:undefined:undefined:undefined:undefined":0,"s:5:2:5:25":3,"b:5:11:5:Infinity:5:45:5:Infinity":1,"s:5:11:5:Infinity":4,"s:5:20:5:Infinity":5,"s:5:45:5:Infinity":6,"s:5:45:5:25":7,"b:6:2:6:29:undefined:undefined:undefined:undefined":2,"s:6:2:6:29":8,"b:6:15:6:Infinity:6:45:6:Infinity":3,"s:6:15:6:Infinity":9,"s:6:24:6:Infinity":10,"s:6:45:6:Infinity":11,"s:6:45:6:29":12,"b:7:2:7:38:undefined:undefined:undefined:undefined":4,"s:7:2:7:38":13,"b:7:24:7:54:7:53:7:54":5,"s:7:24:7:54":14,"s:7:33:7:54":15,"s:7:53:7:54":16,"s:7:53:7:38":17,"b:7:54:13:Infinity:13:8:13:Infinity":6,"s:7:54:13:Infinity":18,"s:11:7:13:Infinity":19,"s:13:8:13:Infinity":20,"b:13:8:14:Infinity:14:10:14:Infinity":7,"s:13:8:14:Infinity":21,"s:10:4:14:Infinity":22,"s:14:10:14:Infinity":23,"s:14:10:10:19":24,"f:4:24:4:25":1,"s:4:24:12:Infinity":25}}}
,"D:\\karinavd-React2026Q2\\src\\components\\DetailsPage.tsx": {"path":"D:\\karinavd-React2026Q2\\src\\components\\DetailsPage.tsx","statementMap":{"0":{"start":{"line":8,"column":6},"end":{"line":64,"column":null}},"1":{"start":{"line":9,"column":10},"end":{"line":9,"column":44}},"2":{"start":{"line":10,"column":8},"end":{"line":10,"column":32}},"3":{"start":{"line":11,"column":9},"end":{"line":11,"column":42}},"4":{"start":{"line":12,"column":15},"end":{"line":12,"column":58}},"5":{"start":{"line":13,"column":20},"end":{"line":13,"column":51}},"6":{"start":{"line":14,"column":8},"end":{"line":14,"column":29}},"7":{"start":{"line":15,"column":8},"end":{"line":15,"column":51}},"8":{"start":{"line":16,"column":2},"end":{"line":44,"column":null}},"9":{"start":{"line":17,"column":22},"end":{"line":40,"column":null}},"10":{"start":{"line":18,"column":6},"end":{"line":18,"column":null}},"11":{"start":{"line":19,"column":6},"end":{"line":40,"column":null}},"12":{"start":{"line":20,"column":24},"end":{"line":22,"column":9}},"13":{"start":{"line":21,"column":19},"end":{"line":21,"column":null}},"14":{"start":{"line":23,"column":20},"end":{"line":23,"column":71}},"15":{"start":{"line":23,"column":54},"end":{"line":23,"column":71}},"16":{"start":{"line":24,"column":41},"end":{"line":35,"column":null}},"17":{"start":{"line":36,"column":8},"end":{"line":36,"column":null}},"18":{"start":{"line":38,"column":8},"end":{"line":38,"column":null}},"19":{"start":{"line":40,"column":8},"end":{"line":40,"column":null}},"20":{"start":{"line":43,"column":4},"end":{"line":43,"column":null}},"21":{"start":{"line":45,"column":8},"end":{"line":46,"column":null}},"22":{"start":{"line":46,"column":4},"end":{"line":46,"column":null}},"23":{"start":{"line":49,"column":2},"end":{"line":51,"column":null}},"24":{"start":{"line":50,"column":4},"end":{"line":50,"column":null}},"25":{"start":{"line":50,"column":27},"end":{"line":50,"column":null}},"26":{"start":{"line":52,"column":2},"end":{"line":52,"column":null}},"27":{"start":{"line":52,"column":17},"end":{"line":52,"column":null}},"28":{"start":{"line":54,"column":2},"end":{"line":64,"column":null}}},"fnMap":{"0":{"name":"(anonymous_0)","decl":{"start":{"line":8,"column":6},"end":{"line":8,"column":26}},"loc":{"start":{"line":8,"column":26},"end":{"line":64,"column":null}},"line":8},"1":{"name":"(anonymous_1)","decl":{"start":{"line":16,"column":2},"end":{"line":16,"column":18}},"loc":{"start":{"line":16,"column":18},"end":{"line":44,"column":6}},"line":16},"2":{"name":"(anonymous_2)","decl":{"start":{"line":17,"column":22},"end":{"line":17,"column":34}},"loc":{"start":{"line":17,"column":34},"end":{"line":40,"column":null}},"line":17},"3":{"name":"(anonymous_3)","decl":{"start":{"line":20,"column":69},"end":{"line":20,"column":null}},"loc":{"start":{"line":21,"column":19},"end":{"line":21,"column":null}},"line":21},"4":{"name":"(anonymous_4)","decl":{"start":{"line":23,"column":28},"end":{"line":23,"column":34}},"loc":{"start":{"line":23,"column":54},"end":{"line":23,"column":71}},"line":23},"5":{"name":"(anonymous_5)","decl":{"start":{"line":45,"column":8},"end":{"line":45,"column":28}},"loc":{"start":{"line":45,"column":28},"end":{"line":46,"column":null}},"line":45},"6":{"name":"(anonymous_6)","decl":{"start":{"line":49,"column":2},"end":{"line":49,"column":18}},"loc":{"start":{"line":49,"column":18},"end":{"line":51,"column":6}},"line":49}},"branchMap":{"0":{"loc":{"start":{"line":50,"column":4},"end":{"line":50,"column":null}},"type":"if","locations":[{"start":{"line":50,"column":4},"end":{"line":50,"column":null}},{"start":{},"end":{}}],"line":50},"1":{"loc":{"start":{"line":52,"column":2},"end":{"line":52,"column":null}},"type":"if","locations":[{"start":{"line":52,"column":2},"end":{"line":52,"column":null}},{"start":{},"end":{}}],"line":52},"2":{"loc":{"start":{"line":64,"column":7},"end":{"line":64,"column":null}},"type":"binary-expr","locations":[{"start":{"line":64,"column":7},"end":{"line":64,"column":15}},{"start":{"line":64,"column":15},"end":{"line":64,"column":null}}],"line":64}},"s":{"0":2,"1":3,"2":3,"3":3,"4":3,"5":3,"6":3,"7":3,"8":3,"9":1,"10":1,"11":1,"12":1,"13":1,"14":1,"15":1,"16":1,"17":1,"18":0,"19":1,"20":1,"21":3,"22":0,"23":3,"24":1,"25":0,"26":3,"27":1,"28":2},"f":{"0":3,"1":1,"2":1,"3":1,"4":1,"5":0,"6":1},"b":{"0":[0,1],"1":[1,2],"2":[2,1]},"meta":{"lastBranch":3,"lastFunction":7,"lastStatement":29,"seen":{"s:8:6:64:Infinity":0,"f:8:6:8:26":0,"s:9:10:9:44":1,"s:10:8:10:32":2,"s:11:9:11:42":3,"s:12:15:12:58":4,"s:13:20:13:51":5,"s:14:8:14:29":6,"s:15:8:15:51":7,"s:16:2:44:Infinity":8,"f:16:2:16:18":1,"s:17:22:40:Infinity":9,"f:17:22:17:34":2,"s:18:6:18:Infinity":10,"s:19:6:40:Infinity":11,"s:20:24:22:9":12,"f:20:69:20:Infinity":3,"s:21:19:21:Infinity":13,"s:23:20:23:71":14,"f:23:28:23:34":4,"s:23:54:23:71":15,"s:24:41:35:Infinity":16,"s:36:8:36:Infinity":17,"s:38:8:38:Infinity":18,"s:40:8:40:Infinity":19,"s:43:4:43:Infinity":20,"s:45:8:46:Infinity":21,"f:45:8:45:28":5,"s:46:4:46:Infinity":22,"s:49:2:51:Infinity":23,"f:49:2:49:18":6,"b:50:4:50:Infinity:undefined:undefined:undefined:undefined":0,"s:50:4:50:Infinity":24,"s:50:27:50:Infinity":25,"b:52:2:52:Infinity:undefined:undefined:undefined:undefined":1,"s:52:2:52:Infinity":26,"s:52:17:52:Infinity":27,"s:54:2:64:Infinity":28,"b:64:7:64:15:64:15:64:Infinity":2}}}
,"D:\\karinavd-React2026Q2\\src\\components\\ErrorBoundary.tsx": {"path":"D:\\karinavd-React2026Q2\\src\\components\\ErrorBoundary.tsx","statementMap":{"0":{"start":{"line":7,"column":4},"end":{"line":7,"column":null}},"1":{"start":{"line":8,"column":4},"end":{"line":8,"column":null}},"2":{"start":{"line":12,"column":4},"end":{"line":12,"column":null}},"3":{"start":{"line":16,"column":4},"end":{"line":16,"column":null}},"4":{"start":{"line":20,"column":4},"end":{"line":29,"column":null}},"5":{"start":{"line":21,"column":6},"end":{"line":29,"column":null}},"6":{"start":{"line":26,"column":27},"end":{"line":26,"column":51}},"7":{"start":{"line":33,"column":4},"end":{"line":33,"column":null}}},"fnMap":{"0":{"name":"(anonymous_0)","decl":{"start":{"line":6,"column":2},"end":{"line":6,"column":14}},"loc":{"start":{"line":6,"column":28},"end":{"line":8,"column":null}},"line":6},"1":{"name":"(anonymous_1)","decl":{"start":{"line":11,"column":9},"end":{"line":11,"column":34}},"loc":{"start":{"line":11,"column":55},"end":{"line":12,"column":null}},"line":11},"2":{"name":"(anonymous_2)","decl":{"start":{"line":15,"column":2},"end":{"line":15,"column":20}},"loc":{"start":{"line":15,"column":51},"end":{"line":16,"column":null}},"line":15},"3":{"name":"(anonymous_3)","decl":{"start":{"line":19,"column":2},"end":{"line":19,"column":11}},"loc":{"start":{"line":19,"column":11},"end":{"line":33,"column":null}},"line":19},"4":{"name":"(anonymous_4)","decl":{"start":{"line":26,"column":12},"end":{"line":26,"column":27}},"loc":{"start":{"line":26,"column":27},"end":{"line":26,"column":51}},"line":26}},"branchMap":{"0":{"loc":{"start":{"line":20,"column":4},"end":{"line":29,"column":null}},"type":"if","locations":[{"start":{"line":20,"column":4},"end":{"line":29,"column":null}},{"start":{},"end":{}}],"line":20}},"s":{"0":7,"1":7,"2":8,"3":4,"4":14,"5":8,"6":1,"7":6},"f":{"0":7,"1":1,"2":4,"3":14,"4":1},"b":{"0":[8,6]},"meta":{"lastBranch":1,"lastFunction":5,"lastStatement":8,"seen":{"f:6:2:6:14":0,"s:7:4:7:Infinity":0,"s:8:4:8:Infinity":1,"f:11:9:11:34":1,"s:12:4:12:Infinity":2,"f:15:2:15:20":2,"s:16:4:16:Infinity":3,"f:19:2:19:11":3,"b:20:4:29:Infinity:undefined:undefined:undefined:undefined":0,"s:20:4:29:Infinity":4,"s:21:6:29:Infinity":5,"f:26:12:26:27":4,"s:26:27:26:51":6,"s:33:4:33:Infinity":7}}}
,"D:\\karinavd-React2026Q2\\src\\components\\Flyout.tsx": {"path":"D:\\karinavd-React2026Q2\\src\\components\\Flyout.tsx","statementMap":{"0":{"start":{"line":4,"column":6},"end":{"line":34,"column":19}},"1":{"start":{"line":4,"column":15},"end":{"line":4,"column":null}},"2":{"start":{"line":5,"column":2},"end":{"line":5,"column":56}},"3":{"start":{"line":6,"column":23},"end":{"line":6,"column":24}},"4":{"start":{"line":16,"column":4},"end":{"line":32,"column":4}},"5":{"start":{"line":17,"column":22},"end":{"line":31,"column":null}},"6":{"start":{"line":18,"column":20},"end":{"line":18,"column":49}},"7":{"start":{"line":19,"column":21},"end":{"line":25,"column":10}},"8":{"start":{"line":27,"column":4},"end":{"line":31,"column":null}},"9":{"start":{"line":32,"column":3},"end":{"line":32,"column":4}},"10":{"start":{"line":17,"column":22},"end":{"line":17,"column":null}},"11":{"start":{"line":32,"column":4},"end":{"line":37,"column":null}},"12":{"start":{"line":35,"column":6},"end":{"line":36,"column":null}},"13":{"start":{"line":37,"column":10},"end":{"line":37,"column":null}},"14":{"start":{"line":37,"column":10},"end":{"line":43,"column":null}},"15":{"start":{"line":39,"column":8},"end":{"line":43,"column":null}},"16":{"start":{"line":43,"column":10},"end":{"line":43,"column":null}},"17":{"start":{"line":43,"column":10},"end":{"line":48,"column":null}},"18":{"start":{"line":44,"column":8},"end":{"line":48,"column":null}},"19":{"start":{"line":48,"column":10},"end":{"line":48,"column":null}},"20":{"start":{"line":48,"column":10},"end":{"line":49,"column":null}},"21":{"start":{"line":38,"column":6},"end":{"line":44,"column":9}},"22":{"start":{"line":49,"column":12},"end":{"line":49,"column":null}},"23":{"start":{"line":49,"column":12},"end":{"line":50,"column":null}},"24":{"start":{"line":34,"column":4},"end":{"line":38,"column":21}},"25":{"start":{"line":50,"column":10},"end":{"line":50,"column":null}},"26":{"start":{"line":50,"column":10},"end":{"line":34,"column":19}},"27":{"start":{"line":6,"column":24},"end":{"line":6,"column":null}},"28":{"start":{"line":7,"column":17},"end":{"line":7,"column":53}},"29":{"start":{"line":8,"column":16},"end":{"line":8,"column":48}},"30":{"start":{"line":9,"column":14},"end":{"line":9,"column":41}},"31":{"start":{"line":10,"column":4},"end":{"line":10,"column":null}},"32":{"start":{"line":11,"column":4},"end":{"line":11,"column":null}},"33":{"start":{"line":12,"column":4},"end":{"line":12,"column":null}},"34":{"start":{"line":13,"column":4},"end":{"line":13,"column":null}},"35":{"start":{"line":14,"column":4},"end":{"line":14,"column":null}},"36":{"start":{"line":15,"column":4},"end":{"line":15,"column":null}},"37":{"start":{"line":20,"column":47},"end":{"line":20,"column":null}},"38":{"start":{"line":21,"column":6},"end":{"line":23,"column":null}},"39":{"start":{"line":23,"column":7},"end":{"line":24,"column":null}}},"fnMap":{"0":{"name":"(anonymous_0)","decl":{"start":{"line":4,"column":6},"end":{"line":4,"column":15}},"loc":{"start":{"line":4,"column":15},"end":{"line":34,"column":19}},"line":4},"1":{"name":"(anonymous_1)","decl":{"start":{"line":17,"column":22},"end":{"line":17,"column":null}},"loc":{"start":{"line":17,"column":22},"end":{"line":31,"column":null}},"line":17},"2":{"name":"_temp","decl":{"start":{"line":4,"column":15},"end":{"line":4,"column":null}},"loc":{"start":{"line":4,"column":15},"end":{"line":15,"column":null}},"line":4}},"branchMap":{"0":{"loc":{"start":{"line":16,"column":4},"end":{"line":32,"column":4}},"type":"if","locations":[{"start":{"line":16,"column":4},"end":{"line":32,"column":4}},{"start":{"line":32,"column":3},"end":{"line":32,"column":4}}],"line":16},"1":{"loc":{"start":{"line":32,"column":4},"end":{"line":37,"column":null}},"type":"if","locations":[{"start":{"line":32,"column":4},"end":{"line":37,"column":null}},{"start":{"line":37,"column":10},"end":{"line":37,"column":null}}],"line":32},"2":{"loc":{"start":{"line":37,"column":10},"end":{"line":43,"column":null}},"type":"if","locations":[{"start":{"line":37,"column":10},"end":{"line":43,"column":null}},{"start":{"line":43,"column":10},"end":{"line":43,"column":null}}],"line":37},"3":{"loc":{"start":{"line":43,"column":10},"end":{"line":48,"column":null}},"type":"if","locations":[{"start":{"line":43,"column":10},"end":{"line":48,"column":null}},{"start":{"line":48,"column":10},"end":{"line":48,"column":null}}],"line":43},"4":{"loc":{"start":{"line":48,"column":10},"end":{"line":49,"column":null}},"type":"if","locations":[{"start":{"line":48,"column":10},"end":{"line":49,"column":null}},{"start":{"line":49,"column":12},"end":{"line":49,"column":null}}],"line":48},"5":{"loc":{"start":{"line":48,"column":10},"end":{"line":48,"column":null}},"type":"binary-expr","locations":[{"start":{"line":48,"column":10},"end":{"line":48,"column":null}},{"start":{"line":48,"column":10},"end":{"line":48,"column":null}}],"line":48},"6":{"loc":{"start":{"line":49,"column":12},"end":{"line":50,"column":null}},"type":"if","locations":[{"start":{"line":49,"column":12},"end":{"line":50,"column":null}},{"start":{"line":50,"column":10},"end":{"line":50,"column":null}}],"line":49},"7":{"loc":{"start":{"line":49,"column":12},"end":{"line":49,"column":null}},"type":"binary-expr","locations":[{"start":{"line":49,"column":12},"end":{"line":49,"column":null}},{"start":{"line":49,"column":12},"end":{"line":49,"column":null}}],"line":49}},"s":{"0":1,"1":23,"2":23,"3":23,"4":23,"5":6,"6":0,"7":0,"8":0,"9":17,"10":23,"11":23,"12":6,"13":17,"14":23,"15":6,"16":17,"17":23,"18":6,"19":17,"20":23,"21":6,"22":17,"23":23,"24":6,"25":17,"26":23,"27":0,"28":0,"29":0,"30":0,"31":0,"32":0,"33":0,"34":0,"35":0,"36":0,"37":0,"38":0,"39":0},"f":{"0":23,"1":0,"2":0},"b":{"0":[6,17],"1":[6,17],"2":[6,17],"3":[6,17],"4":[6,17],"5":[23,17],"6":[6,17],"7":[23,17]},"meta":{"lastBranch":8,"lastFunction":3,"lastStatement":40,"seen":{"s:4:6:34:19":0,"f:4:6:4:15":0,"s:4:15:4:Infinity":1,"s:5:2:5:56":2,"s:6:23:6:24":3,"b:16:4:32:4:32:3:32:4":0,"s:16:4:32:4":4,"s:17:22:31:Infinity":5,"f:17:22:17:Infinity":1,"s:18:20:18:49":6,"s:19:21:25:10":7,"s:27:4:31:Infinity":8,"s:32:3:32:4":9,"s:17:22:17:Infinity":10,"b:32:4:37:Infinity:37:10:37:Infinity":1,"s:32:4:37:Infinity":11,"s:35:6:36:Infinity":12,"s:37:10:37:Infinity":13,"b:37:10:43:Infinity:43:10:43:Infinity":2,"s:37:10:43:Infinity":14,"s:39:8:43:Infinity":15,"s:43:10:43:Infinity":16,"b:43:10:48:Infinity:48:10:48:Infinity":3,"s:43:10:48:Infinity":17,"s:44:8:48:Infinity":18,"s:48:10:48:Infinity":19,"b:48:10:49:Infinity:49:12:49:Infinity":4,"s:48:10:49:Infinity":20,"b:48:10:48:Infinity:48:10:48:Infinity":5,"s:38:6:44:9":21,"s:49:12:49:Infinity":22,"b:49:12:50:Infinity:50:10:50:Infinity":6,"s:49:12:50:Infinity":23,"b:49:12:49:Infinity:49:12:49:Infinity":7,"s:34:4:38:21":24,"s:50:10:50:Infinity":25,"s:50:10:34:19":26,"f:4:15:4:Infinity":2,"s:6:24:6:Infinity":27,"s:7:17:7:53":28,"s:8:16:8:48":29,"s:9:14:9:41":30,"s:10:4:10:Infinity":31,"s:11:4:11:Infinity":32,"s:12:4:12:Infinity":33,"s:13:4:13:Infinity":34,"s:14:4:14:Infinity":35,"s:15:4:15:Infinity":36,"s:20:47:20:Infinity":37,"s:21:6:23:Infinity":38,"s:23:7:24:Infinity":39}}}
,"D:\\karinavd-React2026Q2\\src\\components\\FlyoutButton.tsx": {"path":"D:\\karinavd-React2026Q2\\src\\components\\FlyoutButton.tsx","statementMap":{"0":{"start":{"line":3,"column":6},"end":{"line":9,"column":null}},"1":{"start":{"line":3,"column":24},"end":{"line":3,"column":25}},"2":{"start":{"line":3,"column":25},"end":{"line":3,"column":null}},"3":{"start":{"line":11,"column":17},"end":{"line":11,"column":120}},"4":{"start":{"line":11,"column":120},"end":{"line":15,"column":null}},"5":{"start":{"line":9,"column":4},"end":{"line":15,"column":null}},"6":{"start":{"line":15,"column":13},"end":{"line":15,"column":null}},"7":{"start":{"line":15,"column":13},"end":{"line":9,"column":null}}},"fnMap":{"0":{"name":"(anonymous_0)","decl":{"start":{"line":3,"column":6},"end":{"line":3,"column":24}},"loc":{"start":{"line":3,"column":24},"end":{"line":9,"column":null}},"line":3}},"branchMap":{"0":{"loc":{"start":{"line":11,"column":120},"end":{"line":15,"column":null}},"type":"if","locations":[{"start":{"line":11,"column":120},"end":{"line":15,"column":null}},{"start":{"line":15,"column":13},"end":{"line":15,"column":null}}],"line":11},"1":{"loc":{"start":{"line":11,"column":120},"end":{"line":11,"column":null}},"type":"binary-expr","locations":[{"start":{"line":11,"column":120},"end":{"line":11,"column":null}},{"start":{"line":11,"column":120},"end":{"line":11,"column":null}},{"start":{"line":11,"column":120},"end":{"line":11,"column":null}}],"line":11}},"s":{"0":3,"1":48,"2":48,"3":48,"4":48,"5":48,"6":0,"7":48},"f":{"0":48},"b":{"0":[48,0],"1":[48,1,1]},"meta":{"lastBranch":2,"lastFunction":1,"lastStatement":8,"seen":{"s:3:6:9:Infinity":0,"f:3:6:3:24":0,"s:3:24:3:25":1,"s:3:25:3:Infinity":2,"s:11:17:11:120":3,"b:11:120:15:Infinity:15:13:15:Infinity":0,"s:11:120:15:Infinity":4,"b:11:120:11:Infinity:11:120:11:Infinity:11:120:11:Infinity":1,"s:9:4:15:Infinity":5,"s:15:13:15:Infinity":6,"s:15:13:9:Infinity":7}}}
,"D:\\karinavd-React2026Q2\\src\\components\\NotFound.tsx": {"path":"D:\\karinavd-React2026Q2\\src\\components\\NotFound.tsx","statementMap":{"0":{"start":{"line":3,"column":6},"end":{"line":5,"column":19}},"1":{"start":{"line":3,"column":17},"end":{"line":3,"column":null}},"2":{"start":{"line":3,"column":17},"end":{"line":6,"column":null}},"3":{"start":{"line":6,"column":6},"end":{"line":6,"column":null}},"4":{"start":{"line":6,"column":14},"end":{"line":6,"column":null}},"5":{"start":{"line":6,"column":14},"end":{"line":12,"column":null}},"6":{"start":{"line":5,"column":4},"end":{"line":11,"column":null}},"7":{"start":{"line":12,"column":10},"end":{"line":12,"column":null}},"8":{"start":{"line":12,"column":10},"end":{"line":5,"column":19}}},"fnMap":{"0":{"name":"(anonymous_0)","decl":{"start":{"line":3,"column":6},"end":{"line":3,"column":17}},"loc":{"start":{"line":3,"column":17},"end":{"line":5,"column":19}},"line":3}},"branchMap":{"0":{"loc":{"start":{"line":3,"column":17},"end":{"line":6,"column":null}},"type":"if","locations":[{"start":{"line":3,"column":17},"end":{"line":6,"column":null}},{"start":{"line":6,"column":14},"end":{"line":6,"column":null}}],"line":3},"1":{"loc":{"start":{"line":6,"column":14},"end":{"line":12,"column":null}},"type":"if","locations":[{"start":{"line":6,"column":14},"end":{"line":12,"column":null}},{"start":{"line":12,"column":10},"end":{"line":12,"column":null}}],"line":6}},"s":{"0":2,"1":1,"2":1,"3":1,"4":0,"5":1,"6":1,"7":0,"8":1},"f":{"0":1},"b":{"0":[1,0],"1":[1,0]},"meta":{"lastBranch":2,"lastFunction":1,"lastStatement":9,"seen":{"s:3:6:5:19":0,"f:3:6:3:17":0,"s:3:17:3:Infinity":1,"b:3:17:6:Infinity:6:14:6:Infinity":0,"s:3:17:6:Infinity":2,"s:6:6:6:Infinity":3,"s:6:14:6:Infinity":4,"b:6:14:12:Infinity:12:10:12:Infinity":1,"s:6:14:12:Infinity":5,"s:5:4:11:Infinity":6,"s:12:10:12:Infinity":7,"s:12:10:5:19":8}}}
,"D:\\karinavd-React2026Q2\\src\\components\\Search.tsx": {"path":"D:\\karinavd-React2026Q2\\src\\components\\Search.tsx","statementMap":{"0":{"start":{"line":5,"column":13},"end":{"line":22,"column":20}},"1":{"start":{"line":5,"column":22},"end":{"line":5,"column":23}},"2":{"start":{"line":5,"column":23},"end":{"line":5,"column":null}},"3":{"start":{"line":6,"column":2},"end":{"line":8,"column":null}},"4":{"start":{"line":10,"column":2},"end":{"line":10,"column":71}},"5":{"start":{"line":10,"column":72},"end":{"line":13,"column":4}},"6":{"start":{"line":11,"column":22},"end":{"line":12,"column":null}},"7":{"start":{"line":12,"column":4},"end":{"line":12,"column":null}},"8":{"start":{"line":13,"column":3},"end":{"line":13,"column":4}},"9":{"start":{"line":11,"column":22},"end":{"line":11,"column":null}},"10":{"start":{"line":13,"column":4},"end":{"line":20,"column":4}},"11":{"start":{"line":14,"column":21},"end":{"line":19,"column":null}},"12":{"start":{"line":15,"column":4},"end":{"line":15,"column":null}},"13":{"start":{"line":16,"column":24},"end":{"line":16,"column":41}},"14":{"start":{"line":17,"column":4},"end":{"line":17,"column":null}},"15":{"start":{"line":18,"column":4},"end":{"line":18,"column":null}},"16":{"start":{"line":19,"column":4},"end":{"line":19,"column":null}},"17":{"start":{"line":20,"column":3},"end":{"line":20,"column":4}},"18":{"start":{"line":14,"column":21},"end":{"line":14,"column":null}},"19":{"start":{"line":20,"column":4},"end":{"line":30,"column":null}},"20":{"start":{"line":23,"column":6},"end":{"line":30,"column":null}},"21":{"start":{"line":30,"column":8},"end":{"line":30,"column":null}},"22":{"start":{"line":36,"column":9},"end":{"line":36,"column":38}},"23":{"start":{"line":36,"column":38},"end":{"line":37,"column":null}},"24":{"start":{"line":31,"column":6},"end":{"line":37,"column":null}},"25":{"start":{"line":37,"column":15},"end":{"line":37,"column":null}},"26":{"start":{"line":37,"column":15},"end":{"line":38,"column":null}},"27":{"start":{"line":22,"column":4},"end":{"line":31,"column":null}},"28":{"start":{"line":38,"column":11},"end":{"line":38,"column":null}},"29":{"start":{"line":38,"column":11},"end":{"line":22,"column":20}}},"fnMap":{"0":{"name":"(anonymous_0)","decl":{"start":{"line":5,"column":13},"end":{"line":5,"column":22}},"loc":{"start":{"line":5,"column":22},"end":{"line":22,"column":20}},"line":5},"1":{"name":"(anonymous_1)","decl":{"start":{"line":11,"column":22},"end":{"line":11,"column":null}},"loc":{"start":{"line":11,"column":22},"end":{"line":12,"column":null}},"line":11},"2":{"name":"(anonymous_2)","decl":{"start":{"line":14,"column":21},"end":{"line":14,"column":null}},"loc":{"start":{"line":14,"column":21},"end":{"line":19,"column":null}},"line":14}},"branchMap":{"0":{"loc":{"start":{"line":10,"column":72},"end":{"line":13,"column":4}},"type":"if","locations":[{"start":{"line":10,"column":72},"end":{"line":13,"column":4}},{"start":{"line":13,"column":3},"end":{"line":13,"column":4}}],"line":10},"1":{"loc":{"start":{"line":13,"column":4},"end":{"line":20,"column":4}},"type":"if","locations":[{"start":{"line":13,"column":4},"end":{"line":20,"column":4}},{"start":{"line":20,"column":3},"end":{"line":20,"column":4}}],"line":13},"2":{"loc":{"start":{"line":13,"column":4},"end":{"line":13,"column":null}},"type":"binary-expr","locations":[{"start":{"line":13,"column":4},"end":{"line":13,"column":null}},{"start":{"line":13,"column":4},"end":{"line":13,"column":null}},{"start":{"line":13,"column":4},"end":{"line":13,"column":null}}],"line":13},"3":{"loc":{"start":{"line":20,"column":4},"end":{"line":30,"column":null}},"type":"if","locations":[{"start":{"line":20,"column":4},"end":{"line":30,"column":null}},{"start":{"line":30,"column":8},"end":{"line":30,"column":null}}],"line":20},"4":{"loc":{"start":{"line":20,"column":4},"end":{"line":20,"column":null}},"type":"binary-expr","locations":[{"start":{"line":20,"column":4},"end":{"line":20,"column":null}},{"start":{"line":20,"column":4},"end":{"line":20,"column":null}}],"line":20},"5":{"loc":{"start":{"line":36,"column":9},"end":{"line":36,"column":38}},"type":"cond-expr","locations":[{"start":{"line":36,"column":9},"end":{"line":36,"column":38}},{"start":{"line":36,"column":9},"end":{"line":36,"column":38}}],"line":36},"6":{"loc":{"start":{"line":36,"column":38},"end":{"line":37,"column":null}},"type":"if","locations":[{"start":{"line":36,"column":38},"end":{"line":37,"column":null}},{"start":{"line":37,"column":15},"end":{"line":37,"column":null}}],"line":36},"7":{"loc":{"start":{"line":36,"column":38},"end":{"line":36,"column":null}},"type":"binary-expr","locations":[{"start":{"line":36,"column":38},"end":{"line":36,"column":null}},{"start":{"line":36,"column":38},"end":{"line":36,"column":null}}],"line":36},"8":{"loc":{"start":{"line":37,"column":15},"end":{"line":38,"column":null}},"type":"if","locations":[{"start":{"line":37,"column":15},"end":{"line":38,"column":null}},{"start":{"line":38,"column":11},"end":{"line":38,"column":null}}],"line":37},"9":{"loc":{"start":{"line":37,"column":15},"end":{"line":37,"column":null}},"type":"binary-expr","locations":[{"start":{"line":37,"column":15},"end":{"line":37,"column":null}},{"start":{"line":37,"column":15},"end":{"line":37,"column":null}},{"start":{"line":37,"column":15},"end":{"line":37,"column":null}}],"line":37}},"s":{"0":3,"1":48,"2":48,"3":48,"4":48,"5":48,"6":17,"7":9,"8":31,"9":48,"10":48,"11":48,"12":7,"13":7,"14":7,"15":7,"16":7,"17":0,"18":48,"19":48,"20":42,"21":6,"22":48,"23":48,"24":32,"25":16,"26":48,"27":48,"28":0,"29":48},"f":{"0":48,"1":9,"2":7},"b":{"0":[17,31],"1":[48,0],"2":[48,14,4],"3":[42,6],"4":[48,16],"5":[11,37],"6":[32,16],"7":[48,16],"8":[48,0],"9":[48,0,0]},"meta":{"lastBranch":10,"lastFunction":3,"lastStatement":30,"seen":{"s:5:13:22:20":0,"f:5:13:5:22":0,"s:5:22:5:23":1,"s:5:23:5:Infinity":2,"s:6:2:8:Infinity":3,"s:10:2:10:71":4,"b:10:72:13:4:13:3:13:4":0,"s:10:72:13:4":5,"s:11:22:12:Infinity":6,"f:11:22:11:Infinity":1,"s:12:4:12:Infinity":7,"s:13:3:13:4":8,"s:11:22:11:Infinity":9,"b:13:4:20:4:20:3:20:4":1,"s:13:4:20:4":10,"b:13:4:13:Infinity:13:4:13:Infinity:13:4:13:Infinity":2,"s:14:21:19:Infinity":11,"f:14:21:14:Infinity":2,"s:15:4:15:Infinity":12,"s:16:24:16:41":13,"s:17:4:17:Infinity":14,"s:18:4:18:Infinity":15,"s:19:4:19:Infinity":16,"s:20:3:20:4":17,"s:14:21:14:Infinity":18,"b:20:4:30:Infinity:30:8:30:Infinity":3,"s:20:4:30:Infinity":19,"b:20:4:20:Infinity:20:4:20:Infinity":4,"s:23:6:30:Infinity":20,"s:30:8:30:Infinity":21,"s:36:9:36:38":22,"b:36:9:36:38:36:9:36:38":5,"b:36:38:37:Infinity:37:15:37:Infinity":6,"s:36:38:37:Infinity":23,"b:36:38:36:Infinity:36:38:36:Infinity":7,"s:31:6:37:Infinity":24,"s:37:15:37:Infinity":25,"b:37:15:38:Infinity:38:11:38:Infinity":8,"s:37:15:38:Infinity":26,"b:37:15:37:Infinity:37:15:37:Infinity:37:15:37:Infinity":9,"s:22:4:31:Infinity":27,"s:38:11:38:Infinity":28,"s:38:11:22:20":29}}}
,"D:\\karinavd-React2026Q2\\src\\components\\ThemeProvider.tsx": {"path":"D:\\karinavd-React2026Q2\\src\\components\\ThemeProvider.tsx","statementMap":{"0":{"start":{"line":5,"column":6},"end":{"line":21,"column":34}},"1":{"start":{"line":5,"column":22},"end":{"line":5,"column":23}},"2":{"start":{"line":5,"column":23},"end":{"line":5,"column":null}},"3":{"start":{"line":6,"column":2},"end":{"line":7,"column":10}},"4":{"start":{"line":8,"column":4},"end":{"line":17,"column":17}},"5":{"start":{"line":9,"column":12},"end":{"line":16,"column":null}},"6":{"start":{"line":10,"column":17},"end":{"line":10,"column":null}},"7":{"start":{"line":11,"column":4},"end":{"line":14,"column":null}},"8":{"start":{"line":12,"column":6},"end":{"line":12,"column":null}},"9":{"start":{"line":14,"column":6},"end":{"line":14,"column":null}},"10":{"start":{"line":16,"column":4},"end":{"line":16,"column":null}},"11":{"start":{"line":17,"column":5},"end":{"line":17,"column":17}},"12":{"start":{"line":17,"column":16},"end":{"line":17,"column":17}},"13":{"start":{"line":9,"column":2},"end":{"line":17,"column":null}},"14":{"start":{"line":17,"column":17},"end":{"line":19,"column":66}},"15":{"start":{"line":18,"column":22},"end":{"line":19,"column":66}},"16":{"start":{"line":19,"column":4},"end":{"line":19,"column":28}},"17":{"start":{"line":19,"column":65},"end":{"line":19,"column":66}},"18":{"start":{"line":18,"column":22},"end":{"line":18,"column":null}},"19":{"start":{"line":19,"column":66},"end":{"line":21,"column":null}},"20":{"start":{"line":21,"column":34},"end":{"line":21,"column":null}},"21":{"start":{"line":21,"column":67},"end":{"line":21,"column":null}},"22":{"start":{"line":21,"column":67},"end":{"line":23,"column":null}},"23":{"start":{"line":21,"column":4},"end":{"line":23,"column":null}},"24":{"start":{"line":23,"column":28},"end":{"line":23,"column":null}},"25":{"start":{"line":23,"column":28},"end":{"line":21,"column":34}},"26":{"start":{"line":5,"column":22},"end":{"line":7,"column":11}},"27":{"start":{"line":5,"column":22},"end":{"line":19,"column":37}}},"fnMap":{"0":{"name":"(anonymous_0)","decl":{"start":{"line":5,"column":6},"end":{"line":5,"column":22}},"loc":{"start":{"line":5,"column":22},"end":{"line":21,"column":34}},"line":5},"1":{"name":"(anonymous_1)","decl":{"start":{"line":9,"column":12},"end":{"line":9,"column":null}},"loc":{"start":{"line":9,"column":12},"end":{"line":16,"column":null}},"line":9},"2":{"name":"(anonymous_2)","decl":{"start":{"line":18,"column":22},"end":{"line":18,"column":null}},"loc":{"start":{"line":19,"column":4},"end":{"line":19,"column":28}},"line":19},"3":{"name":"_temp","decl":{"start":{"line":5,"column":22},"end":{"line":5,"column":23}},"loc":{"start":{"line":5,"column":22},"end":{"line":7,"column":11}},"line":5}},"branchMap":{"0":{"loc":{"start":{"line":8,"column":4},"end":{"line":17,"column":17}},"type":"if","locations":[{"start":{"line":8,"column":4},"end":{"line":17,"column":17}},{"start":{"line":17,"column":16},"end":{"line":17,"column":17}}],"line":8},"1":{"loc":{"start":{"line":11,"column":4},"end":{"line":14,"column":null}},"type":"if","locations":[{"start":{"line":11,"column":4},"end":{"line":14,"column":null}},{"start":{"line":12,"column":35},"end":{"line":14,"column":null}}],"line":11},"2":{"loc":{"start":{"line":17,"column":17},"end":{"line":19,"column":66}},"type":"if","locations":[{"start":{"line":17,"column":17},"end":{"line":19,"column":66}},{"start":{"line":19,"column":65},"end":{"line":19,"column":66}}],"line":17},"3":{"loc":{"start":{"line":19,"column":66},"end":{"line":21,"column":null}},"type":"if","locations":[{"start":{"line":19,"column":66},"end":{"line":21,"column":null}},{"start":{"line":21,"column":67},"end":{"line":21,"column":null}}],"line":19},"4":{"loc":{"start":{"line":21,"column":67},"end":{"line":23,"column":null}},"type":"if","locations":[{"start":{"line":21,"column":67},"end":{"line":23,"column":null}},{"start":{"line":23,"column":28},"end":{"line":23,"column":null}}],"line":21},"5":{"loc":{"start":{"line":21,"column":67},"end":{"line":21,"column":null}},"type":"binary-expr","locations":[{"start":{"line":21,"column":67},"end":{"line":21,"column":null}},{"start":{"line":21,"column":67},"end":{"line":21,"column":null}}],"line":21},"6":{"loc":{"start":{"line":7,"column":11},"end":{"line":7,"column":11}},"type":"binary-expr","locations":[{"start":{"line":7,"column":11},"end":{"line":7,"column":40}},{"start":{"line":7,"column":10},"end":{"line":7,"column":11}}],"line":7},"7":{"loc":{"start":{"line":19,"column":28},"end":{"line":19,"column":37}},"type":"cond-expr","locations":[{"start":{"line":19,"column":28},"end":{"line":19,"column":37}},{"start":{"line":19,"column":28},"end":{"line":19,"column":37}}],"line":19}},"s":{"0":1,"1":3,"2":3,"3":3,"4":3,"5":3,"6":3,"7":3,"8":2,"9":1,"10":3,"11":3,"12":0,"13":3,"14":3,"15":2,"16":1,"17":1,"18":3,"19":3,"20":3,"21":0,"22":3,"23":3,"24":0,"25":3,"26":2,"27":1},"f":{"0":3,"1":3,"2":1,"3":3},"b":{"0":[3,0],"1":[2,1],"2":[2,1],"3":[3,0],"4":[3,0],"5":[3,1],"6":[2,2],"7":[1,0]},"meta":{"lastBranch":8,"lastFunction":4,"lastStatement":28,"seen":{"s:5:6:21:34":0,"f:5:6:5:22":0,"s:5:22:5:23":1,"s:5:23:5:Infinity":2,"s:6:2:7:10":3,"b:8:4:17:17:17:16:17:17":0,"s:8:4:17:17":4,"s:9:12:16:Infinity":5,"f:9:12:9:Infinity":1,"s:10:17:10:Infinity":6,"b:11:4:14:Infinity:12:35:14:Infinity":1,"s:11:4:14:Infinity":7,"s:12:6:12:Infinity":8,"s:14:6:14:Infinity":9,"s:16:4:16:Infinity":10,"s:17:5:17:17":11,"s:17:16:17:17":12,"s:9:2:17:Infinity":13,"b:17:17:19:66:19:65:19:66":2,"s:17:17:19:66":14,"s:18:22:19:66":15,"f:18:22:18:Infinity":2,"s:19:4:19:28":16,"s:19:65:19:66":17,"s:18:22:18:Infinity":18,"b:19:66:21:Infinity:21:67:21:Infinity":3,"s:19:66:21:Infinity":19,"s:21:34:21:Infinity":20,"s:21:67:21:Infinity":21,"b:21:67:23:Infinity:23:28:23:Infinity":4,"s:21:67:23:Infinity":22,"b:21:67:21:Infinity:21:67:21:Infinity":5,"s:21:4:23:Infinity":23,"s:23:28:23:Infinity":24,"s:23:28:21:34":25,"f:5:22:5:23":3,"s:5:22:7:11":26,"b:7:11:7:40:7:10:7:11":6,"s:5:22:19:37":27,"b:19:28:19:37:19:28:19:37":7}}}
,"D:\\karinavd-React2026Q2\\src\\components\\MainPage\\Header.tsx": {"path":"D:\\karinavd-React2026Q2\\src\\components\\MainPage\\Header.tsx","statementMap":{"0":{"start":{"line":8,"column":6},"end":{"line":11,"column":22}},"1":{"start":{"line":8,"column":15},"end":{"line":8,"column":16}},"2":{"start":{"line":8,"column":16},"end":{"line":8,"column":null}},"3":{"start":{"line":9,"column":2},"end":{"line":9,"column":57}},"4":{"start":{"line":9,"column":58},"end":{"line":12,"column":null}},"5":{"start":{"line":12,"column":6},"end":{"line":12,"column":null}},"6":{"start":{"line":12,"column":75},"end":{"line":12,"column":null}},"7":{"start":{"line":12,"column":75},"end":{"line":13,"column":null}},"8":{"start":{"line":13,"column":6},"end":{"line":13,"column":null}},"9":{"start":{"line":13,"column":62},"end":{"line":13,"column":null}},"10":{"start":{"line":13,"column":62},"end":{"line":17,"column":null}},"11":{"start":{"line":15,"column":8},"end":{"line":17,"column":null}},"12":{"start":{"line":17,"column":15},"end":{"line":17,"column":null}},"13":{"start":{"line":20,"column":16},"end":{"line":20,"column":26}},"14":{"start":{"line":20,"column":67},"end":{"line":22,"column":null}},"15":{"start":{"line":18,"column":8},"end":{"line":22,"column":null}},"16":{"start":{"line":22,"column":10},"end":{"line":22,"column":null}},"17":{"start":{"line":22,"column":10},"end":{"line":27,"column":null}},"18":{"start":{"line":23,"column":8},"end":{"line":27,"column":null}},"19":{"start":{"line":27,"column":10},"end":{"line":27,"column":null}},"20":{"start":{"line":27,"column":10},"end":{"line":28,"column":null}},"21":{"start":{"line":14,"column":6},"end":{"line":23,"column":9}},"22":{"start":{"line":28,"column":12},"end":{"line":28,"column":null}},"23":{"start":{"line":28,"column":12},"end":{"line":29,"column":null}},"24":{"start":{"line":11,"column":4},"end":{"line":14,"column":21}},"25":{"start":{"line":29,"column":13},"end":{"line":29,"column":null}},"26":{"start":{"line":29,"column":13},"end":{"line":11,"column":22}}},"fnMap":{"0":{"name":"(anonymous_0)","decl":{"start":{"line":8,"column":6},"end":{"line":8,"column":15}},"loc":{"start":{"line":8,"column":15},"end":{"line":11,"column":22}},"line":8}},"branchMap":{"0":{"loc":{"start":{"line":9,"column":58},"end":{"line":12,"column":null}},"type":"if","locations":[{"start":{"line":9,"column":58},"end":{"line":12,"column":null}},{"start":{"line":12,"column":75},"end":{"line":12,"column":null}}],"line":9},"1":{"loc":{"start":{"line":12,"column":75},"end":{"line":13,"column":null}},"type":"if","locations":[{"start":{"line":12,"column":75},"end":{"line":13,"column":null}},{"start":{"line":13,"column":62},"end":{"line":13,"column":null}}],"line":12},"2":{"loc":{"start":{"line":12,"column":75},"end":{"line":12,"column":null}},"type":"binary-expr","locations":[{"start":{"line":12,"column":75},"end":{"line":12,"column":null}},{"start":{"line":12,"column":75},"end":{"line":12,"column":null}}],"line":12},"3":{"loc":{"start":{"line":13,"column":62},"end":{"line":17,"column":null}},"type":"if","locations":[{"start":{"line":13,"column":62},"end":{"line":17,"column":null}},{"start":{"line":17,"column":15},"end":{"line":17,"column":null}}],"line":13},"4":{"loc":{"start":{"line":20,"column":16},"end":{"line":20,"column":26}},"type":"cond-expr","locations":[{"start":{"line":20,"column":16},"end":{"line":20,"column":26}},{"start":{"line":20,"column":16},"end":{"line":20,"column":26}}],"line":20},"5":{"loc":{"start":{"line":20,"column":67},"end":{"line":22,"column":null}},"type":"if","locations":[{"start":{"line":20,"column":67},"end":{"line":22,"column":null}},{"start":{"line":22,"column":10},"end":{"line":22,"column":null}}],"line":20},"6":{"loc":{"start":{"line":20,"column":67},"end":{"line":20,"column":null}},"type":"binary-expr","locations":[{"start":{"line":20,"column":67},"end":{"line":20,"column":null}},{"start":{"line":20,"column":67},"end":{"line":20,"column":null}}],"line":20},"7":{"loc":{"start":{"line":22,"column":10},"end":{"line":27,"column":null}},"type":"if","locations":[{"start":{"line":22,"column":10},"end":{"line":27,"column":null}},{"start":{"line":27,"column":10},"end":{"line":27,"column":null}}],"line":22},"8":{"loc":{"start":{"line":27,"column":10},"end":{"line":28,"column":null}},"type":"if","locations":[{"start":{"line":27,"column":10},"end":{"line":28,"column":null}},{"start":{"line":28,"column":12},"end":{"line":28,"column":null}}],"line":27},"9":{"loc":{"start":{"line":27,"column":10},"end":{"line":27,"column":null}},"type":"binary-expr","locations":[{"start":{"line":27,"column":10},"end":{"line":27,"column":null}},{"start":{"line":27,"column":10},"end":{"line":27,"column":null}}],"line":27},"10":{"loc":{"start":{"line":28,"column":12},"end":{"line":29,"column":null}},"type":"if","locations":[{"start":{"line":28,"column":12},"end":{"line":29,"column":null}},{"start":{"line":29,"column":13},"end":{"line":29,"column":null}}],"line":28},"11":{"loc":{"start":{"line":28,"column":12},"end":{"line":28,"column":null}},"type":"binary-expr","locations":[{"start":{"line":28,"column":12},"end":{"line":28,"column":null}},{"start":{"line":28,"column":12},"end":{"line":28,"column":null}}],"line":28}},"s":{"0":2,"1":26,"2":26,"3":26,"4":26,"5":8,"6":18,"7":26,"8":25,"9":1,"10":26,"11":8,"12":18,"13":26,"14":26,"15":9,"16":17,"17":26,"18":25,"19":1,"20":26,"21":26,"22":0,"23":26,"24":26,"25":0,"26":26},"f":{"0":26},"b":{"0":[8,18],"1":[25,1],"2":[26,1],"3":[8,18],"4":[2,24],"5":[9,17],"6":[26,17],"7":[25,1],"8":[26,0],"9":[26,17],"10":[26,0],"11":[26,1]},"meta":{"lastBranch":12,"lastFunction":1,"lastStatement":27,"seen":{"s:8:6:11:22":0,"f:8:6:8:15":0,"s:8:15:8:16":1,"s:8:16:8:Infinity":2,"s:9:2:9:57":3,"b:9:58:12:Infinity:12:75:12:Infinity":0,"s:9:58:12:Infinity":4,"s:12:6:12:Infinity":5,"s:12:75:12:Infinity":6,"b:12:75:13:Infinity:13:62:13:Infinity":1,"s:12:75:13:Infinity":7,"b:12:75:12:Infinity:12:75:12:Infinity":2,"s:13:6:13:Infinity":8,"s:13:62:13:Infinity":9,"b:13:62:17:Infinity:17:15:17:Infinity":3,"s:13:62:17:Infinity":10,"s:15:8:17:Infinity":11,"s:17:15:17:Infinity":12,"s:20:16:20:26":13,"b:20:16:20:26:20:16:20:26":4,"b:20:67:22:Infinity:22:10:22:Infinity":5,"s:20:67:22:Infinity":14,"b:20:67:20:Infinity:20:67:20:Infinity":6,"s:18:8:22:Infinity":15,"s:22:10:22:Infinity":16,"b:22:10:27:Infinity:27:10:27:Infinity":7,"s:22:10:27:Infinity":17,"s:23:8:27:Infinity":18,"s:27:10:27:Infinity":19,"b:27:10:28:Infinity:28:12:28:Infinity":8,"s:27:10:28:Infinity":20,"b:27:10:27:Infinity:27:10:27:Infinity":9,"s:14:6:23:9":21,"s:28:12:28:Infinity":22,"b:28:12:29:Infinity:29:13:29:Infinity":10,"s:28:12:29:Infinity":23,"b:28:12:28:Infinity:28:12:28:Infinity":11,"s:11:4:14:21":24,"s:29:13:29:Infinity":25,"s:29:13:11:22":26}}}
,"D:\\karinavd-React2026Q2\\src\\components\\MainPage\\MainPage.tsx": {"path":"D:\\karinavd-React2026Q2\\src\\components\\MainPage\\MainPage.tsx","statementMap":{"0":{"start":{"line":11,"column":13},"end":{"line":96,"column":null}},"1":{"start":{"line":12,"column":16},"end":{"line":12,"column":53}},"2":{"start":{"line":13,"column":20},"end":{"line":13,"column":51}},"3":{"start":{"line":14,"column":16},"end":{"line":14,"column":57}},"4":{"start":{"line":15,"column":18},"end":{"line":15,"column":47}},"5":{"start":{"line":16,"column":9},"end":{"line":16,"column":74}},"6":{"start":{"line":17,"column":21},"end":{"line":17,"column":56}},"7":{"start":{"line":18,"column":19},"end":{"line":18,"column":null}},"8":{"start":{"line":19,"column":22},"end":{"line":19,"column":null}},"9":{"start":{"line":20,"column":21},"end":{"line":20,"column":58}},"10":{"start":{"line":21,"column":27},"end":{"line":23,"column":null}},"11":{"start":{"line":25,"column":20},"end":{"line":36,"column":null}},"12":{"start":{"line":26,"column":4},"end":{"line":26,"column":null}},"13":{"start":{"line":27,"column":4},"end":{"line":27,"column":null}},"14":{"start":{"line":28,"column":4},"end":{"line":36,"column":null}},"15":{"start":{"line":29,"column":19},"end":{"line":29,"column":50}},"16":{"start":{"line":30,"column":6},"end":{"line":30,"column":null}},"17":{"start":{"line":31,"column":6},"end":{"line":31,"column":null}},"18":{"start":{"line":33,"column":18},"end":{"line":33,"column":null}},"19":{"start":{"line":34,"column":6},"end":{"line":34,"column":null}},"20":{"start":{"line":36,"column":6},"end":{"line":36,"column":null}},"21":{"start":{"line":39,"column":2},"end":{"line":45,"column":null}},"22":{"start":{"line":40,"column":17},"end":{"line":41,"column":null}},"23":{"start":{"line":41,"column":6},"end":{"line":41,"column":null}},"24":{"start":{"line":44,"column":4},"end":{"line":44,"column":null}},"25":{"start":{"line":47,"column":8},"end":{"line":50,"column":null}},"26":{"start":{"line":48,"column":4},"end":{"line":48,"column":null}},"27":{"start":{"line":49,"column":4},"end":{"line":49,"column":null}},"28":{"start":{"line":50,"column":4},"end":{"line":50,"column":null}},"29":{"start":{"line":52,"column":8},"end":{"line":53,"column":null}},"30":{"start":{"line":53,"column":4},"end":{"line":53,"column":null}},"31":{"start":{"line":56,"column":8},"end":{"line":58,"column":null}},"32":{"start":{"line":57,"column":4},"end":{"line":57,"column":null}},"33":{"start":{"line":58,"column":4},"end":{"line":58,"column":null}},"34":{"start":{"line":61,"column":2},"end":{"line":64,"column":null}},"35":{"start":{"line":62,"column":4},"end":{"line":64,"column":null}},"36":{"start":{"line":67,"column":2},"end":{"line":96,"column":null}}},"fnMap":{"0":{"name":"(anonymous_0)","decl":{"start":{"line":11,"column":13},"end":{"line":11,"column":30}},"loc":{"start":{"line":11,"column":30},"end":{"line":96,"column":null}},"line":11},"1":{"name":"(anonymous_1)","decl":{"start":{"line":25,"column":20},"end":{"line":25,"column":27}},"loc":{"start":{"line":25,"column":44},"end":{"line":36,"column":null}},"line":25},"2":{"name":"(anonymous_2)","decl":{"start":{"line":39,"column":2},"end":{"line":39,"column":18}},"loc":{"start":{"line":39,"column":18},"end":{"line":45,"column":6}},"line":39},"3":{"name":"(anonymous_3)","decl":{"start":{"line":40,"column":17},"end":{"line":40,"column":29}},"loc":{"start":{"line":40,"column":29},"end":{"line":41,"column":null}},"line":40},"4":{"name":"(anonymous_4)","decl":{"start":{"line":47,"column":8},"end":{"line":47,"column":24}},"loc":{"start":{"line":47,"column":41},"end":{"line":50,"column":null}},"line":47},"5":{"name":"(anonymous_5)","decl":{"start":{"line":52,"column":8},"end":{"line":52,"column":27}},"loc":{"start":{"line":52,"column":27},"end":{"line":53,"column":null}},"line":52},"6":{"name":"(anonymous_6)","decl":{"start":{"line":56,"column":8},"end":{"line":56,"column":22}},"loc":{"start":{"line":56,"column":39},"end":{"line":58,"column":null}},"line":56}},"branchMap":{"0":{"loc":{"start":{"line":18,"column":19},"end":{"line":18,"column":null}},"type":"binary-expr","locations":[{"start":{"line":18,"column":19},"end":{"line":18,"column":41}},{"start":{"line":18,"column":45},"end":{"line":18,"column":null}}],"line":18},"1":{"loc":{"start":{"line":33,"column":18},"end":{"line":33,"column":null}},"type":"cond-expr","locations":[{"start":{"line":33,"column":39},"end":{"line":33,"column":51}},{"start":{"line":33,"column":51},"end":{"line":33,"column":null}}],"line":33},"2":{"loc":{"start":{"line":61,"column":2},"end":{"line":64,"column":null}},"type":"if","locations":[{"start":{"line":61,"column":2},"end":{"line":64,"column":null}},{"start":{},"end":{}}],"line":61},"3":{"loc":{"start":{"line":87,"column":9},"end":{"line":93,"column":null}},"type":"binary-expr","locations":[{"start":{"line":87,"column":9},"end":{"line":87,"column":23}},{"start":{"line":87,"column":23},"end":{"line":87,"column":null}},{"start":{"line":88,"column":10},"end":{"line":93,"column":null}}],"line":87}},"s":{"0":1,"1":23,"2":23,"3":23,"4":23,"5":23,"6":23,"7":23,"8":23,"9":23,"10":23,"11":23,"12":8,"13":8,"14":8,"15":8,"16":6,"17":6,"18":2,"19":2,"20":8,"21":23,"22":6,"23":6,"24":6,"25":23,"26":2,"27":2,"28":2,"29":23,"30":0,"31":23,"32":0,"33":0,"34":23,"35":0,"36":23},"f":{"0":23,"1":8,"2":6,"3":6,"4":2,"5":0,"6":0},"b":{"0":[23,17],"1":[1,1],"2":[0,23],"3":[23,13,5]},"meta":{"lastBranch":4,"lastFunction":7,"lastStatement":37,"seen":{"s:11:13:96:Infinity":0,"f:11:13:11:30":0,"s:12:16:12:53":1,"s:13:20:13:51":2,"s:14:16:14:57":3,"s:15:18:15:47":4,"s:16:9:16:74":5,"s:17:21:17:56":6,"s:18:19:18:Infinity":7,"b:18:19:18:41:18:45:18:Infinity":0,"s:19:22:19:Infinity":8,"s:20:21:20:58":9,"s:21:27:23:Infinity":10,"s:25:20:36:Infinity":11,"f:25:20:25:27":1,"s:26:4:26:Infinity":12,"s:27:4:27:Infinity":13,"s:28:4:36:Infinity":14,"s:29:19:29:50":15,"s:30:6:30:Infinity":16,"s:31:6:31:Infinity":17,"s:33:18:33:Infinity":18,"b:33:39:33:51:33:51:33:Infinity":1,"s:34:6:34:Infinity":19,"s:36:6:36:Infinity":20,"s:39:2:45:Infinity":21,"f:39:2:39:18":2,"s:40:17:41:Infinity":22,"f:40:17:40:29":3,"s:41:6:41:Infinity":23,"s:44:4:44:Infinity":24,"s:47:8:50:Infinity":25,"f:47:8:47:24":4,"s:48:4:48:Infinity":26,"s:49:4:49:Infinity":27,"s:50:4:50:Infinity":28,"s:52:8:53:Infinity":29,"f:52:8:52:27":5,"s:53:4:53:Infinity":30,"s:56:8:58:Infinity":31,"f:56:8:56:22":6,"s:57:4:57:Infinity":32,"s:58:4:58:Infinity":33,"b:61:2:64:Infinity:undefined:undefined:undefined:undefined":2,"s:61:2:64:Infinity":34,"s:62:4:64:Infinity":35,"s:67:2:96:Infinity":36,"b:87:9:87:23:87:23:87:Infinity:88:10:93:Infinity":3}}}
,"D:\\karinavd-React2026Q2\\src\\components\\MainPage\\Pagination.tsx": {"path":"D:\\karinavd-React2026Q2\\src\\components\\MainPage\\Pagination.tsx","statementMap":{"0":{"start":{"line":3,"column":6},"end":{"line":9,"column":19}},"1":{"start":{"line":3,"column":19},"end":{"line":3,"column":20}},"2":{"start":{"line":3,"column":20},"end":{"line":3,"column":null}},"3":{"start":{"line":12,"column":18},"end":{"line":12,"column":35}},"4":{"start":{"line":12,"column":35},"end":{"line":13,"column":null}},"5":{"start":{"line":13,"column":17},"end":{"line":13,"column":null}},"6":{"start":{"line":13,"column":23},"end":{"line":13,"column":52}},"7":{"start":{"line":13,"column":52},"end":{"line":13,"column":null}},"8":{"start":{"line":13,"column":52},"end":{"line":16,"column":null}},"9":{"start":{"line":10,"column":6},"end":{"line":16,"column":null}},"10":{"start":{"line":16,"column":15},"end":{"line":16,"column":null}},"11":{"start":{"line":16,"column":15},"end":{"line":19,"column":null}},"12":{"start":{"line":17,"column":6},"end":{"line":19,"column":null}},"13":{"start":{"line":19,"column":10},"end":{"line":19,"column":null}},"14":{"start":{"line":22,"column":18},"end":{"line":22,"column":43}},"15":{"start":{"line":22,"column":43},"end":{"line":23,"column":null}},"16":{"start":{"line":23,"column":17},"end":{"line":23,"column":null}},"17":{"start":{"line":23,"column":23},"end":{"line":23,"column":52}},"18":{"start":{"line":23,"column":52},"end":{"line":23,"column":null}},"19":{"start":{"line":23,"column":52},"end":{"line":26,"column":null}},"20":{"start":{"line":20,"column":6},"end":{"line":26,"column":null}},"21":{"start":{"line":26,"column":15},"end":{"line":26,"column":null}},"22":{"start":{"line":26,"column":15},"end":{"line":27,"column":null}},"23":{"start":{"line":9,"column":4},"end":{"line":20,"column":null}},"24":{"start":{"line":27,"column":10},"end":{"line":27,"column":null}},"25":{"start":{"line":27,"column":10},"end":{"line":9,"column":19}}},"fnMap":{"0":{"name":"(anonymous_0)","decl":{"start":{"line":3,"column":6},"end":{"line":3,"column":19}},"loc":{"start":{"line":3,"column":19},"end":{"line":9,"column":19}},"line":3},"1":{"name":"(anonymous_1)","decl":{"start":{"line":13,"column":17},"end":{"line":13,"column":23}},"loc":{"start":{"line":13,"column":23},"end":{"line":13,"column":52}},"line":13},"2":{"name":"(anonymous_2)","decl":{"start":{"line":23,"column":17},"end":{"line":23,"column":23}},"loc":{"start":{"line":23,"column":23},"end":{"line":23,"column":52}},"line":23}},"branchMap":{"0":{"loc":{"start":{"line":12,"column":35},"end":{"line":13,"column":null}},"type":"if","locations":[{"start":{"line":12,"column":35},"end":{"line":13,"column":null}},{"start":{"line":13,"column":52},"end":{"line":13,"column":null}}],"line":12},"1":{"loc":{"start":{"line":12,"column":35},"end":{"line":12,"column":null}},"type":"binary-expr","locations":[{"start":{"line":12,"column":35},"end":{"line":12,"column":null}},{"start":{"line":12,"column":35},"end":{"line":12,"column":null}}],"line":12},"2":{"loc":{"start":{"line":13,"column":52},"end":{"line":16,"column":null}},"type":"if","locations":[{"start":{"line":13,"column":52},"end":{"line":16,"column":null}},{"start":{"line":16,"column":15},"end":{"line":16,"column":null}}],"line":13},"3":{"loc":{"start":{"line":13,"column":52},"end":{"line":13,"column":null}},"type":"binary-expr","locations":[{"start":{"line":13,"column":52},"end":{"line":13,"column":null}},{"start":{"line":13,"column":52},"end":{"line":13,"column":null}}],"line":13},"4":{"loc":{"start":{"line":16,"column":15},"end":{"line":19,"column":null}},"type":"if","locations":[{"start":{"line":16,"column":15},"end":{"line":19,"column":null}},{"start":{"line":19,"column":10},"end":{"line":19,"column":null}}],"line":16},"5":{"loc":{"start":{"line":16,"column":15},"end":{"line":16,"column":null}},"type":"binary-expr","locations":[{"start":{"line":16,"column":15},"end":{"line":16,"column":null}},{"start":{"line":16,"column":15},"end":{"line":16,"column":null}}],"line":16},"6":{"loc":{"start":{"line":22,"column":43},"end":{"line":23,"column":null}},"type":"if","locations":[{"start":{"line":22,"column":43},"end":{"line":23,"column":null}},{"start":{"line":23,"column":52},"end":{"line":23,"column":null}}],"line":22},"7":{"loc":{"start":{"line":22,"column":43},"end":{"line":22,"column":null}},"type":"binary-expr","locations":[{"start":{"line":22,"column":43},"end":{"line":22,"column":null}},{"start":{"line":22,"column":43},"end":{"line":22,"column":null}}],"line":22},"8":{"loc":{"start":{"line":23,"column":52},"end":{"line":26,"column":null}},"type":"if","locations":[{"start":{"line":23,"column":52},"end":{"line":26,"column":null}},{"start":{"line":26,"column":15},"end":{"line":26,"column":null}}],"line":23},"9":{"loc":{"start":{"line":23,"column":52},"end":{"line":23,"column":null}},"type":"binary-expr","locations":[{"start":{"line":23,"column":52},"end":{"line":23,"column":null}},{"start":{"line":23,"column":52},"end":{"line":23,"column":null}}],"line":23},"10":{"loc":{"start":{"line":26,"column":15},"end":{"line":27,"column":null}},"type":"if","locations":[{"start":{"line":26,"column":15},"end":{"line":27,"column":null}},{"start":{"line":27,"column":10},"end":{"line":27,"column":null}}],"line":26},"11":{"loc":{"start":{"line":26,"column":15},"end":{"line":26,"column":null}},"type":"binary-expr","locations":[{"start":{"line":26,"column":15},"end":{"line":26,"column":null}},{"start":{"line":26,"column":15},"end":{"line":26,"column":null}},{"start":{"line":26,"column":15},"end":{"line":26,"column":null}}],"line":26}},"s":{"0":1,"1":5,"2":5,"3":5,"4":5,"5":5,"6":0,"7":0,"8":5,"9":5,"10":0,"11":5,"12":5,"13":0,"14":5,"15":5,"16":5,"17":0,"18":0,"19":5,"20":5,"21":0,"22":5,"23":5,"24":0,"25":5},"f":{"0":5,"1":0,"2":0},"b":{"0":[5,0],"1":[5,0],"2":[5,0],"3":[5,0],"4":[5,0],"5":[5,0],"6":[5,0],"7":[5,0],"8":[5,0],"9":[5,0],"10":[5,0],"11":[5,0,0]},"meta":{"lastBranch":12,"lastFunction":3,"lastStatement":26,"seen":{"s:3:6:9:19":0,"f:3:6:3:19":0,"s:3:19:3:20":1,"s:3:20:3:Infinity":2,"s:12:18:12:35":3,"b:12:35:13:Infinity:13:52:13:Infinity":0,"s:12:35:13:Infinity":4,"b:12:35:12:Infinity:12:35:12:Infinity":1,"s:13:17:13:Infinity":5,"f:13:17:13:23":1,"s:13:23:13:52":6,"s:13:52:13:Infinity":7,"b:13:52:16:Infinity:16:15:16:Infinity":2,"s:13:52:16:Infinity":8,"b:13:52:13:Infinity:13:52:13:Infinity":3,"s:10:6:16:Infinity":9,"s:16:15:16:Infinity":10,"b:16:15:19:Infinity:19:10:19:Infinity":4,"s:16:15:19:Infinity":11,"b:16:15:16:Infinity:16:15:16:Infinity":5,"s:17:6:19:Infinity":12,"s:19:10:19:Infinity":13,"s:22:18:22:43":14,"b:22:43:23:Infinity:23:52:23:Infinity":6,"s:22:43:23:Infinity":15,"b:22:43:22:Infinity:22:43:22:Infinity":7,"s:23:17:23:Infinity":16,"f:23:17:23:23":2,"s:23:23:23:52":17,"s:23:52:23:Infinity":18,"b:23:52:26:Infinity:26:15:26:Infinity":8,"s:23:52:26:Infinity":19,"b:23:52:23:Infinity:23:52:23:Infinity":9,"s:20:6:26:Infinity":20,"s:26:15:26:Infinity":21,"b:26:15:27:Infinity:27:10:27:Infinity":10,"s:26:15:27:Infinity":22,"b:26:15:26:Infinity:26:15:26:Infinity:26:15:26:Infinity":11,"s:9:4:20:Infinity":23,"s:27:10:27:Infinity":24,"s:27:10:9:19":25}}}
}
